<?xml version="1.0" encoding="UTF-8"?>
<robot generator="Robot 7.3.2 (Python 3.13.1 on win32)" generated="2025-11-14T14:22:09.397266" rpa="false" schemaversion="5">
<suite id="s1" name="Login Tests" source="C:\Users\Anthony\Documents\Repos\sharerapy\tests\robot\E2E\login\login_tests.robot">
<test id="s1-t1" name="Successful Login To Sharerapy" line="7">
<kw name="Open Sharerapy Login Page" owner="login_resource">
<kw name="Open Browser" owner="SeleniumLibrary">
<msg time="2025-11-14T14:22:09.670464" level="INFO">Opening browser 'Chrome' to base url 'https://sharerapy-staging.vercel.app/'.</msg>
<arg>${URL}</arg>
<arg>${BROWSER}</arg>
<arg>options=add_argument("--headless=new");add_argument("--no-sandbox");add_argument("--disable-dev-shm-usage");add_argument("--disable-gpu");add_argument("--window-size=1920,1080")</arg>
<doc>Opens a new browser instance to the optional ``url``.</doc>
<status status="PASS" start="2025-11-14T14:22:09.670256" elapsed="1.674816"/>
</kw>
<kw name="Set Window Size" owner="SeleniumLibrary">
<arg>1920</arg>
<arg>1080</arg>
<doc>Sets current windows size to given ``width`` and ``height``.</doc>
<status status="PASS" start="2025-11-14T14:22:11.345384" elapsed="0.005649"/>
</kw>
<status status="PASS" start="2025-11-14T14:22:09.669767" elapsed="1.681411"/>
</kw>
<kw name="Login With Valid Credentials" owner="login_resource">
<kw name="Input Text" owner="SeleniumLibrary">
<msg time="2025-11-14T14:22:11.352311" level="INFO">Typing text 'testuser@email.com' into text field 'css=input[type="email"]'.</msg>
<msg time="2025-11-14T14:22:11.443182" level="INFO" html="true">&lt;/td&gt;&lt;/tr&gt;&lt;tr&gt;&lt;td colspan="3"&gt;&lt;a href="selenium-screenshot-13.png"&gt;&lt;img src="selenium-screenshot-13.png" width="800px"&gt;&lt;/a&gt;</msg>
<msg time="2025-11-14T14:22:11.443325" level="FAIL">Element with locator 'css=input[type="email"]' not found.</msg>
<arg>css=input[type="email"]</arg>
<arg>${VALID_USERNAME}</arg>
<doc>Types the given ``text`` into the text field identified by ``locator``.</doc>
<status status="FAIL" start="2025-11-14T14:22:11.351976" elapsed="0.101013">Element with locator 'css=input[type="email"]' not found.</status>
</kw>
<kw name="Input Text" owner="SeleniumLibrary">
<arg>css=input[type="password"]</arg>
<arg>${VALID_PASSWORD}</arg>
<doc>Types the given ``text`` into the text field identified by ``locator``.</doc>
<status status="NOT RUN" start="2025-11-14T14:22:11.453150" elapsed="0.000030"/>
</kw>
<kw name="Click Element" owner="SeleniumLibrary">
<arg>css=button[type="submit"]</arg>
<doc>Click the element identified by ``locator``.</doc>
<status status="NOT RUN" start="2025-11-14T14:22:11.453253" elapsed="0.000018"/>
</kw>
<status status="FAIL" start="2025-11-14T14:22:11.351704" elapsed="0.101662">Element with locator 'css=input[type="email"]' not found.</status>
</kw>
<kw name="Should See Landing Page" owner="login_resource">
<status status="NOT RUN" start="2025-11-14T14:22:11.453928" elapsed="0.000033"/>
</kw>
<kw name="Close Browser" owner="SeleniumLibrary">
<doc>Closes the current browser.</doc>
<status status="NOT RUN" start="2025-11-14T14:22:11.454372" elapsed="0.000062"/>
</kw>
<doc>This test checks if login works with correct credentials</doc>
<status status="FAIL" start="2025-11-14T14:22:09.669120" elapsed="1.785706">Element with locator 'css=input[type="email"]' not found.</status>
</test>
<test id="s1-t2" name="Logging in with Invalid Credentials" line="14">
<kw name="Open Sharerapy Login Page" owner="login_resource">
<kw name="Open Browser" owner="SeleniumLibrary">
<msg time="2025-11-14T14:22:11.456488" level="INFO">Opening browser 'Chrome' to base url 'https://sharerapy-staging.vercel.app/'.</msg>
<arg>${URL}</arg>
<arg>${BROWSER}</arg>
<arg>options=add_argument("--headless=new");add_argument("--no-sandbox");add_argument("--disable-dev-shm-usage");add_argument("--disable-gpu");add_argument("--window-size=1920,1080")</arg>
<doc>Opens a new browser instance to the optional ``url``.</doc>
<status status="PASS" start="2025-11-14T14:22:11.456325" elapsed="3.112124"/>
</kw>
<kw name="Set Window Size" owner="SeleniumLibrary">
<arg>1920</arg>
<arg>1080</arg>
<doc>Sets current windows size to given ``width`` and ``height``.</doc>
<status status="PASS" start="2025-11-14T14:22:14.568639" elapsed="0.006195"/>
</kw>
<status status="PASS" start="2025-11-14T14:22:11.456151" elapsed="3.118834"/>
</kw>
<kw name="Login With Invalid Credentials" owner="login_resource">
<kw name="Input Text" owner="SeleniumLibrary">
<msg time="2025-11-14T14:22:14.575744" level="INFO">Typing text 'test@email.com' into text field 'css=input[type="email"]'.</msg>
<arg>css=input[type="email"]</arg>
<arg>${INVALID_USERNAME}</arg>
<doc>Types the given ``text`` into the text field identified by ``locator``.</doc>
<status status="PASS" start="2025-11-14T14:22:14.575571" elapsed="0.169910"/>
</kw>
<kw name="Input Text" owner="SeleniumLibrary">
<msg time="2025-11-14T14:22:14.745935" level="INFO">Typing text 'testtesttest' into text field 'css=input[type="password"]'.</msg>
<arg>css=input[type="password"]</arg>
<arg>${INVALID_PASSWORD}</arg>
<doc>Types the given ``text`` into the text field identified by ``locator``.</doc>
<status status="PASS" start="2025-11-14T14:22:14.745689" elapsed="0.100328"/>
</kw>
<kw name="Click Element" owner="SeleniumLibrary">
<msg time="2025-11-14T14:22:14.846334" level="INFO">Clicking element 'css=button[type="submit"]'.</msg>
<arg>css=button[type="submit"]</arg>
<doc>Click the element identified by ``locator``.</doc>
<status status="PASS" start="2025-11-14T14:22:14.846166" elapsed="0.084060"/>
</kw>
<status status="PASS" start="2025-11-14T14:22:14.575373" elapsed="0.354966"/>
</kw>
<kw name="Should See Error Prompt" owner="login_resource">
<kw name="Wait Until Page Contains" owner="SeleniumLibrary">
<arg>Invalid credentials</arg>
<arg>10s</arg>
<doc>Waits until ``text`` appears on the current page.</doc>
<status status="PASS" start="2025-11-14T14:22:14.931025" elapsed="1.270508"/>
</kw>
<status status="PASS" start="2025-11-14T14:22:14.930778" elapsed="1.270862"/>
</kw>
<kw name="Close Browser" owner="SeleniumLibrary">
<doc>Closes the current browser.</doc>
<status status="PASS" start="2025-11-14T14:22:16.202122" elapsed="2.105969"/>
</kw>
<doc>This test checks if a user is unable to log in using invalid credentials</doc>
<status status="PASS" start="2025-11-14T14:22:11.455685" elapsed="6.853378"/>
</test>
<test id="s1-t3" name="Successful Login with Logout" line="21">
<kw name="Open Sharerapy Login Page" owner="login_resource">
<kw name="Open Browser" owner="SeleniumLibrary">
<msg time="2025-11-14T14:22:18.311812" level="INFO">Opening browser 'Chrome' to base url 'https://sharerapy-staging.vercel.app/'.</msg>
<arg>${URL}</arg>
<arg>${BROWSER}</arg>
<arg>options=add_argument("--headless=new");add_argument("--no-sandbox");add_argument("--disable-dev-shm-usage");add_argument("--disable-gpu");add_argument("--window-size=1920,1080")</arg>
<doc>Opens a new browser instance to the optional ``url``.</doc>
<status status="PASS" start="2025-11-14T14:22:18.311428" elapsed="3.068002"/>
</kw>
<kw name="Set Window Size" owner="SeleniumLibrary">
<arg>1920</arg>
<arg>1080</arg>
<doc>Sets current windows size to given ``width`` and ``height``.</doc>
<status status="PASS" start="2025-11-14T14:22:21.379593" elapsed="0.007576"/>
</kw>
<status status="PASS" start="2025-11-14T14:22:18.311005" elapsed="3.076319"/>
</kw>
<kw name="Login With Valid Credentials" owner="login_resource">
<kw name="Input Text" owner="SeleniumLibrary">
<msg time="2025-11-14T14:22:21.388419" level="INFO">Typing text 'testuser@email.com' into text field 'css=input[type="email"]'.</msg>
<arg>css=input[type="email"]</arg>
<arg>${VALID_USERNAME}</arg>
<doc>Types the given ``text`` into the text field identified by ``locator``.</doc>
<status status="PASS" start="2025-11-14T14:22:21.388125" elapsed="0.289528"/>
</kw>
<kw name="Input Text" owner="SeleniumLibrary">
<msg time="2025-11-14T14:22:21.679512" level="INFO">Typing text 'testuserpw' into text field 'css=input[type="password"]'.</msg>
<arg>css=input[type="password"]</arg>
<arg>${VALID_PASSWORD}</arg>
<doc>Types the given ``text`` into the text field identified by ``locator``.</doc>
<status status="PASS" start="2025-11-14T14:22:21.677983" elapsed="0.090047"/>
</kw>
<kw name="Click Element" owner="SeleniumLibrary">
<msg time="2025-11-14T14:22:21.768421" level="INFO">Clicking element 'css=button[type="submit"]'.</msg>
<arg>css=button[type="submit"]</arg>
<doc>Click the element identified by ``locator``.</doc>
<status status="PASS" start="2025-11-14T14:22:21.768213" elapsed="0.063174"/>
</kw>
<status status="PASS" start="2025-11-14T14:22:21.387754" elapsed="0.443770"/>
</kw>
<kw name="Should See Landing Page" owner="login_resource">
<kw name="Wait Until Page Contains" owner="SeleniumLibrary">
<arg>Share Knowledge</arg>
<arg>20s</arg>
<doc>Waits until ``text`` appears on the current page.</doc>
<status status="PASS" start="2025-11-14T14:22:21.832137" elapsed="2.308761"/>
</kw>
<status status="PASS" start="2025-11-14T14:22:21.831869" elapsed="2.309166"/>
</kw>
<kw name="Logout" owner="login_resource">
<kw name="Wait Until Page Does Not Contain" owner="SeleniumLibrary">
<arg>Successfully</arg>
<arg>10s</arg>
<doc>Waits until ``text`` disappears from the current page.</doc>
<status status="PASS" start="2025-11-14T14:22:24.141701" elapsed="3.768476"/>
</kw>
<kw name="Click Element" owner="SeleniumLibrary">
<msg time="2025-11-14T14:22:27.910507" level="INFO">Clicking element 'xpath=//button[normalize-space(.)="Logout"]'.</msg>
<arg>xpath=//button[normalize-space(.)="Logout"]</arg>
<doc>Click the element identified by ``locator``.</doc>
<status status="PASS" start="2025-11-14T14:22:27.910336" elapsed="0.056444"/>
</kw>
<status status="PASS" start="2025-11-14T14:22:24.141462" elapsed="3.825455"/>
</kw>
<kw name="Close Browser" owner="SeleniumLibrary">
<doc>Closes the current browser.</doc>
<status status="PASS" start="2025-11-14T14:22:27.967355" elapsed="2.113576"/>
</kw>
<doc>This test checks if login works with correct credentials</doc>
<status status="PASS" start="2025-11-14T14:22:18.309934" elapsed="11.771346"/>
</test>
<doc>Test case for different inputs on login to Sharerapy</doc>
<status status="FAIL" start="2025-11-14T14:22:09.398278" elapsed="20.683979"/>
</suite>
<statistics>
<total>
<stat pass="2" fail="1" skip="0">All Tests</stat>
</total>
<tag>
</tag>
<suite>
<stat name="Login Tests" id="s1" pass="2" fail="1" skip="0">Login Tests</stat>
</suite>
</statistics>
<errors>
</errors>
</robot>
