<?xml version="1.0" encoding="UTF-8"?>
<robot generator="Robot 7.1.1 (Python 3.13.3 on win32)" generated="2025-11-29T16:07:03.572953" rpa="false" schemaversion="5">
<suite id="s1" name="Create Report Tests" source="C:\Users\marie\OneDrive\Documents\GitHub\sharerapy\tests\robot\e2e\report\create_report_tests.robot">
<test id="s1-t1" name="Successful Create Report - Normal Data" line="7">
<kw name="Open Sharerapy Login Page" owner="create_report_resource">
<kw name="Open Browser" owner="SeleniumLibrary">
<msg time="2025-11-29T16:07:03.790677" level="INFO">Opening browser 'Chrome' to base url 'https://sharerapy-staging.vercel.app/'.</msg>
<arg>${URL}</arg>
<arg>${BROWSER}</arg>
<arg>options=add_argument("--headless");add_argument("--no-sandbox");add_argument("--disable-dev-shm-usage");add_argument("--disable-gpu");add_argument("--window-size=1920,1080");add_argument("--disable-web-security");add_argument("--allow-running-insecure-content");add_argument("--disable-password-manager-reauthentication");add_argument("--disable-features=VizDisplayCompositor");add_argument("--disable-notifications");add_argument("--disable-infobars")</arg>
<doc>Opens a new browser instance to the optional ``url``.</doc>
<status status="PASS" start="2025-11-29T16:07:03.790489" elapsed="4.370675"/>
</kw>
<kw name="Set Window Size" owner="SeleniumLibrary">
<arg>1920</arg>
<arg>1080</arg>
<doc>Sets current windows size to given ``width`` and ``height``.</doc>
<status status="PASS" start="2025-11-29T16:07:08.161345" elapsed="0.002881"/>
</kw>
<status status="PASS" start="2025-11-29T16:07:03.790044" elapsed="4.374296"/>
</kw>
<kw name="Login With Valid Credentials" owner="create_report_resource">
<kw name="Input Text" owner="SeleniumLibrary">
<msg time="2025-11-29T16:07:08.165148" level="INFO">Typing text 'e2e@email.com' into text field 'css=input[type="email"]'.</msg>
<arg>css=input[type="email"]</arg>
<arg>${VALID_USERNAME}</arg>
<doc>Types the given ``text`` into the text field identified by ``locator``.</doc>
<status status="PASS" start="2025-11-29T16:07:08.164810" elapsed="0.082264"/>
</kw>
<kw name="Input Text" owner="SeleniumLibrary">
<msg time="2025-11-29T16:07:08.247509" level="INFO">Typing text 'mariel' into text field 'css=input[type="password"]'.</msg>
<arg>css=input[type="password"]</arg>
<arg>${VALID_PASSWORD}</arg>
<doc>Types the given ``text`` into the text field identified by ``locator``.</doc>
<status status="PASS" start="2025-11-29T16:07:08.247218" elapsed="0.053675"/>
</kw>
<kw name="Click Element" owner="SeleniumLibrary">
<msg time="2025-11-29T16:07:08.301177" level="INFO">Clicking element 'css=button[type="submit"]'.</msg>
<arg>css=button[type="submit"]</arg>
<doc>Click the element identified by ``locator``.</doc>
<status status="PASS" start="2025-11-29T16:07:08.301040" elapsed="0.038159"/>
</kw>
<status status="PASS" start="2025-11-29T16:07:08.164600" elapsed="0.174692"/>
</kw>
<kw name="Should See Landing Page" owner="create_report_resource">
<kw name="Wait Until Page Contains" owner="SeleniumLibrary">
<arg>Share Knowledge</arg>
<arg>30s</arg>
<doc>Waits until ``text`` appears on the current page.</doc>
<status status="PASS" start="2025-11-29T16:07:08.339722" elapsed="2.531466"/>
</kw>
<status status="PASS" start="2025-11-29T16:07:08.339536" elapsed="2.531796"/>
</kw>
<kw name="Click Reports From Landing" owner="create_report_resource">
<kw name="Wait Until Page Contains" owner="SeleniumLibrary">
<arg>Reports</arg>
<arg>30s</arg>
<doc>Waits until ``text`` appears on the current page.</doc>
<status status="PASS" start="2025-11-29T16:07:10.872033" elapsed="0.015073"/>
</kw>
<kw name="Sleep" owner="BuiltIn">
<msg time="2025-11-29T16:07:13.887981" level="INFO">Slept 3 seconds.</msg>
<arg>3s</arg>
<doc>Pauses the test executed for the given time.</doc>
<status status="PASS" start="2025-11-29T16:07:10.887371" elapsed="3.000720"/>
</kw>
<kw name="Execute Javascript" owner="SeleniumLibrary">
<msg time="2025-11-29T16:07:13.889012" level="INFO">Executing JavaScript:
document.getElementById('landing-reports-btn').click()
Without any arguments.</msg>
<arg>document.getElementById('landing-reports-btn').click()</arg>
<doc>Executes the given JavaScript code with possible arguments.</doc>
<status status="PASS" start="2025-11-29T16:07:13.888253" elapsed="0.011599"/>
</kw>
<status status="PASS" start="2025-11-29T16:07:10.871730" elapsed="3.028207"/>
</kw>
<kw name="Should See Reports Page" owner="create_report_resource">
<kw name="Wait Until Page Contains" owner="SeleniumLibrary">
<arg>Create Report</arg>
<arg>30s</arg>
<doc>Waits until ``text`` appears on the current page.</doc>
<status status="PASS" start="2025-11-29T16:07:13.900396" elapsed="2.756083"/>
</kw>
<status status="PASS" start="2025-11-29T16:07:13.900209" elapsed="2.756516"/>
</kw>
<kw name="Click Create Report" owner="create_report_resource">
<kw name="Wait Until Element Is Visible" owner="SeleniumLibrary">
<arg>id=sidebar-create-report-link</arg>
<arg>30s</arg>
<doc>Waits until the element ``locator`` is visible.</doc>
<status status="PASS" start="2025-11-29T16:07:16.657681" elapsed="0.020249"/>
</kw>
<kw name="Execute Javascript" owner="SeleniumLibrary">
<msg time="2025-11-29T16:07:16.678903" level="INFO">Executing JavaScript:
document.getElementById('sidebar-create-report-link').click()
Without any arguments.</msg>
<arg>document.getElementById('sidebar-create-report-link').click()</arg>
<doc>Executes the given JavaScript code with possible arguments.</doc>
<status status="PASS" start="2025-11-29T16:07:16.678295" elapsed="0.006464"/>
</kw>
<kw name="Sleep" owner="BuiltIn">
<msg time="2025-11-29T16:07:18.685762" level="INFO">Slept 2 seconds.</msg>
<arg>2s</arg>
<doc>Pauses the test executed for the given time.</doc>
<status status="PASS" start="2025-11-29T16:07:16.684912" elapsed="2.000946"/>
</kw>
<status status="PASS" start="2025-11-29T16:07:16.657360" elapsed="2.028584"/>
</kw>
<kw name="Input Report Details With Data" owner="create_report_resource">
<kw name="Wait Until Page Contains" owner="SeleniumLibrary">
<arg>Patient Details</arg>
<arg>30s</arg>
<doc>Waits until ``text`` appears on the current page.</doc>
<status status="PASS" start="2025-11-29T16:07:18.687249" elapsed="0.081540"/>
</kw>
<kw name="Sleep" owner="BuiltIn">
<msg time="2025-11-29T16:07:21.770063" level="INFO">Slept 3 seconds.</msg>
<arg>3s</arg>
<doc>Pauses the test executed for the given time.</doc>
<status status="PASS" start="2025-11-29T16:07:18.768943" elapsed="3.001337"/>
</kw>
<kw name="Wait Until Element Is Visible" owner="SeleniumLibrary">
<arg>id=react-select-create-edit-report-country-select-input</arg>
<arg>30s</arg>
<doc>Waits until the element ``locator`` is visible.</doc>
<status status="PASS" start="2025-11-29T16:07:21.770647" elapsed="0.026471"/>
</kw>
<kw name="Wait Until Element Is Enabled" owner="SeleniumLibrary">
<arg>id=react-select-create-edit-report-country-select-input</arg>
<arg>10s</arg>
<doc>Waits until the element ``locator`` is enabled.</doc>
<status status="PASS" start="2025-11-29T16:07:21.797244" elapsed="0.013050"/>
</kw>
<kw name="Click Element" owner="SeleniumLibrary">
<msg time="2025-11-29T16:07:21.810545" level="INFO">Clicking element 'id=react-select-create-edit-report-country-select-input'.</msg>
<arg>id=react-select-create-edit-report-country-select-input</arg>
<doc>Click the element identified by ``locator``.</doc>
<status status="PASS" start="2025-11-29T16:07:21.810420" elapsed="0.047305"/>
</kw>
<kw name="Sleep" owner="BuiltIn">
<msg time="2025-11-29T16:07:23.859468" level="INFO">Slept 2 seconds.</msg>
<arg>2s</arg>
<doc>Pauses the test executed for the given time.</doc>
<status status="PASS" start="2025-11-29T16:07:21.858759" elapsed="2.000846"/>
</kw>
<kw name="Press Keys" owner="SeleniumLibrary">
<msg time="2025-11-29T16:07:23.860109" level="INFO">Sending key(s) ('ARROW_DOWN',) to id=react-select-create-edit-report-country-select-input element.</msg>
<msg time="2025-11-29T16:07:24.130315" level="INFO">Pressing special key ARROW_DOWN to element.</msg>
<msg time="2025-11-29T16:07:24.130517" level="INFO">Releasing special key ARROW_DOWN.</msg>
<arg>id=react-select-create-edit-report-country-select-input</arg>
<arg>ARROW_DOWN</arg>
<doc>Simulates the user pressing key(s) to an element or on the active browser.</doc>
<status status="PASS" start="2025-11-29T16:07:23.859815" elapsed="0.277686"/>
</kw>
<kw name="Sleep" owner="BuiltIn">
<msg time="2025-11-29T16:07:25.138095" level="INFO">Slept 1 second.</msg>
<arg>1s</arg>
<doc>Pauses the test executed for the given time.</doc>
<status status="PASS" start="2025-11-29T16:07:24.137648" elapsed="1.000541"/>
</kw>
<kw name="Press Keys" owner="SeleniumLibrary">
<msg time="2025-11-29T16:07:25.138674" level="INFO">Sending key(s) ('RETURN',) to id=react-select-create-edit-report-country-select-input element.</msg>
<msg time="2025-11-29T16:07:25.416352" level="INFO">Pressing special key RETURN to element.</msg>
<msg time="2025-11-29T16:07:25.416413" level="INFO">Releasing special key RETURN.</msg>
<arg>id=react-select-create-edit-report-country-select-input</arg>
<arg>RETURN</arg>
<doc>Simulates the user pressing key(s) to an element or on the active browser.</doc>
<status status="PASS" start="2025-11-29T16:07:25.138349" elapsed="0.289384"/>
</kw>
<kw name="Sleep" owner="BuiltIn">
<msg time="2025-11-29T16:07:26.428400" level="INFO">Slept 1 second.</msg>
<arg>1s</arg>
<doc>Pauses the test executed for the given time.</doc>
<status status="PASS" start="2025-11-29T16:07:25.427868" elapsed="1.000621"/>
</kw>
<kw name="Run Keyword If" owner="BuiltIn">
<kw name="Input Text With Focus" owner="create_report_resource">
<kw name="Wait Until Element Is Visible" owner="SeleniumLibrary">
<arg>${locator}</arg>
<arg>30s</arg>
<doc>Waits until the element ``locator`` is visible.</doc>
<status status="PASS" start="2025-11-29T16:07:26.429199" elapsed="0.012713"/>
</kw>
<kw name="Wait Until Element Is Enabled" owner="SeleniumLibrary">
<arg>${locator}</arg>
<arg>10s</arg>
<doc>Waits until the element ``locator`` is enabled.</doc>
<status status="PASS" start="2025-11-29T16:07:26.442049" elapsed="0.012190"/>
</kw>
<kw name="Click Element" owner="SeleniumLibrary">
<msg time="2025-11-29T16:07:26.454702" level="INFO">Clicking element 'id=create-edit-report-first-name-input'.</msg>
<arg>${locator}</arg>
<doc>Click the element identified by ``locator``.</doc>
<status status="PASS" start="2025-11-29T16:07:26.454391" elapsed="0.050015"/>
</kw>
<kw name="Sleep" owner="BuiltIn">
<msg time="2025-11-29T16:07:27.005171" level="INFO">Slept 500 milliseconds.</msg>
<arg>0.5s</arg>
<doc>Pauses the test executed for the given time.</doc>
<status status="PASS" start="2025-11-29T16:07:26.504544" elapsed="0.500732"/>
</kw>
<kw name="Clear Element Text" owner="SeleniumLibrary">
<arg>${locator}</arg>
<doc>Clears the value of the text-input-element identified by ``locator``.</doc>
<status status="PASS" start="2025-11-29T16:07:27.005422" elapsed="0.023906"/>
</kw>
<kw name="Sleep" owner="BuiltIn">
<msg time="2025-11-29T16:07:27.529820" level="INFO">Slept 500 milliseconds.</msg>
<arg>0.5s</arg>
<doc>Pauses the test executed for the given time.</doc>
<status status="PASS" start="2025-11-29T16:07:27.029496" elapsed="0.500521"/>
</kw>
<kw name="Input Text" owner="SeleniumLibrary">
<msg time="2025-11-29T16:07:27.530546" level="INFO">Typing text 'John' into text field 'id=create-edit-report-first-name-input'.</msg>
<arg>${locator}</arg>
<arg>${text}</arg>
<doc>Types the given ``text`` into the text field identified by ``locator``.</doc>
<status status="PASS" start="2025-11-29T16:07:27.530306" elapsed="0.064092"/>
</kw>
<kw name="Sleep" owner="BuiltIn">
<msg time="2025-11-29T16:07:28.095201" level="INFO">Slept 500 milliseconds.</msg>
<arg>0.5s</arg>
<doc>Pauses the test executed for the given time.</doc>
<status status="PASS" start="2025-11-29T16:07:27.594594" elapsed="0.500707"/>
</kw>
<arg>id=create-edit-report-first-name-input</arg>
<arg>${first_name}</arg>
<doc>Input text with explicit focus and clearing for better reliability in CI</doc>
<status status="PASS" start="2025-11-29T16:07:26.428912" elapsed="1.666468"/>
</kw>
<arg>'${first_name}' != ''</arg>
<arg>Input Text With Focus</arg>
<arg>id=create-edit-report-first-name-input</arg>
<arg>${first_name}</arg>
<doc>Runs the given keyword with the given arguments, if ``condition`` is true.</doc>
<status status="PASS" start="2025-11-29T16:07:26.428636" elapsed="1.666782"/>
</kw>
<kw name="Run Keyword If" owner="BuiltIn">
<kw name="Input Text With Focus" owner="create_report_resource">
<kw name="Wait Until Element Is Visible" owner="SeleniumLibrary">
<arg>${locator}</arg>
<arg>30s</arg>
<doc>Waits until the element ``locator`` is visible.</doc>
<status status="PASS" start="2025-11-29T16:07:28.095997" elapsed="0.013098"/>
</kw>
<kw name="Wait Until Element Is Enabled" owner="SeleniumLibrary">
<arg>${locator}</arg>
<arg>10s</arg>
<doc>Waits until the element ``locator`` is enabled.</doc>
<status status="PASS" start="2025-11-29T16:07:28.109270" elapsed="0.017909"/>
</kw>
<kw name="Click Element" owner="SeleniumLibrary">
<msg time="2025-11-29T16:07:28.127628" level="INFO">Clicking element 'id=create-edit-report-last-name-input'.</msg>
<arg>${locator}</arg>
<doc>Click the element identified by ``locator``.</doc>
<status status="PASS" start="2025-11-29T16:07:28.127388" elapsed="0.061984"/>
</kw>
<kw name="Sleep" owner="BuiltIn">
<msg time="2025-11-29T16:07:28.690447" level="INFO">Slept 500 milliseconds.</msg>
<arg>0.5s</arg>
<doc>Pauses the test executed for the given time.</doc>
<status status="PASS" start="2025-11-29T16:07:28.189570" elapsed="0.501001"/>
</kw>
<kw name="Clear Element Text" owner="SeleniumLibrary">
<arg>${locator}</arg>
<doc>Clears the value of the text-input-element identified by ``locator``.</doc>
<status status="PASS" start="2025-11-29T16:07:28.690729" elapsed="0.016268"/>
</kw>
<kw name="Sleep" owner="BuiltIn">
<msg time="2025-11-29T16:07:29.208249" level="INFO">Slept 500 milliseconds.</msg>
<arg>0.5s</arg>
<doc>Pauses the test executed for the given time.</doc>
<status status="PASS" start="2025-11-29T16:07:28.707126" elapsed="0.501286"/>
</kw>
<kw name="Input Text" owner="SeleniumLibrary">
<msg time="2025-11-29T16:07:29.208936" level="INFO">Typing text 'Doe' into text field 'id=create-edit-report-last-name-input'.</msg>
<arg>${locator}</arg>
<arg>${text}</arg>
<doc>Types the given ``text`` into the text field identified by ``locator``.</doc>
<status status="PASS" start="2025-11-29T16:07:29.208640" elapsed="0.084790"/>
</kw>
<kw name="Sleep" owner="BuiltIn">
<msg time="2025-11-29T16:07:29.794439" level="INFO">Slept 500 milliseconds.</msg>
<arg>0.5s</arg>
<doc>Pauses the test executed for the given time.</doc>
<status status="PASS" start="2025-11-29T16:07:29.293654" elapsed="0.500982"/>
</kw>
<arg>id=create-edit-report-last-name-input</arg>
<arg>${last_name}</arg>
<doc>Input text with explicit focus and clearing for better reliability in CI</doc>
<status status="PASS" start="2025-11-29T16:07:28.095796" elapsed="1.699064"/>
</kw>
<arg>'${last_name}' != ''</arg>
<arg>Input Text With Focus</arg>
<arg>id=create-edit-report-last-name-input</arg>
<arg>${last_name}</arg>
<doc>Runs the given keyword with the given arguments, if ``condition`` is true.</doc>
<status status="PASS" start="2025-11-29T16:07:28.095537" elapsed="1.699452"/>
</kw>
<kw name="Run Keyword If" owner="BuiltIn">
<kw name="Input Text With Focus" owner="create_report_resource">
<kw name="Wait Until Element Is Visible" owner="SeleniumLibrary">
<arg>${locator}</arg>
<arg>30s</arg>
<doc>Waits until the element ``locator`` is visible.</doc>
<status status="PASS" start="2025-11-29T16:07:29.796334" elapsed="0.014470"/>
</kw>
<kw name="Wait Until Element Is Enabled" owner="SeleniumLibrary">
<arg>${locator}</arg>
<arg>10s</arg>
<doc>Waits until the element ``locator`` is enabled.</doc>
<status status="PASS" start="2025-11-29T16:07:29.811005" elapsed="0.013186"/>
</kw>
<kw name="Click Element" owner="SeleniumLibrary">
<msg time="2025-11-29T16:07:29.824609" level="INFO">Clicking element 'id=create-edit-report-birthday-input'.</msg>
<arg>${locator}</arg>
<doc>Click the element identified by ``locator``.</doc>
<status status="PASS" start="2025-11-29T16:07:29.824324" elapsed="0.039841"/>
</kw>
<kw name="Sleep" owner="BuiltIn">
<msg time="2025-11-29T16:07:30.364987" level="INFO">Slept 500 milliseconds.</msg>
<arg>0.5s</arg>
<doc>Pauses the test executed for the given time.</doc>
<status status="PASS" start="2025-11-29T16:07:29.864321" elapsed="0.500839"/>
</kw>
<kw name="Clear Element Text" owner="SeleniumLibrary">
<arg>${locator}</arg>
<doc>Clears the value of the text-input-element identified by ``locator``.</doc>
<status status="PASS" start="2025-11-29T16:07:30.365301" elapsed="0.022486"/>
</kw>
<kw name="Sleep" owner="BuiltIn">
<msg time="2025-11-29T16:07:30.888390" level="INFO">Slept 500 milliseconds.</msg>
<arg>0.5s</arg>
<doc>Pauses the test executed for the given time.</doc>
<status status="PASS" start="2025-11-29T16:07:30.387931" elapsed="0.500560"/>
</kw>
<kw name="Input Text" owner="SeleniumLibrary">
<msg time="2025-11-29T16:07:30.888833" level="INFO">Typing text '01/15/1990' into text field 'id=create-edit-report-birthday-input'.</msg>
<arg>${locator}</arg>
<arg>${text}</arg>
<doc>Types the given ``text`` into the text field identified by ``locator``.</doc>
<status status="PASS" start="2025-11-29T16:07:30.888635" elapsed="0.106823"/>
</kw>
<kw name="Sleep" owner="BuiltIn">
<msg time="2025-11-29T16:07:31.496499" level="INFO">Slept 500 milliseconds.</msg>
<arg>0.5s</arg>
<doc>Pauses the test executed for the given time.</doc>
<status status="PASS" start="2025-11-29T16:07:30.995684" elapsed="0.500953"/>
</kw>
<arg>id=create-edit-report-birthday-input</arg>
<arg>${birthdate}</arg>
<doc>Input text with explicit focus and clearing for better reliability in CI</doc>
<status status="PASS" start="2025-11-29T16:07:29.796108" elapsed="1.700642"/>
</kw>
<arg>'${birthdate}' != ''</arg>
<arg>Input Text With Focus</arg>
<arg>id=create-edit-report-birthday-input</arg>
<arg>${birthdate}</arg>
<doc>Runs the given keyword with the given arguments, if ``condition`` is true.</doc>
<status status="PASS" start="2025-11-29T16:07:29.795376" elapsed="1.701437"/>
</kw>
<kw name="Run Keyword If" owner="BuiltIn">
<kw name="Input Text With Focus" owner="create_report_resource">
<kw name="Wait Until Element Is Visible" owner="SeleniumLibrary">
<arg>${locator}</arg>
<arg>30s</arg>
<doc>Waits until the element ``locator`` is visible.</doc>
<status status="PASS" start="2025-11-29T16:07:31.497888" elapsed="0.030566"/>
</kw>
<kw name="Wait Until Element Is Enabled" owner="SeleniumLibrary">
<arg>${locator}</arg>
<arg>10s</arg>
<doc>Waits until the element ``locator`` is enabled.</doc>
<status status="PASS" start="2025-11-29T16:07:31.528760" elapsed="0.014954"/>
</kw>
<kw name="Click Element" owner="SeleniumLibrary">
<msg time="2025-11-29T16:07:31.544005" level="INFO">Clicking element 'id=create-edit-report-contact-number-input'.</msg>
<arg>${locator}</arg>
<doc>Click the element identified by ``locator``.</doc>
<status status="PASS" start="2025-11-29T16:07:31.543852" elapsed="0.032930"/>
</kw>
<kw name="Sleep" owner="BuiltIn">
<msg time="2025-11-29T16:07:32.077420" level="INFO">Slept 500 milliseconds.</msg>
<arg>0.5s</arg>
<doc>Pauses the test executed for the given time.</doc>
<status status="PASS" start="2025-11-29T16:07:31.576928" elapsed="0.500624"/>
</kw>
<kw name="Clear Element Text" owner="SeleniumLibrary">
<arg>${locator}</arg>
<doc>Clears the value of the text-input-element identified by ``locator``.</doc>
<status status="PASS" start="2025-11-29T16:07:32.077752" elapsed="0.037126"/>
</kw>
<kw name="Sleep" owner="BuiltIn">
<msg time="2025-11-29T16:07:32.615846" level="INFO">Slept 500 milliseconds.</msg>
<arg>0.5s</arg>
<doc>Pauses the test executed for the given time.</doc>
<status status="PASS" start="2025-11-29T16:07:32.115100" elapsed="0.500990"/>
</kw>
<kw name="Input Text" owner="SeleniumLibrary">
<msg time="2025-11-29T16:07:32.617094" level="INFO">Typing text '1234567890' into text field 'id=create-edit-report-contact-number-input'.</msg>
<arg>${locator}</arg>
<arg>${text}</arg>
<doc>Types the given ``text`` into the text field identified by ``locator``.</doc>
<status status="PASS" start="2025-11-29T16:07:32.616520" elapsed="0.080941"/>
</kw>
<kw name="Sleep" owner="BuiltIn">
<msg time="2025-11-29T16:07:33.198144" level="INFO">Slept 500 milliseconds.</msg>
<arg>0.5s</arg>
<doc>Pauses the test executed for the given time.</doc>
<status status="PASS" start="2025-11-29T16:07:32.697595" elapsed="0.500838"/>
</kw>
<arg>id=create-edit-report-contact-number-input</arg>
<arg>${contact_number}</arg>
<doc>Input text with explicit focus and clearing for better reliability in CI</doc>
<status status="PASS" start="2025-11-29T16:07:31.497357" elapsed="1.701363"/>
</kw>
<arg>'${contact_number}' != ''</arg>
<arg>Input Text With Focus</arg>
<arg>id=create-edit-report-contact-number-input</arg>
<arg>${contact_number}</arg>
<doc>Runs the given keyword with the given arguments, if ``condition`` is true.</doc>
<status status="PASS" start="2025-11-29T16:07:31.496979" elapsed="1.701928"/>
</kw>
<kw name="Wait Until Element Is Visible" owner="SeleniumLibrary">
<arg>id=react-select-create-edit-report-sex-select-input</arg>
<arg>30s</arg>
<doc>Waits until the element ``locator`` is visible.</doc>
<status status="PASS" start="2025-11-29T16:07:33.199282" elapsed="0.021819"/>
</kw>
<kw name="Wait Until Element Is Enabled" owner="SeleniumLibrary">
<arg>id=react-select-create-edit-report-sex-select-input</arg>
<arg>10s</arg>
<doc>Waits until the element ``locator`` is enabled.</doc>
<status status="PASS" start="2025-11-29T16:07:33.221398" elapsed="0.015063"/>
</kw>
<kw name="Click Element" owner="SeleniumLibrary">
<msg time="2025-11-29T16:07:33.236840" level="INFO">Clicking element 'id=react-select-create-edit-report-sex-select-input'.</msg>
<arg>id=react-select-create-edit-report-sex-select-input</arg>
<doc>Click the element identified by ``locator``.</doc>
<status status="PASS" start="2025-11-29T16:07:33.236638" elapsed="0.036455"/>
</kw>
<kw name="Sleep" owner="BuiltIn">
<msg time="2025-11-29T16:07:35.273548" level="INFO">Slept 2 seconds.</msg>
<arg>2s</arg>
<doc>Pauses the test executed for the given time.</doc>
<status status="PASS" start="2025-11-29T16:07:33.273240" elapsed="2.000457"/>
</kw>
<kw name="Press Keys" owner="SeleniumLibrary">
<msg time="2025-11-29T16:07:35.274176" level="INFO">Sending key(s) ('ARROW_DOWN',) to id=react-select-create-edit-report-sex-select-input element.</msg>
<msg time="2025-11-29T16:07:35.550421" level="INFO">Pressing special key ARROW_DOWN to element.</msg>
<msg time="2025-11-29T16:07:35.550478" level="INFO">Releasing special key ARROW_DOWN.</msg>
<arg>id=react-select-create-edit-report-sex-select-input</arg>
<arg>ARROW_DOWN</arg>
<doc>Simulates the user pressing key(s) to an element or on the active browser.</doc>
<status status="PASS" start="2025-11-29T16:07:35.273912" elapsed="0.281555"/>
</kw>
<kw name="Sleep" owner="BuiltIn">
<msg time="2025-11-29T16:07:36.556695" level="INFO">Slept 1 second.</msg>
<arg>1s</arg>
<doc>Pauses the test executed for the given time.</doc>
<status status="PASS" start="2025-11-29T16:07:35.555643" elapsed="1.001355"/>
</kw>
<kw name="Press Keys" owner="SeleniumLibrary">
<msg time="2025-11-29T16:07:36.558329" level="INFO">Sending key(s) ('RETURN',) to id=react-select-create-edit-report-sex-select-input element.</msg>
<msg time="2025-11-29T16:07:36.834763" level="INFO">Pressing special key RETURN to element.</msg>
<msg time="2025-11-29T16:07:36.834887" level="INFO">Releasing special key RETURN.</msg>
<arg>id=react-select-create-edit-report-sex-select-input</arg>
<arg>RETURN</arg>
<doc>Simulates the user pressing key(s) to an element or on the active browser.</doc>
<status status="PASS" start="2025-11-29T16:07:36.557498" elapsed="0.300770"/>
</kw>
<kw name="Sleep" owner="BuiltIn">
<msg time="2025-11-29T16:07:37.859318" level="INFO">Slept 1 second.</msg>
<arg>1s</arg>
<doc>Pauses the test executed for the given time.</doc>
<status status="PASS" start="2025-11-29T16:07:36.858457" elapsed="1.001240"/>
</kw>
<kw name="Run Keyword If" owner="BuiltIn">
<kw name="Input Text With Focus" owner="create_report_resource">
<kw name="Wait Until Element Is Visible" owner="SeleniumLibrary">
<arg>${locator}</arg>
<arg>30s</arg>
<doc>Waits until the element ``locator`` is visible.</doc>
<status status="PASS" start="2025-11-29T16:07:37.861490" elapsed="0.032097"/>
</kw>
<kw name="Wait Until Element Is Enabled" owner="SeleniumLibrary">
<arg>${locator}</arg>
<arg>10s</arg>
<doc>Waits until the element ``locator`` is enabled.</doc>
<status status="PASS" start="2025-11-29T16:07:37.893727" elapsed="0.015378"/>
</kw>
<kw name="Click Element" owner="SeleniumLibrary">
<msg time="2025-11-29T16:07:37.909371" level="INFO">Clicking element 'id=create-edit-report-title-input'.</msg>
<arg>${locator}</arg>
<doc>Click the element identified by ``locator``.</doc>
<status status="PASS" start="2025-11-29T16:07:37.909224" elapsed="0.036546"/>
</kw>
<kw name="Sleep" owner="BuiltIn">
<msg time="2025-11-29T16:07:38.446867" level="INFO">Slept 500 milliseconds.</msg>
<arg>0.5s</arg>
<doc>Pauses the test executed for the given time.</doc>
<status status="PASS" start="2025-11-29T16:07:37.945991" elapsed="0.501162"/>
</kw>
<kw name="Clear Element Text" owner="SeleniumLibrary">
<arg>${locator}</arg>
<doc>Clears the value of the text-input-element identified by ``locator``.</doc>
<status status="PASS" start="2025-11-29T16:07:38.447602" elapsed="0.029476"/>
</kw>
<kw name="Sleep" owner="BuiltIn">
<msg time="2025-11-29T16:07:38.977962" level="INFO">Slept 500 milliseconds.</msg>
<arg>0.5s</arg>
<doc>Pauses the test executed for the given time.</doc>
<status status="PASS" start="2025-11-29T16:07:38.477242" elapsed="0.501200"/>
</kw>
<kw name="Input Text" owner="SeleniumLibrary">
<msg time="2025-11-29T16:07:38.979479" level="INFO">Typing text '[E2E_TEST] Report Title' into text field 'id=create-edit-report-title-input'.</msg>
<arg>${locator}</arg>
<arg>${text}</arg>
<doc>Types the given ``text`` into the text field identified by ``locator``.</doc>
<status status="PASS" start="2025-11-29T16:07:38.978907" elapsed="0.170646"/>
</kw>
<kw name="Sleep" owner="BuiltIn">
<msg time="2025-11-29T16:07:39.650341" level="INFO">Slept 500 milliseconds.</msg>
<arg>0.5s</arg>
<doc>Pauses the test executed for the given time.</doc>
<status status="PASS" start="2025-11-29T16:07:39.149755" elapsed="0.500847"/>
</kw>
<arg>id=create-edit-report-title-input</arg>
<arg>${report_title}</arg>
<doc>Input text with explicit focus and clearing for better reliability in CI</doc>
<status status="PASS" start="2025-11-29T16:07:37.860864" elapsed="1.789968"/>
</kw>
<arg>'${report_title}' != ''</arg>
<arg>Input Text With Focus</arg>
<arg>id=create-edit-report-title-input</arg>
<arg>${report_title}</arg>
<doc>Runs the given keyword with the given arguments, if ``condition`` is true.</doc>
<status status="PASS" start="2025-11-29T16:07:37.860151" elapsed="1.790816"/>
</kw>
<kw name="Run Keyword If" owner="BuiltIn">
<kw name="Input Text With Focus" owner="create_report_resource">
<kw name="Wait Until Element Is Visible" owner="SeleniumLibrary">
<arg>${locator}</arg>
<arg>30s</arg>
<doc>Waits until the element ``locator`` is visible.</doc>
<status status="PASS" start="2025-11-29T16:07:39.652699" elapsed="0.019617"/>
</kw>
<kw name="Wait Until Element Is Enabled" owner="SeleniumLibrary">
<arg>${locator}</arg>
<arg>10s</arg>
<doc>Waits until the element ``locator`` is enabled.</doc>
<status status="PASS" start="2025-11-29T16:07:39.672443" elapsed="0.013150"/>
</kw>
<kw name="Click Element" owner="SeleniumLibrary">
<msg time="2025-11-29T16:07:39.685905" level="INFO">Clicking element 'id=create-edit-report-description-textarea'.</msg>
<arg>${locator}</arg>
<doc>Click the element identified by ``locator``.</doc>
<status status="PASS" start="2025-11-29T16:07:39.685737" elapsed="0.035227"/>
</kw>
<kw name="Sleep" owner="BuiltIn">
<msg time="2025-11-29T16:07:40.221337" level="INFO">Slept 500 milliseconds.</msg>
<arg>0.5s</arg>
<doc>Pauses the test executed for the given time.</doc>
<status status="PASS" start="2025-11-29T16:07:39.721089" elapsed="0.500337"/>
</kw>
<kw name="Clear Element Text" owner="SeleniumLibrary">
<arg>${locator}</arg>
<doc>Clears the value of the text-input-element identified by ``locator``.</doc>
<status status="PASS" start="2025-11-29T16:07:40.221556" elapsed="0.016108"/>
</kw>
<kw name="Sleep" owner="BuiltIn">
<msg time="2025-11-29T16:07:40.738253" level="INFO">Slept 500 milliseconds.</msg>
<arg>0.5s</arg>
<doc>Pauses the test executed for the given time.</doc>
<status status="PASS" start="2025-11-29T16:07:40.237800" elapsed="0.500592"/>
</kw>
<kw name="Input Text" owner="SeleniumLibrary">
<msg time="2025-11-29T16:07:40.738883" level="INFO">Typing text 'This is a normal report description.' into text field 'id=create-edit-report-description-textarea'.</msg>
<arg>${locator}</arg>
<arg>${text}</arg>
<doc>Types the given ``text`` into the text field identified by ``locator``.</doc>
<status status="PASS" start="2025-11-29T16:07:40.738601" elapsed="0.238048"/>
</kw>
<kw name="Sleep" owner="BuiltIn">
<msg time="2025-11-29T16:07:41.477658" level="INFO">Slept 500 milliseconds.</msg>
<arg>0.5s</arg>
<doc>Pauses the test executed for the given time.</doc>
<status status="PASS" start="2025-11-29T16:07:40.976802" elapsed="0.501024"/>
</kw>
<arg>id=create-edit-report-description-textarea</arg>
<arg>${report_description}</arg>
<doc>Input text with explicit focus and clearing for better reliability in CI</doc>
<status status="PASS" start="2025-11-29T16:07:39.652119" elapsed="1.825891"/>
</kw>
<arg>'${report_description}' != ''</arg>
<arg>Input Text With Focus</arg>
<arg>id=create-edit-report-description-textarea</arg>
<arg>${report_description}</arg>
<doc>Runs the given keyword with the given arguments, if ``condition`` is true.</doc>
<status status="PASS" start="2025-11-29T16:07:39.651406" elapsed="1.826723"/>
</kw>
<kw name="Wait Until Element Is Visible" owner="SeleniumLibrary">
<arg>id=react-select-create-edit-report-language-select-input</arg>
<arg>30s</arg>
<doc>Waits until the element ``locator`` is visible.</doc>
<status status="PASS" start="2025-11-29T16:07:41.478385" elapsed="0.027293"/>
</kw>
<kw name="Wait Until Element Is Enabled" owner="SeleniumLibrary">
<arg>id=react-select-create-edit-report-language-select-input</arg>
<arg>10s</arg>
<doc>Waits until the element ``locator`` is enabled.</doc>
<status status="PASS" start="2025-11-29T16:07:41.505918" elapsed="0.019742"/>
</kw>
<kw name="Click Element" owner="SeleniumLibrary">
<msg time="2025-11-29T16:07:41.526153" level="INFO">Clicking element 'id=react-select-create-edit-report-language-select-input'.</msg>
<arg>id=react-select-create-edit-report-language-select-input</arg>
<doc>Click the element identified by ``locator``.</doc>
<status status="PASS" start="2025-11-29T16:07:41.525850" elapsed="0.042441"/>
</kw>
<kw name="Sleep" owner="BuiltIn">
<msg time="2025-11-29T16:07:43.568808" level="INFO">Slept 2 seconds.</msg>
<arg>2s</arg>
<doc>Pauses the test executed for the given time.</doc>
<status status="PASS" start="2025-11-29T16:07:41.568441" elapsed="2.000673"/>
</kw>
<kw name="Press Keys" owner="SeleniumLibrary">
<msg time="2025-11-29T16:07:43.571732" level="INFO">Sending key(s) ('English',) to id=react-select-create-edit-report-language-select-input element.</msg>
<msg time="2025-11-29T16:07:43.853637" level="INFO">Sending keys English</msg>
<arg>id=react-select-create-edit-report-language-select-input</arg>
<arg>English</arg>
<doc>Simulates the user pressing key(s) to an element or on the active browser.</doc>
<status status="PASS" start="2025-11-29T16:07:43.570415" elapsed="0.312836"/>
</kw>
<kw name="Sleep" owner="BuiltIn">
<msg time="2025-11-29T16:07:44.884026" level="INFO">Slept 1 second.</msg>
<arg>1s</arg>
<doc>Pauses the test executed for the given time.</doc>
<status status="PASS" start="2025-11-29T16:07:43.883395" elapsed="1.001851"/>
</kw>
<kw name="Press Keys" owner="SeleniumLibrary">
<msg time="2025-11-29T16:07:44.886983" level="INFO">Sending key(s) ('RETURN',) to id=react-select-create-edit-report-language-select-input element.</msg>
<msg time="2025-11-29T16:07:45.160941" level="INFO">Pressing special key RETURN to element.</msg>
<msg time="2025-11-29T16:07:45.161050" level="INFO">Releasing special key RETURN.</msg>
<arg>id=react-select-create-edit-report-language-select-input</arg>
<arg>RETURN</arg>
<doc>Simulates the user pressing key(s) to an element or on the active browser.</doc>
<status status="PASS" start="2025-11-29T16:07:44.885909" elapsed="0.295681"/>
</kw>
<kw name="Sleep" owner="BuiltIn">
<msg time="2025-11-29T16:07:46.182811" level="INFO">Slept 1 second.</msg>
<arg>1s</arg>
<doc>Pauses the test executed for the given time.</doc>
<status status="PASS" start="2025-11-29T16:07:45.181951" elapsed="1.000985"/>
</kw>
<kw name="Wait Until Element Is Visible" owner="SeleniumLibrary">
<arg>id=react-select-create-edit-report-therapy-type-select-input</arg>
<arg>30s</arg>
<doc>Waits until the element ``locator`` is visible.</doc>
<status status="PASS" start="2025-11-29T16:07:46.183107" elapsed="0.012810"/>
</kw>
<kw name="Wait Until Element Is Enabled" owner="SeleniumLibrary">
<arg>id=react-select-create-edit-report-therapy-type-select-input</arg>
<arg>10s</arg>
<doc>Waits until the element ``locator`` is enabled.</doc>
<status status="PASS" start="2025-11-29T16:07:46.196058" elapsed="0.009942"/>
</kw>
<kw name="Click Element" owner="SeleniumLibrary">
<msg time="2025-11-29T16:07:46.206276" level="INFO">Clicking element 'id=react-select-create-edit-report-therapy-type-select-input'.</msg>
<arg>id=react-select-create-edit-report-therapy-type-select-input</arg>
<doc>Click the element identified by ``locator``.</doc>
<status status="PASS" start="2025-11-29T16:07:46.206130" elapsed="0.039023"/>
</kw>
<kw name="Sleep" owner="BuiltIn">
<msg time="2025-11-29T16:07:48.245939" level="INFO">Slept 2 seconds.</msg>
<arg>2s</arg>
<doc>Pauses the test executed for the given time.</doc>
<status status="PASS" start="2025-11-29T16:07:46.245290" elapsed="2.000966"/>
</kw>
<kw name="Press Keys" owner="SeleniumLibrary">
<msg time="2025-11-29T16:07:48.248264" level="INFO">Sending key(s) ('ARROW_DOWN',) to id=react-select-create-edit-report-therapy-type-select-input element.</msg>
<msg time="2025-11-29T16:07:48.532146" level="INFO">Pressing special key ARROW_DOWN to element.</msg>
<msg time="2025-11-29T16:07:48.532204" level="INFO">Releasing special key ARROW_DOWN.</msg>
<arg>id=react-select-create-edit-report-therapy-type-select-input</arg>
<arg>ARROW_DOWN</arg>
<doc>Simulates the user pressing key(s) to an element or on the active browser.</doc>
<status status="PASS" start="2025-11-29T16:07:48.246798" elapsed="0.289927"/>
</kw>
<kw name="Sleep" owner="BuiltIn">
<msg time="2025-11-29T16:07:49.537645" level="INFO">Slept 1 second.</msg>
<arg>1s</arg>
<doc>Pauses the test executed for the given time.</doc>
<status status="PASS" start="2025-11-29T16:07:48.536856" elapsed="1.000916"/>
</kw>
<kw name="Press Keys" owner="SeleniumLibrary">
<msg time="2025-11-29T16:07:49.538442" level="INFO">Sending key(s) ('RETURN',) to id=react-select-create-edit-report-therapy-type-select-input element.</msg>
<msg time="2025-11-29T16:07:49.816578" level="INFO">Pressing special key RETURN to element.</msg>
<msg time="2025-11-29T16:07:49.816640" level="INFO">Releasing special key RETURN.</msg>
<arg>id=react-select-create-edit-report-therapy-type-select-input</arg>
<arg>RETURN</arg>
<doc>Simulates the user pressing key(s) to an element or on the active browser.</doc>
<status status="PASS" start="2025-11-29T16:07:49.538031" elapsed="0.292371"/>
</kw>
<kw name="Sleep" owner="BuiltIn">
<msg time="2025-11-29T16:07:50.831500" level="INFO">Slept 1 second.</msg>
<arg>1s</arg>
<doc>Pauses the test executed for the given time.</doc>
<status status="PASS" start="2025-11-29T16:07:49.830647" elapsed="1.001000"/>
</kw>
<kw name="Run Keyword If" owner="BuiltIn">
<kw name="Wait Until Element Is Visible" owner="SeleniumLibrary">
<arg>css=.bn-inline-content</arg>
<arg>30s</arg>
<doc>Waits until the element ``locator`` is visible.</doc>
<status status="PASS" start="2025-11-29T16:07:50.832114" elapsed="0.021704"/>
</kw>
<arg>'${report_content}' != ''</arg>
<arg>Wait Until Element Is Visible</arg>
<arg>css=.bn-inline-content</arg>
<arg>30s</arg>
<doc>Runs the given keyword with the given arguments, if ``condition`` is true.</doc>
<status status="PASS" start="2025-11-29T16:07:50.831857" elapsed="0.022083"/>
</kw>
<kw name="Run Keyword If" owner="BuiltIn">
<kw name="Wait Until Element Is Enabled" owner="SeleniumLibrary">
<arg>css=.bn-inline-content</arg>
<arg>10s</arg>
<doc>Waits until the element ``locator`` is enabled.</doc>
<status status="PASS" start="2025-11-29T16:07:50.854428" elapsed="0.012701"/>
</kw>
<arg>'${report_content}' != ''</arg>
<arg>Wait Until Element Is Enabled</arg>
<arg>css=.bn-inline-content</arg>
<arg>10s</arg>
<doc>Runs the given keyword with the given arguments, if ``condition`` is true.</doc>
<status status="PASS" start="2025-11-29T16:07:50.854125" elapsed="0.013103"/>
</kw>
<kw name="Run Keyword If" owner="BuiltIn">
<kw name="Click Element" owner="SeleniumLibrary">
<msg time="2025-11-29T16:07:50.867807" level="INFO">Clicking element 'css=.bn-inline-content'.</msg>
<arg>css=.bn-inline-content</arg>
<doc>Click the element identified by ``locator``.</doc>
<status status="PASS" start="2025-11-29T16:07:50.867650" elapsed="0.074715"/>
</kw>
<arg>'${report_content}' != ''</arg>
<arg>Click Element</arg>
<arg>css=.bn-inline-content</arg>
<doc>Runs the given keyword with the given arguments, if ``condition`` is true.</doc>
<status status="PASS" start="2025-11-29T16:07:50.867386" elapsed="0.075063"/>
</kw>
<kw name="Run Keyword If" owner="BuiltIn">
<kw name="Sleep" owner="BuiltIn">
<msg time="2025-11-29T16:07:52.943041" level="INFO">Slept 2 seconds.</msg>
<arg>2s</arg>
<doc>Pauses the test executed for the given time.</doc>
<status status="PASS" start="2025-11-29T16:07:50.942793" elapsed="2.000354"/>
</kw>
<arg>'${report_content}' != ''</arg>
<arg>Sleep</arg>
<arg>2s</arg>
<doc>Runs the given keyword with the given arguments, if ``condition`` is true.</doc>
<status status="PASS" start="2025-11-29T16:07:50.942571" elapsed="2.000650"/>
</kw>
<kw name="Run Keyword If" owner="BuiltIn">
<kw name="Input Text" owner="SeleniumLibrary">
<msg time="2025-11-29T16:07:52.943773" level="INFO">Typing text 'This is normal report content for the therapy session.' into text field 'css=.bn-inline-content'.</msg>
<arg>css=.bn-inline-content</arg>
<arg>${report_content}</arg>
<doc>Types the given ``text`` into the text field identified by ``locator``.</doc>
<status status="PASS" start="2025-11-29T16:07:52.943605" elapsed="0.495805"/>
</kw>
<arg>'${report_content}' != ''</arg>
<arg>Input Text</arg>
<arg>css=.bn-inline-content</arg>
<arg>${report_content}</arg>
<doc>Runs the given keyword with the given arguments, if ``condition`` is true.</doc>
<status status="PASS" start="2025-11-29T16:07:52.943358" elapsed="0.496125"/>
</kw>
<kw name="Run Keyword If" owner="BuiltIn">
<kw name="Sleep" owner="BuiltIn">
<msg time="2025-11-29T16:07:54.440281" level="INFO">Slept 1 second.</msg>
<arg>1s</arg>
<doc>Pauses the test executed for the given time.</doc>
<status status="PASS" start="2025-11-29T16:07:53.439776" elapsed="1.000685"/>
</kw>
<arg>'${report_content}' != ''</arg>
<arg>Sleep</arg>
<arg>1s</arg>
<doc>Runs the given keyword with the given arguments, if ``condition`` is true.</doc>
<status status="PASS" start="2025-11-29T16:07:53.439592" elapsed="1.000985"/>
</kw>
<kw name="Wait Until Element Is Visible" owner="SeleniumLibrary">
<arg>id=create-edit-report-submit-btn</arg>
<arg>30s</arg>
<doc>Waits until the element ``locator`` is visible.</doc>
<status status="PASS" start="2025-11-29T16:07:54.440704" elapsed="0.016996"/>
</kw>
<kw name="Wait Until Element Is Enabled" owner="SeleniumLibrary">
<arg>id=create-edit-report-submit-btn</arg>
<arg>10s</arg>
<doc>Waits until the element ``locator`` is enabled.</doc>
<status status="PASS" start="2025-11-29T16:07:54.457901" elapsed="0.011226"/>
</kw>
<kw name="Scroll Element Into View" owner="SeleniumLibrary">
<arg>id=create-edit-report-submit-btn</arg>
<doc>Scrolls the element identified by ``locator`` into view.</doc>
<status status="PASS" start="2025-11-29T16:07:54.469246" elapsed="0.293749"/>
</kw>
<kw name="Sleep" owner="BuiltIn">
<msg time="2025-11-29T16:07:56.764265" level="INFO">Slept 2 seconds.</msg>
<arg>2s</arg>
<doc>Pauses the test executed for the given time.</doc>
<status status="PASS" start="2025-11-29T16:07:54.763390" elapsed="2.001028"/>
</kw>
<kw name="Execute Javascript" owner="SeleniumLibrary">
<msg time="2025-11-29T16:07:56.765530" level="INFO">Executing JavaScript:
document.getElementById('create-edit-report-submit-btn').scrollIntoView()
Without any arguments.</msg>
<arg>document.getElementById('create-edit-report-submit-btn').scrollIntoView()</arg>
<doc>Executes the given JavaScript code with possible arguments.</doc>
<status status="PASS" start="2025-11-29T16:07:56.764671" elapsed="0.011908"/>
</kw>
<kw name="Sleep" owner="BuiltIn">
<msg time="2025-11-29T16:07:57.777560" level="INFO">Slept 1 second.</msg>
<arg>1s</arg>
<doc>Pauses the test executed for the given time.</doc>
<status status="PASS" start="2025-11-29T16:07:56.776794" elapsed="1.001023"/>
</kw>
<kw name="Execute Javascript" owner="SeleniumLibrary">
<msg time="2025-11-29T16:07:57.779085" level="INFO">Executing JavaScript:
document.getElementById('create-edit-report-submit-btn').click()
Without any arguments.</msg>
<arg>document.getElementById('create-edit-report-submit-btn').click()</arg>
<doc>Executes the given JavaScript code with possible arguments.</doc>
<status status="PASS" start="2025-11-29T16:07:57.778225" elapsed="0.028494"/>
</kw>
<kw name="Sleep" owner="BuiltIn">
<msg time="2025-11-29T16:08:02.807184" level="INFO">Slept 5 seconds.</msg>
<arg>5s</arg>
<doc>Pauses the test executed for the given time.</doc>
<status status="PASS" start="2025-11-29T16:07:57.806864" elapsed="5.000454"/>
</kw>
<kw name="Run Keyword And Ignore Error" owner="BuiltIn">
<kw name="Click Element" owner="SeleniumLibrary">
<msg time="2025-11-29T16:08:02.807739" level="INFO">Clicking element 'id=create-edit-report-submit-btn'.</msg>
<arg>id=create-edit-report-submit-btn</arg>
<doc>Click the element identified by ``locator``.</doc>
<status status="PASS" start="2025-11-29T16:08:02.807608" elapsed="0.034968"/>
</kw>
<arg>Click Element</arg>
<arg>id=create-edit-report-submit-btn</arg>
<doc>Runs the given keyword with the given arguments and ignores possible error.</doc>
<status status="PASS" start="2025-11-29T16:08:02.807467" elapsed="0.035186"/>
</kw>
<kw name="Sleep" owner="BuiltIn">
<msg time="2025-11-29T16:08:12.844077" level="INFO">Slept 10 seconds.</msg>
<arg>10s</arg>
<doc>Pauses the test executed for the given time.</doc>
<status status="PASS" start="2025-11-29T16:08:02.842812" elapsed="10.001577"/>
</kw>
<arg>John</arg>
<arg>Doe</arg>
<arg>01/15/1990</arg>
<arg>1234567890</arg>
<arg>[E2E_TEST] Report Title</arg>
<arg>This is a normal report description.</arg>
<arg>This is normal report content for the therapy session.</arg>
<status status="PASS" start="2025-11-29T16:07:18.686881" elapsed="54.157787"/>
</kw>
<kw name="Verify Report Created Successfully" owner="create_report_resource">
<kw name="Sleep" owner="BuiltIn">
<msg time="2025-11-29T16:08:17.847322" level="INFO">Slept 5 seconds.</msg>
<arg>5s</arg>
<doc>Pauses the test executed for the given time.</doc>
<status status="PASS" start="2025-11-29T16:08:12.846365" elapsed="5.001209"/>
</kw>
<kw name="Wait Until Page Does Not Contain" owner="SeleniumLibrary">
<arg>Patient Details</arg>
<arg>60s</arg>
<doc>Waits until ``text`` disappears from the current page.</doc>
<status status="PASS" start="2025-11-29T16:08:17.848037" elapsed="0.012218"/>
</kw>
<kw name="Wait Until Page Does Not Contain" owner="SeleniumLibrary">
<arg>Report Details</arg>
<arg>30s</arg>
<doc>Waits until ``text`` disappears from the current page.</doc>
<status status="PASS" start="2025-11-29T16:08:17.860530" elapsed="0.009767"/>
</kw>
<kw name="Wait Until Page Does Not Contain" owner="SeleniumLibrary">
<arg>Report Content</arg>
<arg>30s</arg>
<doc>Waits until ``text`` disappears from the current page.</doc>
<status status="PASS" start="2025-11-29T16:08:17.870841" elapsed="0.008092"/>
</kw>
<kw name="Wait Until Page Does Not Contain Element" owner="SeleniumLibrary">
<arg>id=create-edit-report-submit-btn</arg>
<arg>30s</arg>
<doc>Waits until the element ``locator`` disappears from the current page.</doc>
<status status="PASS" start="2025-11-29T16:08:17.879072" elapsed="0.003435"/>
</kw>
<status status="PASS" start="2025-11-29T16:08:12.845697" elapsed="5.036894"/>
</kw>
<kw name="Close Browser Safely" owner="create_report_resource">
<kw name="Run Keyword And Ignore Error" owner="BuiltIn">
<kw name="Close Browser" owner="SeleniumLibrary">
<doc>Closes the current browser.</doc>
<status status="PASS" start="2025-11-29T16:08:17.883120" elapsed="2.125104"/>
</kw>
<arg>Close Browser</arg>
<doc>Runs the given keyword with the given arguments and ignores possible error.</doc>
<status status="PASS" start="2025-11-29T16:08:17.883030" elapsed="2.125387"/>
</kw>
<status status="PASS" start="2025-11-29T16:08:17.882851" elapsed="2.125697"/>
</kw>
<kw name="Cleanup All E2E Test Data" owner="create_report_resource">
<kw name="Log" owner="BuiltIn">
<msg time="2025-11-29T16:08:20.010651" level="INFO">Starting E2E test data cleanup...</msg>
<arg>Starting E2E test data cleanup...</arg>
<doc>Logs the given message with the given level.</doc>
<status status="PASS" start="2025-11-29T16:08:20.010450" elapsed="0.000293"/>
</kw>
<kw name="Set Variable" owner="BuiltIn">
<msg time="2025-11-29T16:08:20.011450" level="INFO">${script_path} = C:\Users\marie\OneDrive\Documents\GitHub\sharerapy\tests\robot\e2e\report\..\..\..\scripts\cleanup-e2e-test-data.js</msg>
<var>${script_path}</var>
<arg>C:\\Users\\marie\\OneDrive\\Documents\\GitHub\\sharerapy\\tests\\robot\\e2e\\report${/}..${/}..${/}..${/}scripts${/}cleanup-e2e-test-data.js</arg>
<doc>Returns the given values which can then be assigned to a variables.</doc>
<status status="PASS" start="2025-11-29T16:08:20.010955" elapsed="0.000548"/>
</kw>
<kw name="Set Variable" owner="BuiltIn">
<msg time="2025-11-29T16:08:20.012082" level="INFO">${workspace_path} = C:\Users\marie\OneDrive\Documents\GitHub\sharerapy\tests\robot\e2e\report\..\..\..\..</msg>
<var>${workspace_path}</var>
<arg>C:\\Users\\marie\\OneDrive\\Documents\\GitHub\\sharerapy\\tests\\robot\\e2e\\report${/}..${/}..${/}..${/}..</arg>
<doc>Returns the given values which can then be assigned to a variables.</doc>
<status status="PASS" start="2025-11-29T16:08:20.011708" elapsed="0.000422"/>
</kw>
<kw name="Run Process" owner="Process">
<msg time="2025-11-29T16:08:20.012742" level="INFO">Starting process:
node C:\Users\marie\OneDrive\Documents\GitHub\sharerapy\tests\robot\e2e\report\..\..\..\scripts\cleanup-e2e-test-data.js</msg>
<msg time="2025-11-29T16:08:20.030304" level="INFO">Waiting for process to complete.</msg>
<msg time="2025-11-29T16:08:20.979431" level="INFO">Process completed.</msg>
<msg time="2025-11-29T16:08:20.979568" level="INFO">${result} = &lt;result object with rc 0&gt;</msg>
<var>${result}</var>
<arg>node</arg>
<arg>${script_path}</arg>
<arg>cwd=${workspace_path}</arg>
<arg>shell=True</arg>
<doc>Runs a process and waits for it to complete.</doc>
<status status="PASS" start="2025-11-29T16:08:20.012321" elapsed="0.967267"/>
</kw>
<kw name="Log" owner="BuiltIn">
<msg time="2025-11-29T16:08:20.980551" level="INFO">Cleanup script output: [dotenv@17.2.3] injecting env (4) from .env.local -- tip: ≡ƒöÉ prevent committing .env to code: https://dotenvx.com/precommit
Environment loaded from: .env.local
Starting E2E test data cleanup...
Cleaning up test reports...
Cleanup completed! Deleted 0 test records total.</msg>
<arg>Cleanup script output: ${result.stdout}</arg>
<doc>Logs the given message with the given level.</doc>
<status status="PASS" start="2025-11-29T16:08:20.979726" elapsed="0.000959"/>
</kw>
<kw name="Run Keyword If" owner="BuiltIn">
<arg>${result.rc} != 0</arg>
<arg>Log</arg>
<arg>Cleanup script failed with exit code ${result.rc}. Error: ${result.stderr}</arg>
<arg>WARN</arg>
<doc>Runs the given keyword with the given arguments, if ``condition`` is true.</doc>
<status status="PASS" start="2025-11-29T16:08:20.980809" elapsed="0.000374"/>
</kw>
<kw name="Run Keyword If" owner="BuiltIn">
<arg>${result.rc} != 0</arg>
<arg>Log</arg>
<arg>Continuing test execution despite cleanup failure...</arg>
<arg>WARN</arg>
<doc>Runs the given keyword with the given arguments, if ``condition`` is true.</doc>
<status status="PASS" start="2025-11-29T16:08:20.981273" elapsed="0.000289"/>
</kw>
<doc>Run the Node.js cleanup script to remove all E2E test data from Supabase</doc>
<status status="PASS" start="2025-11-29T16:08:20.009959" elapsed="0.971659"/>
</kw>
<doc>This test creates a report with normal valid data</doc>
<status status="PASS" start="2025-11-29T16:07:03.789532" elapsed="77.192536"/>
</test>
<test id="s1-t2" name="Create Report - Title Over 100 Characters" line="21">
<kw name="Open Sharerapy Login Page" owner="create_report_resource">
<kw name="Open Browser" owner="SeleniumLibrary">
<msg time="2025-11-29T16:08:20.983195" level="INFO">Opening browser 'Chrome' to base url 'https://sharerapy-staging.vercel.app/'.</msg>
<arg>${URL}</arg>
<arg>${BROWSER}</arg>
<arg>options=add_argument("--headless");add_argument("--no-sandbox");add_argument("--disable-dev-shm-usage");add_argument("--disable-gpu");add_argument("--window-size=1920,1080");add_argument("--disable-web-security");add_argument("--allow-running-insecure-content");add_argument("--disable-password-manager-reauthentication");add_argument("--disable-features=VizDisplayCompositor");add_argument("--disable-notifications");add_argument("--disable-infobars")</arg>
<doc>Opens a new browser instance to the optional ``url``.</doc>
<status status="PASS" start="2025-11-29T16:08:20.983058" elapsed="4.844565"/>
</kw>
<kw name="Set Window Size" owner="SeleniumLibrary">
<arg>1920</arg>
<arg>1080</arg>
<doc>Sets current windows size to given ``width`` and ``height``.</doc>
<status status="PASS" start="2025-11-29T16:08:25.827774" elapsed="0.002402"/>
</kw>
<status status="PASS" start="2025-11-29T16:08:20.982877" elapsed="4.847374"/>
</kw>
<kw name="Login With Valid Credentials" owner="create_report_resource">
<kw name="Input Text" owner="SeleniumLibrary">
<msg time="2025-11-29T16:08:25.831009" level="INFO">Typing text 'e2e@email.com' into text field 'css=input[type="email"]'.</msg>
<arg>css=input[type="email"]</arg>
<arg>${VALID_USERNAME}</arg>
<doc>Types the given ``text`` into the text field identified by ``locator``.</doc>
<status status="PASS" start="2025-11-29T16:08:25.830834" elapsed="0.083628"/>
</kw>
<kw name="Input Text" owner="SeleniumLibrary">
<msg time="2025-11-29T16:08:25.914812" level="INFO">Typing text 'mariel' into text field 'css=input[type="password"]'.</msg>
<arg>css=input[type="password"]</arg>
<arg>${VALID_PASSWORD}</arg>
<doc>Types the given ``text`` into the text field identified by ``locator``.</doc>
<status status="PASS" start="2025-11-29T16:08:25.914618" elapsed="0.057051"/>
</kw>
<kw name="Click Element" owner="SeleniumLibrary">
<msg time="2025-11-29T16:08:25.971950" level="INFO">Clicking element 'css=button[type="submit"]'.</msg>
<arg>css=button[type="submit"]</arg>
<doc>Click the element identified by ``locator``.</doc>
<status status="PASS" start="2025-11-29T16:08:25.971812" elapsed="0.045000"/>
</kw>
<status status="PASS" start="2025-11-29T16:08:25.830508" elapsed="0.186386"/>
</kw>
<kw name="Should See Landing Page" owner="create_report_resource">
<kw name="Wait Until Page Contains" owner="SeleniumLibrary">
<arg>Share Knowledge</arg>
<arg>30s</arg>
<doc>Waits until ``text`` appears on the current page.</doc>
<status status="PASS" start="2025-11-29T16:08:26.017435" elapsed="1.688798"/>
</kw>
<status status="PASS" start="2025-11-29T16:08:26.017252" elapsed="1.689067"/>
</kw>
<kw name="Click Reports From Landing" owner="create_report_resource">
<kw name="Wait Until Page Contains" owner="SeleniumLibrary">
<arg>Reports</arg>
<arg>30s</arg>
<doc>Waits until ``text`` appears on the current page.</doc>
<status status="PASS" start="2025-11-29T16:08:27.706871" elapsed="0.012492"/>
</kw>
<kw name="Sleep" owner="BuiltIn">
<msg time="2025-11-29T16:08:30.720593" level="INFO">Slept 3 seconds.</msg>
<arg>3s</arg>
<doc>Pauses the test executed for the given time.</doc>
<status status="PASS" start="2025-11-29T16:08:27.719625" elapsed="3.001183"/>
</kw>
<kw name="Execute Javascript" owner="SeleniumLibrary">
<msg time="2025-11-29T16:08:30.722472" level="INFO">Executing JavaScript:
document.getElementById('landing-reports-btn').click()
Without any arguments.</msg>
<arg>document.getElementById('landing-reports-btn').click()</arg>
<doc>Executes the given JavaScript code with possible arguments.</doc>
<status status="PASS" start="2025-11-29T16:08:30.721343" elapsed="0.015929"/>
</kw>
<status status="PASS" start="2025-11-29T16:08:27.706689" elapsed="3.030789"/>
</kw>
<kw name="Should See Reports Page" owner="create_report_resource">
<kw name="Wait Until Page Contains" owner="SeleniumLibrary">
<arg>Create Report</arg>
<arg>30s</arg>
<doc>Waits until ``text`` appears on the current page.</doc>
<status status="PASS" start="2025-11-29T16:08:30.737918" elapsed="2.098165"/>
</kw>
<status status="PASS" start="2025-11-29T16:08:30.737740" elapsed="2.098470"/>
</kw>
<kw name="Click Create Report" owner="create_report_resource">
<kw name="Wait Until Element Is Visible" owner="SeleniumLibrary">
<arg>id=sidebar-create-report-link</arg>
<arg>30s</arg>
<doc>Waits until the element ``locator`` is visible.</doc>
<status status="PASS" start="2025-11-29T16:08:32.836987" elapsed="0.020401"/>
</kw>
<kw name="Execute Javascript" owner="SeleniumLibrary">
<msg time="2025-11-29T16:08:32.857918" level="INFO">Executing JavaScript:
document.getElementById('sidebar-create-report-link').click()
Without any arguments.</msg>
<arg>document.getElementById('sidebar-create-report-link').click()</arg>
<doc>Executes the given JavaScript code with possible arguments.</doc>
<status status="PASS" start="2025-11-29T16:08:32.857592" elapsed="0.005695"/>
</kw>
<kw name="Sleep" owner="BuiltIn">
<msg time="2025-11-29T16:08:34.863888" level="INFO">Slept 2 seconds.</msg>
<arg>2s</arg>
<doc>Pauses the test executed for the given time.</doc>
<status status="PASS" start="2025-11-29T16:08:32.863422" elapsed="2.000637"/>
</kw>
<status status="PASS" start="2025-11-29T16:08:32.836684" elapsed="2.027447"/>
</kw>
<kw name="Input Report Details With Data" owner="create_report_resource">
<kw name="Wait Until Page Contains" owner="SeleniumLibrary">
<arg>Patient Details</arg>
<arg>30s</arg>
<doc>Waits until ``text`` appears on the current page.</doc>
<status status="PASS" start="2025-11-29T16:08:34.864934" elapsed="0.009816"/>
</kw>
<kw name="Sleep" owner="BuiltIn">
<msg time="2025-11-29T16:08:37.875694" level="INFO">Slept 3 seconds.</msg>
<arg>3s</arg>
<doc>Pauses the test executed for the given time.</doc>
<status status="PASS" start="2025-11-29T16:08:34.874915" elapsed="3.000878"/>
</kw>
<kw name="Wait Until Element Is Visible" owner="SeleniumLibrary">
<arg>id=react-select-create-edit-report-country-select-input</arg>
<arg>30s</arg>
<doc>Waits until the element ``locator`` is visible.</doc>
<status status="PASS" start="2025-11-29T16:08:37.875950" elapsed="0.011414"/>
</kw>
<kw name="Wait Until Element Is Enabled" owner="SeleniumLibrary">
<arg>id=react-select-create-edit-report-country-select-input</arg>
<arg>10s</arg>
<doc>Waits until the element ``locator`` is enabled.</doc>
<status status="PASS" start="2025-11-29T16:08:37.887499" elapsed="0.011876"/>
</kw>
<kw name="Click Element" owner="SeleniumLibrary">
<msg time="2025-11-29T16:08:37.899724" level="INFO">Clicking element 'id=react-select-create-edit-report-country-select-input'.</msg>
<arg>id=react-select-create-edit-report-country-select-input</arg>
<doc>Click the element identified by ``locator``.</doc>
<status status="PASS" start="2025-11-29T16:08:37.899525" elapsed="0.045037"/>
</kw>
<kw name="Sleep" owner="BuiltIn">
<msg time="2025-11-29T16:08:39.945672" level="INFO">Slept 2 seconds.</msg>
<arg>2s</arg>
<doc>Pauses the test executed for the given time.</doc>
<status status="PASS" start="2025-11-29T16:08:37.944998" elapsed="2.000775"/>
</kw>
<kw name="Press Keys" owner="SeleniumLibrary">
<msg time="2025-11-29T16:08:39.946240" level="INFO">Sending key(s) ('ARROW_DOWN',) to id=react-select-create-edit-report-country-select-input element.</msg>
<msg time="2025-11-29T16:08:40.211398" level="INFO">Pressing special key ARROW_DOWN to element.</msg>
<msg time="2025-11-29T16:08:40.211453" level="INFO">Releasing special key ARROW_DOWN.</msg>
<arg>id=react-select-create-edit-report-country-select-input</arg>
<arg>ARROW_DOWN</arg>
<doc>Simulates the user pressing key(s) to an element or on the active browser.</doc>
<status status="PASS" start="2025-11-29T16:08:39.945933" elapsed="0.273079"/>
</kw>
<kw name="Sleep" owner="BuiltIn">
<msg time="2025-11-29T16:08:41.219484" level="INFO">Slept 1 second.</msg>
<arg>1s</arg>
<doc>Pauses the test executed for the given time.</doc>
<status status="PASS" start="2025-11-29T16:08:40.219155" elapsed="1.000428"/>
</kw>
<kw name="Press Keys" owner="SeleniumLibrary">
<msg time="2025-11-29T16:08:41.220056" level="INFO">Sending key(s) ('RETURN',) to id=react-select-create-edit-report-country-select-input element.</msg>
<msg time="2025-11-29T16:08:41.503818" level="INFO">Pressing special key RETURN to element.</msg>
<msg time="2025-11-29T16:08:41.503873" level="INFO">Releasing special key RETURN.</msg>
<arg>id=react-select-create-edit-report-country-select-input</arg>
<arg>RETURN</arg>
<doc>Simulates the user pressing key(s) to an element or on the active browser.</doc>
<status status="PASS" start="2025-11-29T16:08:41.219732" elapsed="0.294733"/>
</kw>
<kw name="Sleep" owner="BuiltIn">
<msg time="2025-11-29T16:08:42.515006" level="INFO">Slept 1 second.</msg>
<arg>1s</arg>
<doc>Pauses the test executed for the given time.</doc>
<status status="PASS" start="2025-11-29T16:08:41.514611" elapsed="1.000514"/>
</kw>
<kw name="Run Keyword If" owner="BuiltIn">
<kw name="Input Text With Focus" owner="create_report_resource">
<kw name="Wait Until Element Is Visible" owner="SeleniumLibrary">
<arg>${locator}</arg>
<arg>30s</arg>
<doc>Waits until the element ``locator`` is visible.</doc>
<status status="PASS" start="2025-11-29T16:08:42.516173" elapsed="0.011938"/>
</kw>
<kw name="Wait Until Element Is Enabled" owner="SeleniumLibrary">
<arg>${locator}</arg>
<arg>10s</arg>
<doc>Waits until the element ``locator`` is enabled.</doc>
<status status="PASS" start="2025-11-29T16:08:42.528302" elapsed="0.009649"/>
</kw>
<kw name="Click Element" owner="SeleniumLibrary">
<msg time="2025-11-29T16:08:42.538226" level="INFO">Clicking element 'id=create-edit-report-first-name-input'.</msg>
<arg>${locator}</arg>
<doc>Click the element identified by ``locator``.</doc>
<status status="PASS" start="2025-11-29T16:08:42.538082" elapsed="0.036137"/>
</kw>
<kw name="Sleep" owner="BuiltIn">
<msg time="2025-11-29T16:08:43.074927" level="INFO">Slept 500 milliseconds.</msg>
<arg>0.5s</arg>
<doc>Pauses the test executed for the given time.</doc>
<status status="PASS" start="2025-11-29T16:08:42.574352" elapsed="0.500792"/>
</kw>
<kw name="Clear Element Text" owner="SeleniumLibrary">
<arg>${locator}</arg>
<doc>Clears the value of the text-input-element identified by ``locator``.</doc>
<status status="PASS" start="2025-11-29T16:08:43.075385" elapsed="0.018571"/>
</kw>
<kw name="Sleep" owner="BuiltIn">
<msg time="2025-11-29T16:08:43.594554" level="INFO">Slept 500 milliseconds.</msg>
<arg>0.5s</arg>
<doc>Pauses the test executed for the given time.</doc>
<status status="PASS" start="2025-11-29T16:08:43.094099" elapsed="0.500614"/>
</kw>
<kw name="Input Text" owner="SeleniumLibrary">
<msg time="2025-11-29T16:08:43.595029" level="INFO">Typing text 'John' into text field 'id=create-edit-report-first-name-input'.</msg>
<arg>${locator}</arg>
<arg>${text}</arg>
<doc>Types the given ``text`` into the text field identified by ``locator``.</doc>
<status status="PASS" start="2025-11-29T16:08:43.594849" elapsed="0.063411"/>
</kw>
<kw name="Sleep" owner="BuiltIn">
<msg time="2025-11-29T16:08:44.158870" level="INFO">Slept 500 milliseconds.</msg>
<arg>0.5s</arg>
<doc>Pauses the test executed for the given time.</doc>
<status status="PASS" start="2025-11-29T16:08:43.658396" elapsed="0.500658"/>
</kw>
<arg>id=create-edit-report-first-name-input</arg>
<arg>${first_name}</arg>
<doc>Input text with explicit focus and clearing for better reliability in CI</doc>
<status status="PASS" start="2025-11-29T16:08:42.515745" elapsed="1.643510"/>
</kw>
<arg>'${first_name}' != ''</arg>
<arg>Input Text With Focus</arg>
<arg>id=create-edit-report-first-name-input</arg>
<arg>${first_name}</arg>
<doc>Runs the given keyword with the given arguments, if ``condition`` is true.</doc>
<status status="PASS" start="2025-11-29T16:08:42.515370" elapsed="1.644010"/>
</kw>
<kw name="Run Keyword If" owner="BuiltIn">
<kw name="Input Text With Focus" owner="create_report_resource">
<kw name="Wait Until Element Is Visible" owner="SeleniumLibrary">
<arg>${locator}</arg>
<arg>30s</arg>
<doc>Waits until the element ``locator`` is visible.</doc>
<status status="PASS" start="2025-11-29T16:08:44.160818" elapsed="0.024612"/>
</kw>
<kw name="Wait Until Element Is Enabled" owner="SeleniumLibrary">
<arg>${locator}</arg>
<arg>10s</arg>
<doc>Waits until the element ``locator`` is enabled.</doc>
<status status="PASS" start="2025-11-29T16:08:44.185673" elapsed="0.012266"/>
</kw>
<kw name="Click Element" owner="SeleniumLibrary">
<msg time="2025-11-29T16:08:44.198225" level="INFO">Clicking element 'id=create-edit-report-last-name-input'.</msg>
<arg>${locator}</arg>
<doc>Click the element identified by ``locator``.</doc>
<status status="PASS" start="2025-11-29T16:08:44.198078" elapsed="0.032295"/>
</kw>
<kw name="Sleep" owner="BuiltIn">
<msg time="2025-11-29T16:08:44.731027" level="INFO">Slept 500 milliseconds.</msg>
<arg>0.5s</arg>
<doc>Pauses the test executed for the given time.</doc>
<status status="PASS" start="2025-11-29T16:08:44.230503" elapsed="0.500669"/>
</kw>
<kw name="Clear Element Text" owner="SeleniumLibrary">
<arg>${locator}</arg>
<doc>Clears the value of the text-input-element identified by ``locator``.</doc>
<status status="PASS" start="2025-11-29T16:08:44.731366" elapsed="0.022052"/>
</kw>
<kw name="Sleep" owner="BuiltIn">
<msg time="2025-11-29T16:08:45.254347" level="INFO">Slept 500 milliseconds.</msg>
<arg>0.5s</arg>
<doc>Pauses the test executed for the given time.</doc>
<status status="PASS" start="2025-11-29T16:08:44.753627" elapsed="0.500938"/>
</kw>
<kw name="Input Text" owner="SeleniumLibrary">
<msg time="2025-11-29T16:08:45.255632" level="INFO">Typing text 'Doe' into text field 'id=create-edit-report-last-name-input'.</msg>
<arg>${locator}</arg>
<arg>${text}</arg>
<doc>Types the given ``text`` into the text field identified by ``locator``.</doc>
<status status="PASS" start="2025-11-29T16:08:45.255011" elapsed="0.069460"/>
</kw>
<kw name="Sleep" owner="BuiltIn">
<msg time="2025-11-29T16:08:45.825126" level="INFO">Slept 500 milliseconds.</msg>
<arg>0.5s</arg>
<doc>Pauses the test executed for the given time.</doc>
<status status="PASS" start="2025-11-29T16:08:45.324654" elapsed="0.500677"/>
</kw>
<arg>id=create-edit-report-last-name-input</arg>
<arg>${last_name}</arg>
<doc>Input text with explicit focus and clearing for better reliability in CI</doc>
<status status="PASS" start="2025-11-29T16:08:44.160248" elapsed="1.665246"/>
</kw>
<arg>'${last_name}' != ''</arg>
<arg>Input Text With Focus</arg>
<arg>id=create-edit-report-last-name-input</arg>
<arg>${last_name}</arg>
<doc>Runs the given keyword with the given arguments, if ``condition`` is true.</doc>
<status status="PASS" start="2025-11-29T16:08:44.159665" elapsed="1.665917"/>
</kw>
<kw name="Run Keyword If" owner="BuiltIn">
<kw name="Input Text With Focus" owner="create_report_resource">
<kw name="Wait Until Element Is Visible" owner="SeleniumLibrary">
<arg>${locator}</arg>
<arg>30s</arg>
<doc>Waits until the element ``locator`` is visible.</doc>
<status status="PASS" start="2025-11-29T16:08:45.826866" elapsed="0.021118"/>
</kw>
<kw name="Wait Until Element Is Enabled" owner="SeleniumLibrary">
<arg>${locator}</arg>
<arg>10s</arg>
<doc>Waits until the element ``locator`` is enabled.</doc>
<status status="PASS" start="2025-11-29T16:08:45.848169" elapsed="0.026209"/>
</kw>
<kw name="Click Element" owner="SeleniumLibrary">
<msg time="2025-11-29T16:08:45.874788" level="INFO">Clicking element 'id=create-edit-report-birthday-input'.</msg>
<arg>${locator}</arg>
<doc>Click the element identified by ``locator``.</doc>
<status status="PASS" start="2025-11-29T16:08:45.874581" elapsed="0.051344"/>
</kw>
<kw name="Sleep" owner="BuiltIn">
<msg time="2025-11-29T16:08:46.426829" level="INFO">Slept 500 milliseconds.</msg>
<arg>0.5s</arg>
<doc>Pauses the test executed for the given time.</doc>
<status status="PASS" start="2025-11-29T16:08:45.926103" elapsed="0.500821"/>
</kw>
<kw name="Clear Element Text" owner="SeleniumLibrary">
<arg>${locator}</arg>
<doc>Clears the value of the text-input-element identified by ``locator``.</doc>
<status status="PASS" start="2025-11-29T16:08:46.427056" elapsed="0.017602"/>
</kw>
<kw name="Sleep" owner="BuiltIn">
<msg time="2025-11-29T16:08:46.945495" level="INFO">Slept 500 milliseconds.</msg>
<arg>0.5s</arg>
<doc>Pauses the test executed for the given time.</doc>
<status status="PASS" start="2025-11-29T16:08:46.444813" elapsed="0.500860"/>
</kw>
<kw name="Input Text" owner="SeleniumLibrary">
<msg time="2025-11-29T16:08:46.946364" level="INFO">Typing text '01/15/1990' into text field 'id=create-edit-report-birthday-input'.</msg>
<arg>${locator}</arg>
<arg>${text}</arg>
<doc>Types the given ``text`` into the text field identified by ``locator``.</doc>
<status status="PASS" start="2025-11-29T16:08:46.945967" elapsed="0.084637"/>
</kw>
<kw name="Sleep" owner="BuiltIn">
<msg time="2025-11-29T16:08:47.531229" level="INFO">Slept 500 milliseconds.</msg>
<arg>0.5s</arg>
<doc>Pauses the test executed for the given time.</doc>
<status status="PASS" start="2025-11-29T16:08:47.030743" elapsed="0.500767"/>
</kw>
<arg>id=create-edit-report-birthday-input</arg>
<arg>${birthdate}</arg>
<doc>Input text with explicit focus and clearing for better reliability in CI</doc>
<status status="PASS" start="2025-11-29T16:08:45.826553" elapsed="1.705209"/>
</kw>
<arg>'${birthdate}' != ''</arg>
<arg>Input Text With Focus</arg>
<arg>id=create-edit-report-birthday-input</arg>
<arg>${birthdate}</arg>
<doc>Runs the given keyword with the given arguments, if ``condition`` is true.</doc>
<status status="PASS" start="2025-11-29T16:08:45.826045" elapsed="1.705883"/>
</kw>
<kw name="Run Keyword If" owner="BuiltIn">
<kw name="Input Text With Focus" owner="create_report_resource">
<kw name="Wait Until Element Is Visible" owner="SeleniumLibrary">
<arg>${locator}</arg>
<arg>30s</arg>
<doc>Waits until the element ``locator`` is visible.</doc>
<status status="PASS" start="2025-11-29T16:08:47.533676" elapsed="0.018600"/>
</kw>
<kw name="Wait Until Element Is Enabled" owner="SeleniumLibrary">
<arg>${locator}</arg>
<arg>10s</arg>
<doc>Waits until the element ``locator`` is enabled.</doc>
<status status="PASS" start="2025-11-29T16:08:47.552495" elapsed="0.010721"/>
</kw>
<kw name="Click Element" owner="SeleniumLibrary">
<msg time="2025-11-29T16:08:47.563471" level="INFO">Clicking element 'id=create-edit-report-contact-number-input'.</msg>
<arg>${locator}</arg>
<doc>Click the element identified by ``locator``.</doc>
<status status="PASS" start="2025-11-29T16:08:47.563337" elapsed="0.034289"/>
</kw>
<kw name="Sleep" owner="BuiltIn">
<msg time="2025-11-29T16:08:48.098402" level="INFO">Slept 500 milliseconds.</msg>
<arg>0.5s</arg>
<doc>Pauses the test executed for the given time.</doc>
<status status="PASS" start="2025-11-29T16:08:47.597758" elapsed="0.500738"/>
</kw>
<kw name="Clear Element Text" owner="SeleniumLibrary">
<arg>${locator}</arg>
<doc>Clears the value of the text-input-element identified by ``locator``.</doc>
<status status="PASS" start="2025-11-29T16:08:48.098631" elapsed="0.017691"/>
</kw>
<kw name="Sleep" owner="BuiltIn">
<msg time="2025-11-29T16:08:48.617302" level="INFO">Slept 500 milliseconds.</msg>
<arg>0.5s</arg>
<doc>Pauses the test executed for the given time.</doc>
<status status="PASS" start="2025-11-29T16:08:48.116458" elapsed="0.500932"/>
</kw>
<kw name="Input Text" owner="SeleniumLibrary">
<msg time="2025-11-29T16:08:48.617725" level="INFO">Typing text '1234567890' into text field 'id=create-edit-report-contact-number-input'.</msg>
<arg>${locator}</arg>
<arg>${text}</arg>
<doc>Types the given ``text`` into the text field identified by ``locator``.</doc>
<status status="PASS" start="2025-11-29T16:08:48.617538" elapsed="0.092865"/>
</kw>
<kw name="Sleep" owner="BuiltIn">
<msg time="2025-11-29T16:08:49.211654" level="INFO">Slept 500 milliseconds.</msg>
<arg>0.5s</arg>
<doc>Pauses the test executed for the given time.</doc>
<status status="PASS" start="2025-11-29T16:08:48.710676" elapsed="0.501132"/>
</kw>
<arg>id=create-edit-report-contact-number-input</arg>
<arg>${contact_number}</arg>
<doc>Input text with explicit focus and clearing for better reliability in CI</doc>
<status status="PASS" start="2025-11-29T16:08:47.533062" elapsed="1.678822"/>
</kw>
<arg>'${contact_number}' != ''</arg>
<arg>Input Text With Focus</arg>
<arg>id=create-edit-report-contact-number-input</arg>
<arg>${contact_number}</arg>
<doc>Runs the given keyword with the given arguments, if ``condition`` is true.</doc>
<status status="PASS" start="2025-11-29T16:08:47.532273" elapsed="1.679648"/>
</kw>
<kw name="Wait Until Element Is Visible" owner="SeleniumLibrary">
<arg>id=react-select-create-edit-report-sex-select-input</arg>
<arg>30s</arg>
<doc>Waits until the element ``locator`` is visible.</doc>
<status status="PASS" start="2025-11-29T16:08:49.212027" elapsed="0.013034"/>
</kw>
<kw name="Wait Until Element Is Enabled" owner="SeleniumLibrary">
<arg>id=react-select-create-edit-report-sex-select-input</arg>
<arg>10s</arg>
<doc>Waits until the element ``locator`` is enabled.</doc>
<status status="PASS" start="2025-11-29T16:08:49.225202" elapsed="0.016344"/>
</kw>
<kw name="Click Element" owner="SeleniumLibrary">
<msg time="2025-11-29T16:08:49.241850" level="INFO">Clicking element 'id=react-select-create-edit-report-sex-select-input'.</msg>
<arg>id=react-select-create-edit-report-sex-select-input</arg>
<doc>Click the element identified by ``locator``.</doc>
<status status="PASS" start="2025-11-29T16:08:49.241688" elapsed="0.045460"/>
</kw>
<kw name="Sleep" owner="BuiltIn">
<msg time="2025-11-29T16:08:51.287843" level="INFO">Slept 2 seconds.</msg>
<arg>2s</arg>
<doc>Pauses the test executed for the given time.</doc>
<status status="PASS" start="2025-11-29T16:08:49.287281" elapsed="2.000720"/>
</kw>
<kw name="Press Keys" owner="SeleniumLibrary">
<msg time="2025-11-29T16:08:51.288436" level="INFO">Sending key(s) ('ARROW_DOWN',) to id=react-select-create-edit-report-sex-select-input element.</msg>
<msg time="2025-11-29T16:08:51.560601" level="INFO">Pressing special key ARROW_DOWN to element.</msg>
<msg time="2025-11-29T16:08:51.560653" level="INFO">Releasing special key ARROW_DOWN.</msg>
<arg>id=react-select-create-edit-report-sex-select-input</arg>
<arg>ARROW_DOWN</arg>
<doc>Simulates the user pressing key(s) to an element or on the active browser.</doc>
<status status="PASS" start="2025-11-29T16:08:51.288151" elapsed="0.278128"/>
</kw>
<kw name="Sleep" owner="BuiltIn">
<msg time="2025-11-29T16:08:52.567245" level="INFO">Slept 1 second.</msg>
<arg>1s</arg>
<doc>Pauses the test executed for the given time.</doc>
<status status="PASS" start="2025-11-29T16:08:51.566418" elapsed="1.000984"/>
</kw>
<kw name="Press Keys" owner="SeleniumLibrary">
<msg time="2025-11-29T16:08:52.568318" level="INFO">Sending key(s) ('RETURN',) to id=react-select-create-edit-report-sex-select-input element.</msg>
<msg time="2025-11-29T16:08:52.857355" level="INFO">Pressing special key RETURN to element.</msg>
<msg time="2025-11-29T16:08:52.857411" level="INFO">Releasing special key RETURN.</msg>
<arg>id=react-select-create-edit-report-sex-select-input</arg>
<arg>RETURN</arg>
<doc>Simulates the user pressing key(s) to an element or on the active browser.</doc>
<status status="PASS" start="2025-11-29T16:08:52.567738" elapsed="0.305285"/>
</kw>
<kw name="Sleep" owner="BuiltIn">
<msg time="2025-11-29T16:08:53.874021" level="INFO">Slept 1 second.</msg>
<arg>1s</arg>
<doc>Pauses the test executed for the given time.</doc>
<status status="PASS" start="2025-11-29T16:08:52.873176" elapsed="1.000942"/>
</kw>
<kw name="Run Keyword If" owner="BuiltIn">
<kw name="Input Text With Focus" owner="create_report_resource">
<kw name="Wait Until Element Is Visible" owner="SeleniumLibrary">
<arg>${locator}</arg>
<arg>30s</arg>
<doc>Waits until the element ``locator`` is visible.</doc>
<status status="PASS" start="2025-11-29T16:08:53.874695" elapsed="0.014234"/>
</kw>
<kw name="Wait Until Element Is Enabled" owner="SeleniumLibrary">
<arg>${locator}</arg>
<arg>10s</arg>
<doc>Waits until the element ``locator`` is enabled.</doc>
<status status="PASS" start="2025-11-29T16:08:53.889080" elapsed="0.011249"/>
</kw>
<kw name="Click Element" owner="SeleniumLibrary">
<msg time="2025-11-29T16:08:53.900604" level="INFO">Clicking element 'id=create-edit-report-title-input'.</msg>
<arg>${locator}</arg>
<doc>Click the element identified by ``locator``.</doc>
<status status="PASS" start="2025-11-29T16:08:53.900456" elapsed="0.037565"/>
</kw>
<kw name="Sleep" owner="BuiltIn">
<msg time="2025-11-29T16:08:54.438712" level="INFO">Slept 500 milliseconds.</msg>
<arg>0.5s</arg>
<doc>Pauses the test executed for the given time.</doc>
<status status="PASS" start="2025-11-29T16:08:53.938156" elapsed="0.500712"/>
</kw>
<kw name="Clear Element Text" owner="SeleniumLibrary">
<arg>${locator}</arg>
<doc>Clears the value of the text-input-element identified by ``locator``.</doc>
<status status="PASS" start="2025-11-29T16:08:54.439055" elapsed="0.046456"/>
</kw>
<kw name="Sleep" owner="BuiltIn">
<msg time="2025-11-29T16:08:54.986849" level="INFO">Slept 500 milliseconds.</msg>
<arg>0.5s</arg>
<doc>Pauses the test executed for the given time.</doc>
<status status="PASS" start="2025-11-29T16:08:54.486027" elapsed="0.501086"/>
</kw>
<kw name="Input Text" owner="SeleniumLibrary">
<msg time="2025-11-29T16:08:54.988089" level="INFO">Typing text '[E2E_TEST] This is a very long title that definitely exceeds one hundred characters and should test the maximum length validation for the title field in the form' into text field 'id=create-edit-report-title-input'.</msg>
<arg>${locator}</arg>
<arg>${text}</arg>
<doc>Types the given ``text`` into the text field identified by ``locator``.</doc>
<status status="PASS" start="2025-11-29T16:08:54.987563" elapsed="0.780165"/>
</kw>
<kw name="Sleep" owner="BuiltIn">
<msg time="2025-11-29T16:08:56.268206" level="INFO">Slept 500 milliseconds.</msg>
<arg>0.5s</arg>
<doc>Pauses the test executed for the given time.</doc>
<status status="PASS" start="2025-11-29T16:08:55.767884" elapsed="0.500422"/>
</kw>
<arg>id=create-edit-report-title-input</arg>
<arg>${report_title}</arg>
<doc>Input text with explicit focus and clearing for better reliability in CI</doc>
<status status="PASS" start="2025-11-29T16:08:53.874508" elapsed="2.393878"/>
</kw>
<arg>'${report_title}' != ''</arg>
<arg>Input Text With Focus</arg>
<arg>id=create-edit-report-title-input</arg>
<arg>${report_title}</arg>
<doc>Runs the given keyword with the given arguments, if ``condition`` is true.</doc>
<status status="PASS" start="2025-11-29T16:08:53.874261" elapsed="2.394167"/>
</kw>
<kw name="Run Keyword If" owner="BuiltIn">
<kw name="Input Text With Focus" owner="create_report_resource">
<kw name="Wait Until Element Is Visible" owner="SeleniumLibrary">
<arg>${locator}</arg>
<arg>30s</arg>
<doc>Waits until the element ``locator`` is visible.</doc>
<status status="PASS" start="2025-11-29T16:08:56.269376" elapsed="0.022006"/>
</kw>
<kw name="Wait Until Element Is Enabled" owner="SeleniumLibrary">
<arg>${locator}</arg>
<arg>10s</arg>
<doc>Waits until the element ``locator`` is enabled.</doc>
<status status="PASS" start="2025-11-29T16:08:56.291531" elapsed="0.012645"/>
</kw>
<kw name="Click Element" owner="SeleniumLibrary">
<msg time="2025-11-29T16:08:56.304519" level="INFO">Clicking element 'id=create-edit-report-description-textarea'.</msg>
<arg>${locator}</arg>
<doc>Click the element identified by ``locator``.</doc>
<status status="PASS" start="2025-11-29T16:08:56.304346" elapsed="0.044786"/>
</kw>
<kw name="Sleep" owner="BuiltIn">
<msg time="2025-11-29T16:08:56.849665" level="INFO">Slept 500 milliseconds.</msg>
<arg>0.5s</arg>
<doc>Pauses the test executed for the given time.</doc>
<status status="PASS" start="2025-11-29T16:08:56.349321" elapsed="0.500440"/>
</kw>
<kw name="Clear Element Text" owner="SeleniumLibrary">
<arg>${locator}</arg>
<doc>Clears the value of the text-input-element identified by ``locator``.</doc>
<status status="PASS" start="2025-11-29T16:08:56.849903" elapsed="0.013448"/>
</kw>
<kw name="Sleep" owner="BuiltIn">
<msg time="2025-11-29T16:08:57.364253" level="INFO">Slept 500 milliseconds.</msg>
<arg>0.5s</arg>
<doc>Pauses the test executed for the given time.</doc>
<status status="PASS" start="2025-11-29T16:08:56.863476" elapsed="0.500884"/>
</kw>
<kw name="Input Text" owner="SeleniumLibrary">
<msg time="2025-11-29T16:08:57.365233" level="INFO">Typing text 'Short description.' into text field 'id=create-edit-report-description-textarea'.</msg>
<arg>${locator}</arg>
<arg>${text}</arg>
<doc>Types the given ``text`` into the text field identified by ``locator``.</doc>
<status status="PASS" start="2025-11-29T16:08:57.364585" elapsed="0.132190"/>
</kw>
<kw name="Sleep" owner="BuiltIn">
<msg time="2025-11-29T16:08:57.997422" level="INFO">Slept 500 milliseconds.</msg>
<arg>0.5s</arg>
<doc>Pauses the test executed for the given time.</doc>
<status status="PASS" start="2025-11-29T16:08:57.496996" elapsed="0.500815"/>
</kw>
<arg>id=create-edit-report-description-textarea</arg>
<arg>${report_description}</arg>
<doc>Input text with explicit focus and clearing for better reliability in CI</doc>
<status status="PASS" start="2025-11-29T16:08:56.269055" elapsed="1.729034"/>
</kw>
<arg>'${report_description}' != ''</arg>
<arg>Input Text With Focus</arg>
<arg>id=create-edit-report-description-textarea</arg>
<arg>${report_description}</arg>
<doc>Runs the given keyword with the given arguments, if ``condition`` is true.</doc>
<status status="PASS" start="2025-11-29T16:08:56.268603" elapsed="1.729628"/>
</kw>
<kw name="Wait Until Element Is Visible" owner="SeleniumLibrary">
<arg>id=react-select-create-edit-report-language-select-input</arg>
<arg>30s</arg>
<doc>Waits until the element ``locator`` is visible.</doc>
[...]
<status status="PASS" start="2025-11-29T16:13:59.995399" elapsed="0.056149"/>
</kw>
<kw name="Sleep" owner="BuiltIn">
<msg time="2025-11-29T16:14:02.052158" level="INFO">Slept 2 seconds.</msg>
<arg>2s</arg>
<doc>Pauses the test executed for the given time.</doc>
<status status="PASS" start="2025-11-29T16:14:00.051686" elapsed="2.000578"/>
</kw>
<kw name="Press Keys" owner="SeleniumLibrary">
<msg time="2025-11-29T16:14:02.053500" level="INFO">Sending key(s) ('English',) to id=react-select-create-edit-report-language-select-input element.</msg>
<msg time="2025-11-29T16:14:02.330121" level="INFO">Sending keys English</msg>
<arg>id=react-select-create-edit-report-language-select-input</arg>
<arg>English</arg>
<doc>Simulates the user pressing key(s) to an element or on the active browser.</doc>
<status status="PASS" start="2025-11-29T16:14:02.052506" elapsed="0.309178"/>
</kw>
<kw name="Sleep" owner="BuiltIn">
<msg time="2025-11-29T16:14:03.362704" level="INFO">Slept 1 second.</msg>
<arg>1s</arg>
<doc>Pauses the test executed for the given time.</doc>
<status status="PASS" start="2025-11-29T16:14:02.361883" elapsed="1.000978"/>
</kw>
<kw name="Press Keys" owner="SeleniumLibrary">
<msg time="2025-11-29T16:14:03.363282" level="INFO">Sending key(s) ('RETURN',) to id=react-select-create-edit-report-language-select-input element.</msg>
<msg time="2025-11-29T16:14:03.638666" level="INFO">Pressing special key RETURN to element.</msg>
<msg time="2025-11-29T16:14:03.638728" level="INFO">Releasing special key RETURN.</msg>
<arg>id=react-select-create-edit-report-language-select-input</arg>
<arg>RETURN</arg>
<doc>Simulates the user pressing key(s) to an element or on the active browser.</doc>
<status status="PASS" start="2025-11-29T16:14:03.363011" elapsed="0.291268"/>
</kw>
<kw name="Sleep" owner="BuiltIn">
<msg time="2025-11-29T16:14:04.655054" level="INFO">Slept 1 second.</msg>
<arg>1s</arg>
<doc>Pauses the test executed for the given time.</doc>
<status status="PASS" start="2025-11-29T16:14:03.654413" elapsed="1.000728"/>
</kw>
<kw name="Wait Until Element Is Visible" owner="SeleniumLibrary">
<arg>id=react-select-create-edit-report-therapy-type-select-input</arg>
<arg>30s</arg>
<doc>Waits until the element ``locator`` is visible.</doc>
<status status="PASS" start="2025-11-29T16:14:04.655273" elapsed="0.014045"/>
</kw>
<kw name="Wait Until Element Is Enabled" owner="SeleniumLibrary">
<arg>id=react-select-create-edit-report-therapy-type-select-input</arg>
<arg>10s</arg>
<doc>Waits until the element ``locator`` is enabled.</doc>
<status status="PASS" start="2025-11-29T16:14:04.669495" elapsed="0.012269"/>
</kw>
<kw name="Click Element" owner="SeleniumLibrary">
<msg time="2025-11-29T16:14:04.682074" level="INFO">Clicking element 'id=react-select-create-edit-report-therapy-type-select-input'.</msg>
<arg>id=react-select-create-edit-report-therapy-type-select-input</arg>
<doc>Click the element identified by ``locator``.</doc>
<status status="PASS" start="2025-11-29T16:14:04.681944" elapsed="0.039742"/>
</kw>
<kw name="Sleep" owner="BuiltIn">
<msg time="2025-11-29T16:14:06.722260" level="INFO">Slept 2 seconds.</msg>
<arg>2s</arg>
<doc>Pauses the test executed for the given time.</doc>
<status status="PASS" start="2025-11-29T16:14:04.721817" elapsed="2.000620"/>
</kw>
<kw name="Press Keys" owner="SeleniumLibrary">
<msg time="2025-11-29T16:14:06.723747" level="INFO">Sending key(s) ('ARROW_DOWN',) to id=react-select-create-edit-report-therapy-type-select-input element.</msg>
<msg time="2025-11-29T16:14:07.003232" level="INFO">Pressing special key ARROW_DOWN to element.</msg>
<msg time="2025-11-29T16:14:07.003313" level="INFO">Releasing special key ARROW_DOWN.</msg>
<arg>id=react-select-create-edit-report-therapy-type-select-input</arg>
<arg>ARROW_DOWN</arg>
<doc>Simulates the user pressing key(s) to an element or on the active browser.</doc>
<status status="PASS" start="2025-11-29T16:14:06.722754" elapsed="0.289779"/>
</kw>
<kw name="Sleep" owner="BuiltIn">
<msg time="2025-11-29T16:14:08.013549" level="INFO">Slept 1 second.</msg>
<arg>1s</arg>
<doc>Pauses the test executed for the given time.</doc>
<status status="PASS" start="2025-11-29T16:14:07.012736" elapsed="1.000955"/>
</kw>
<kw name="Press Keys" owner="SeleniumLibrary">
<msg time="2025-11-29T16:14:08.014233" level="INFO">Sending key(s) ('RETURN',) to id=react-select-create-edit-report-therapy-type-select-input element.</msg>
<msg time="2025-11-29T16:14:08.288403" level="INFO">Pressing special key RETURN to element.</msg>
<msg time="2025-11-29T16:14:08.288476" level="INFO">Releasing special key RETURN.</msg>
<arg>id=react-select-create-edit-report-therapy-type-select-input</arg>
<arg>RETURN</arg>
<doc>Simulates the user pressing key(s) to an element or on the active browser.</doc>
<status status="PASS" start="2025-11-29T16:14:08.013884" elapsed="0.286659"/>
</kw>
<kw name="Sleep" owner="BuiltIn">
<msg time="2025-11-29T16:14:09.301391" level="INFO">Slept 1 second.</msg>
<arg>1s</arg>
<doc>Pauses the test executed for the given time.</doc>
<status status="PASS" start="2025-11-29T16:14:08.300728" elapsed="1.000766"/>
</kw>
<kw name="Run Keyword If" owner="BuiltIn">
<kw name="Wait Until Element Is Visible" owner="SeleniumLibrary">
<arg>css=.bn-inline-content</arg>
<arg>30s</arg>
<doc>Waits until the element ``locator`` is visible.</doc>
<status status="PASS" start="2025-11-29T16:14:09.301899" elapsed="0.012483"/>
</kw>
<arg>'${report_content}' != ''</arg>
<arg>Wait Until Element Is Visible</arg>
<arg>css=.bn-inline-content</arg>
<arg>30s</arg>
<doc>Runs the given keyword with the given arguments, if ``condition`` is true.</doc>
<status status="PASS" start="2025-11-29T16:14:09.301656" elapsed="0.012797"/>
</kw>
<kw name="Run Keyword If" owner="BuiltIn">
<kw name="Wait Until Element Is Enabled" owner="SeleniumLibrary">
<arg>css=.bn-inline-content</arg>
<arg>10s</arg>
<doc>Waits until the element ``locator`` is enabled.</doc>
<status status="PASS" start="2025-11-29T16:14:09.314762" elapsed="0.011259"/>
</kw>
<arg>'${report_content}' != ''</arg>
<arg>Wait Until Element Is Enabled</arg>
<arg>css=.bn-inline-content</arg>
<arg>10s</arg>
<doc>Runs the given keyword with the given arguments, if ``condition`` is true.</doc>
<status status="PASS" start="2025-11-29T16:14:09.314568" elapsed="0.011530"/>
</kw>
<kw name="Run Keyword If" owner="BuiltIn">
<kw name="Click Element" owner="SeleniumLibrary">
<msg time="2025-11-29T16:14:09.326538" level="INFO">Clicking element 'css=.bn-inline-content'.</msg>
<arg>css=.bn-inline-content</arg>
<doc>Click the element identified by ``locator``.</doc>
<status status="PASS" start="2025-11-29T16:14:09.326423" elapsed="0.072448"/>
</kw>
<arg>'${report_content}' != ''</arg>
<arg>Click Element</arg>
<arg>css=.bn-inline-content</arg>
<doc>Runs the given keyword with the given arguments, if ``condition`` is true.</doc>
<status status="PASS" start="2025-11-29T16:14:09.326224" elapsed="0.072765"/>
</kw>
<kw name="Run Keyword If" owner="BuiltIn">
<kw name="Sleep" owner="BuiltIn">
<msg time="2025-11-29T16:14:11.400036" level="INFO">Slept 2 seconds.</msg>
<arg>2s</arg>
<doc>Pauses the test executed for the given time.</doc>
<status status="PASS" start="2025-11-29T16:14:09.399470" elapsed="2.000735"/>
</kw>
<arg>'${report_content}' != ''</arg>
<arg>Sleep</arg>
<arg>2s</arg>
<doc>Runs the given keyword with the given arguments, if ``condition`` is true.</doc>
<status status="PASS" start="2025-11-29T16:14:09.399169" elapsed="2.001095"/>
</kw>
<kw name="Run Keyword If" owner="BuiltIn">
<kw name="Input Text" owner="SeleniumLibrary">
<msg time="2025-11-29T16:14:11.400734" level="INFO">Typing text 'Test content.' into text field 'css=.bn-inline-content'.</msg>
<arg>css=.bn-inline-content</arg>
<arg>${report_content}</arg>
<doc>Types the given ``text`` into the text field identified by ``locator``.</doc>
<status status="PASS" start="2025-11-29T16:14:11.400598" elapsed="0.177504"/>
</kw>
<arg>'${report_content}' != ''</arg>
<arg>Input Text</arg>
<arg>css=.bn-inline-content</arg>
<arg>${report_content}</arg>
<doc>Runs the given keyword with the given arguments, if ``condition`` is true.</doc>
<status status="PASS" start="2025-11-29T16:14:11.400390" elapsed="0.177843"/>
</kw>
<kw name="Run Keyword If" owner="BuiltIn">
<kw name="Sleep" owner="BuiltIn">
<msg time="2025-11-29T16:14:12.579464" level="INFO">Slept 1 second.</msg>
<arg>1s</arg>
<doc>Pauses the test executed for the given time.</doc>
<status status="PASS" start="2025-11-29T16:14:11.578701" elapsed="1.000889"/>
</kw>
<arg>'${report_content}' != ''</arg>
<arg>Sleep</arg>
<arg>1s</arg>
<doc>Runs the given keyword with the given arguments, if ``condition`` is true.</doc>
<status status="PASS" start="2025-11-29T16:14:11.578399" elapsed="1.001273"/>
</kw>
<kw name="Wait Until Element Is Visible" owner="SeleniumLibrary">
<arg>id=create-edit-report-submit-btn</arg>
<arg>30s</arg>
<doc>Waits until the element ``locator`` is visible.</doc>
<status status="PASS" start="2025-11-29T16:14:12.579828" elapsed="0.016580"/>
</kw>
<kw name="Wait Until Element Is Enabled" owner="SeleniumLibrary">
<arg>id=create-edit-report-submit-btn</arg>
<arg>10s</arg>
<doc>Waits until the element ``locator`` is enabled.</doc>
<status status="PASS" start="2025-11-29T16:14:12.596601" elapsed="0.011828"/>
</kw>
<kw name="Scroll Element Into View" owner="SeleniumLibrary">
<arg>id=create-edit-report-submit-btn</arg>
<doc>Scrolls the element identified by ``locator`` into view.</doc>
<status status="PASS" start="2025-11-29T16:14:12.608685" elapsed="0.290580"/>
</kw>
<kw name="Sleep" owner="BuiltIn">
<msg time="2025-11-29T16:14:14.900548" level="INFO">Slept 2 seconds.</msg>
<arg>2s</arg>
<doc>Pauses the test executed for the given time.</doc>
<status status="PASS" start="2025-11-29T16:14:12.899436" elapsed="2.001232"/>
</kw>
<kw name="Execute Javascript" owner="SeleniumLibrary">
<msg time="2025-11-29T16:14:14.901309" level="INFO">Executing JavaScript:
document.getElementById('create-edit-report-submit-btn').scrollIntoView()
Without any arguments.</msg>
<arg>document.getElementById('create-edit-report-submit-btn').scrollIntoView()</arg>
<doc>Executes the given JavaScript code with possible arguments.</doc>
<status status="PASS" start="2025-11-29T16:14:14.900878" elapsed="0.008850"/>
</kw>
<kw name="Sleep" owner="BuiltIn">
<msg time="2025-11-29T16:14:15.910408" level="INFO">Slept 1 second.</msg>
<arg>1s</arg>
<doc>Pauses the test executed for the given time.</doc>
<status status="PASS" start="2025-11-29T16:14:14.909942" elapsed="1.000598"/>
</kw>
<kw name="Execute Javascript" owner="SeleniumLibrary">
<msg time="2025-11-29T16:14:15.911340" level="INFO">Executing JavaScript:
document.getElementById('create-edit-report-submit-btn').click()
Without any arguments.</msg>
<arg>document.getElementById('create-edit-report-submit-btn').click()</arg>
<doc>Executes the given JavaScript code with possible arguments.</doc>
<status status="PASS" start="2025-11-29T16:14:15.910902" elapsed="0.012892"/>
</kw>
<kw name="Sleep" owner="BuiltIn">
<msg time="2025-11-29T16:14:20.924602" level="INFO">Slept 5 seconds.</msg>
<arg>5s</arg>
<doc>Pauses the test executed for the given time.</doc>
<status status="PASS" start="2025-11-29T16:14:15.923933" elapsed="5.000760"/>
</kw>
<kw name="Run Keyword And Ignore Error" owner="BuiltIn">
<kw name="Click Element" owner="SeleniumLibrary">
<msg time="2025-11-29T16:14:20.925067" level="INFO">Clicking element 'id=create-edit-report-submit-btn'.</msg>
<arg>id=create-edit-report-submit-btn</arg>
<doc>Click the element identified by ``locator``.</doc>
<status status="PASS" start="2025-11-29T16:14:20.924954" elapsed="0.037587"/>
</kw>
<arg>Click Element</arg>
<arg>id=create-edit-report-submit-btn</arg>
<doc>Runs the given keyword with the given arguments and ignores possible error.</doc>
<status status="PASS" start="2025-11-29T16:14:20.924823" elapsed="0.037795"/>
</kw>
<kw name="Sleep" owner="BuiltIn">
<msg time="2025-11-29T16:14:30.962874" level="INFO">Slept 10 seconds.</msg>
<arg>10s</arg>
<doc>Pauses the test executed for the given time.</doc>
<status status="PASS" start="2025-11-29T16:14:20.962721" elapsed="10.000240"/>
</kw>
<arg>John</arg>
<arg>Doe</arg>
<arg>01/15/1990</arg>
<arg>abc123</arg>
<arg>[E2E_TEST] Invalid Phone</arg>
<arg>Test description.</arg>
<arg>Test content.</arg>
<status status="PASS" start="2025-11-29T16:13:37.496630" elapsed="53.466405"/>
</kw>
<kw name="Verify Report Creation Failed" owner="create_report_resource">
<kw name="Sleep" owner="BuiltIn">
<msg time="2025-11-29T16:14:33.964315" level="INFO">Slept 3 seconds.</msg>
<arg>3s</arg>
<doc>Pauses the test executed for the given time.</doc>
<status status="PASS" start="2025-11-29T16:14:30.963692" elapsed="3.000910"/>
</kw>
<kw name="Run Keyword And Return Status" owner="BuiltIn">
<kw name="Wait Until Element Is Visible" owner="SeleniumLibrary">
<arg>id=create-edit-report-submit-btn</arg>
<arg>30s</arg>
<doc>Waits until the element ``locator`` is visible.</doc>
<status status="PASS" start="2025-11-29T16:14:33.965924" elapsed="0.018574"/>
</kw>
<arg>Wait Until Element Is Visible</arg>
<arg>id=create-edit-report-submit-btn</arg>
<arg>30s</arg>
<doc>Runs the given keyword with given arguments and returns the status as a Boolean value.</doc>
<status status="PASS" start="2025-11-29T16:14:33.965125" elapsed="0.019466"/>
</kw>
<kw name="Run Keyword And Return Status" owner="BuiltIn">
<kw name="Wait Until Page Contains" owner="SeleniumLibrary">
<arg>Patient Details</arg>
<arg>30s</arg>
<doc>Waits until ``text`` appears on the current page.</doc>
<status status="PASS" start="2025-11-29T16:14:33.984876" elapsed="0.008412"/>
</kw>
<msg time="2025-11-29T16:14:33.993413" level="INFO">${on_create_page} = True</msg>
<var>${on_create_page}</var>
<arg>Wait Until Page Contains</arg>
<arg>Patient Details</arg>
<arg>30s</arg>
<doc>Runs the given keyword with given arguments and returns the status as a Boolean value.</doc>
<status status="PASS" start="2025-11-29T16:14:33.984724" elapsed="0.008706"/>
</kw>
<kw name="Run Keyword If" owner="BuiltIn">
<arg>not ${on_create_page}</arg>
<arg>Wait Until Page Contains</arg>
<arg>Report Details</arg>
<arg>30s</arg>
<doc>Runs the given keyword with the given arguments, if ``condition`` is true.</doc>
<status status="PASS" start="2025-11-29T16:14:33.993540" elapsed="0.000129"/>
</kw>
<kw name="Run Keyword If" owner="BuiltIn">
<arg>not ${on_create_page}</arg>
<arg>Wait Until Page Contains</arg>
<arg>Report Content</arg>
<arg>30s</arg>
<doc>Runs the given keyword with the given arguments, if ``condition`` is true.</doc>
<status status="PASS" start="2025-11-29T16:14:33.993743" elapsed="0.000173"/>
</kw>
<kw name="Run Keyword If" owner="BuiltIn">
<arg>not ${on_create_page}</arg>
<arg>Wait Until Element Is Visible</arg>
<arg>css=input,select,textarea</arg>
<arg>30s</arg>
<doc>Runs the given keyword with the given arguments, if ``condition`` is true.</doc>
<status status="PASS" start="2025-11-29T16:14:33.994019" elapsed="0.000097"/>
</kw>
<status status="PASS" start="2025-11-29T16:14:30.963452" elapsed="3.030714"/>
</kw>
<kw name="Close Browser Safely" owner="create_report_resource">
<kw name="Run Keyword And Ignore Error" owner="BuiltIn">
<kw name="Close Browser" owner="SeleniumLibrary">
<doc>Closes the current browser.</doc>
<status status="PASS" start="2025-11-29T16:14:33.994674" elapsed="2.146049"/>
</kw>
<arg>Close Browser</arg>
<doc>Runs the given keyword with the given arguments and ignores possible error.</doc>
<status status="PASS" start="2025-11-29T16:14:33.994591" elapsed="2.146300"/>
</kw>
<status status="PASS" start="2025-11-29T16:14:33.994439" elapsed="2.146590"/>
</kw>
<kw name="Cleanup All E2E Test Data" owner="create_report_resource">
<kw name="Log" owner="BuiltIn">
<msg time="2025-11-29T16:14:36.141985" level="INFO">Starting E2E test data cleanup...</msg>
<arg>Starting E2E test data cleanup...</arg>
<doc>Logs the given message with the given level.</doc>
<status status="PASS" start="2025-11-29T16:14:36.141892" elapsed="0.000136"/>
</kw>
<kw name="Set Variable" owner="BuiltIn">
<msg time="2025-11-29T16:14:36.142284" level="INFO">${script_path} = C:\Users\marie\OneDrive\Documents\GitHub\sharerapy\tests\robot\e2e\report\..\..\..\scripts\cleanup-e2e-test-data.js</msg>
<var>${script_path}</var>
<arg>C:\\Users\\marie\\OneDrive\\Documents\\GitHub\\sharerapy\\tests\\robot\\e2e\\report${/}..${/}..${/}..${/}scripts${/}cleanup-e2e-test-data.js</arg>
<doc>Returns the given values which can then be assigned to a variables.</doc>
<status status="PASS" start="2025-11-29T16:14:36.142113" elapsed="0.000190"/>
</kw>
<kw name="Set Variable" owner="BuiltIn">
<msg time="2025-11-29T16:14:36.142521" level="INFO">${workspace_path} = C:\Users\marie\OneDrive\Documents\GitHub\sharerapy\tests\robot\e2e\report\..\..\..\..</msg>
<var>${workspace_path}</var>
<arg>C:\\Users\\marie\\OneDrive\\Documents\\GitHub\\sharerapy\\tests\\robot\\e2e\\report${/}..${/}..${/}..${/}..</arg>
<doc>Returns the given values which can then be assigned to a variables.</doc>
<status status="PASS" start="2025-11-29T16:14:36.142381" elapsed="0.000158"/>
</kw>
<kw name="Run Process" owner="Process">
<msg time="2025-11-29T16:14:36.142808" level="INFO">Starting process:
node C:\Users\marie\OneDrive\Documents\GitHub\sharerapy\tests\robot\e2e\report\..\..\..\scripts\cleanup-e2e-test-data.js</msg>
<msg time="2025-11-29T16:14:36.152222" level="INFO">Waiting for process to complete.</msg>
<msg time="2025-11-29T16:14:38.263026" level="INFO">Process completed.</msg>
<msg time="2025-11-29T16:14:38.263169" level="INFO">${result} = &lt;result object with rc 0&gt;</msg>
<var>${result}</var>
<arg>node</arg>
<arg>${script_path}</arg>
<arg>cwd=${workspace_path}</arg>
<arg>shell=True</arg>
<doc>Runs a process and waits for it to complete.</doc>
<status status="PASS" start="2025-11-29T16:14:36.142615" elapsed="2.120576"/>
</kw>
<kw name="Log" owner="BuiltIn">
<msg time="2025-11-29T16:14:38.263732" level="INFO">Cleanup script output: [dotenv@17.2.3] injecting env (4) from .env.local -- tip: Γ£à audit secrets and track compliance: https://dotenvx.com/ops
Environment loaded from: .env.local
Starting E2E test data cleanup...
Cleaning up test reports...
Cleanup completed! Deleted 0 test records total.</msg>
<arg>Cleanup script output: ${result.stdout}</arg>
<doc>Logs the given message with the given level.</doc>
<status status="PASS" start="2025-11-29T16:14:38.263339" elapsed="0.000441"/>
</kw>
<kw name="Run Keyword If" owner="BuiltIn">
<arg>${result.rc} != 0</arg>
<arg>Log</arg>
<arg>Cleanup script failed with exit code ${result.rc}. Error: ${result.stderr}</arg>
<arg>WARN</arg>
<doc>Runs the given keyword with the given arguments, if ``condition`` is true.</doc>
<status status="PASS" start="2025-11-29T16:14:38.263877" elapsed="0.000338"/>
</kw>
<kw name="Run Keyword If" owner="BuiltIn">
<arg>${result.rc} != 0</arg>
<arg>Log</arg>
<arg>Continuing test execution despite cleanup failure...</arg>
<arg>WARN</arg>
<doc>Runs the given keyword with the given arguments, if ``condition`` is true.</doc>
<status status="PASS" start="2025-11-29T16:14:38.264301" elapsed="0.000293"/>
</kw>
<doc>Run the Node.js cleanup script to remove all E2E test data from Supabase</doc>
<status status="PASS" start="2025-11-29T16:14:36.141657" elapsed="2.123191"/>
</kw>
<doc>This test attempts to create a report with invalid phone number</doc>
<status status="PASS" start="2025-11-29T16:13:22.541313" elapsed="75.723801"/>
</test>
<doc>Test case for different inputs on create report to Sharerapy</doc>
<status status="PASS" start="2025-11-29T16:07:03.574045" elapsed="454.691772"/>
</suite>
<statistics>
<total>
<stat pass="6" fail="0" skip="0">All Tests</stat>
</total>
<tag>
</tag>
<suite>
<stat pass="6" fail="0" skip="0" id="s1" name="Create Report Tests">Create Report Tests</stat>
</suite>
</statistics>
<errors>
</errors>
</robot>
