<?xml version="1.0" encoding="UTF-8"?>
<robot generator="Robot 7.1.1 (Python 3.13.3 on win32)" generated="2025-11-29T15:29:51.863068" rpa="false" schemaversion="5">
<suite id="s1" name="Create Report Tests" source="C:\Users\marie\OneDrive\Documents\GitHub\sharerapy\tests\robot\e2e\report\create_report_tests.robot">
<test id="s1-t1" name="Successful Create Report - Normal Data" line="7">
<kw name="Open Sharerapy Login Page" owner="create_report_resource">
<kw name="Open Browser" owner="SeleniumLibrary">
<msg time="2025-11-29T15:29:52.086016" level="INFO">Opening browser 'Chrome' to base url 'https://sharerapy-staging.vercel.app/'.</msg>
<arg>${URL}</arg>
<arg>${BROWSER}</arg>
<arg>options=add_argument("--headless");add_argument("--no-sandbox");add_argument("--disable-dev-shm-usage");add_argument("--disable-gpu");add_argument("--window-size=1920,1080");add_argument("--disable-web-security");add_argument("--allow-running-insecure-content");add_argument("--disable-password-manager-reauthentication");add_argument("--disable-features=VizDisplayCompositor");add_argument("--disable-notifications");add_argument("--disable-infobars")</arg>
<doc>Opens a new browser instance to the optional ``url``.</doc>
<status status="PASS" start="2025-11-29T15:29:52.085826" elapsed="3.391892"/>
</kw>
<kw name="Set Window Size" owner="SeleniumLibrary">
<arg>1920</arg>
<arg>1080</arg>
<doc>Sets current windows size to given ``width`` and ``height``.</doc>
<status status="PASS" start="2025-11-29T15:29:55.477916" elapsed="0.003211"/>
</kw>
<status status="PASS" start="2025-11-29T15:29:52.085269" elapsed="3.395958"/>
</kw>
<kw name="Login With Valid Credentials" owner="create_report_resource">
<kw name="Input Text" owner="SeleniumLibrary">
<msg time="2025-11-29T15:29:55.481931" level="INFO">Typing text 'e2e@email.com' into text field 'css=input[type="email"]'.</msg>
<arg>css=input[type="email"]</arg>
<arg>${VALID_USERNAME}</arg>
<doc>Types the given ``text`` into the text field identified by ``locator``.</doc>
<status status="PASS" start="2025-11-29T15:29:55.481692" elapsed="0.078383"/>
</kw>
<kw name="Input Text" owner="SeleniumLibrary">
<msg time="2025-11-29T15:29:55.560421" level="INFO">Typing text 'mariel' into text field 'css=input[type="password"]'.</msg>
<arg>css=input[type="password"]</arg>
<arg>${VALID_PASSWORD}</arg>
<doc>Types the given ``text`` into the text field identified by ``locator``.</doc>
<status status="PASS" start="2025-11-29T15:29:55.560229" elapsed="0.052597"/>
</kw>
<kw name="Click Element" owner="SeleniumLibrary">
<msg time="2025-11-29T15:29:55.613097" level="INFO">Clicking element 'css=button[type="submit"]'.</msg>
<arg>css=button[type="submit"]</arg>
<doc>Click the element identified by ``locator``.</doc>
<status status="PASS" start="2025-11-29T15:29:55.612965" elapsed="0.043108"/>
</kw>
<status status="PASS" start="2025-11-29T15:29:55.481484" elapsed="0.174735"/>
</kw>
<kw name="Should See Landing Page" owner="create_report_resource">
<kw name="Wait Until Page Contains" owner="SeleniumLibrary">
<arg>Share Knowledge</arg>
<arg>30s</arg>
<doc>Waits until ``text`` appears on the current page.</doc>
<status status="PASS" start="2025-11-29T15:29:55.656656" elapsed="2.270019"/>
</kw>
<status status="PASS" start="2025-11-29T15:29:55.656471" elapsed="2.270286"/>
</kw>
<kw name="Click Reports From Landing" owner="create_report_resource">
<kw name="Wait Until Page Contains" owner="SeleniumLibrary">
<arg>Reports</arg>
<arg>30s</arg>
<doc>Waits until ``text`` appears on the current page.</doc>
<status status="PASS" start="2025-11-29T15:29:57.927178" elapsed="0.006711"/>
</kw>
<kw name="Sleep" owner="BuiltIn">
<msg time="2025-11-29T15:30:00.934535" level="INFO">Slept 3 seconds.</msg>
<arg>3s</arg>
<doc>Pauses the test executed for the given time.</doc>
<status status="PASS" start="2025-11-29T15:29:57.934023" elapsed="3.000612"/>
</kw>
<kw name="Execute Javascript" owner="SeleniumLibrary">
<msg time="2025-11-29T15:30:00.935358" level="INFO">Executing JavaScript:
document.getElementById('landing-reports-btn').click()
Without any arguments.</msg>
<arg>document.getElementById('landing-reports-btn').click()</arg>
<doc>Executes the given JavaScript code with possible arguments.</doc>
<status status="PASS" start="2025-11-29T15:30:00.934774" elapsed="0.008898"/>
</kw>
<status status="PASS" start="2025-11-29T15:29:57.927000" elapsed="3.016769"/>
</kw>
<kw name="Should See Reports Page" owner="create_report_resource">
<kw name="Wait Until Page Contains" owner="SeleniumLibrary">
<arg>Create Report</arg>
<arg>30s</arg>
<doc>Waits until ``text`` appears on the current page.</doc>
<status status="PASS" start="2025-11-29T15:30:00.944271" elapsed="1.884784"/>
</kw>
<status status="PASS" start="2025-11-29T15:30:00.944087" elapsed="1.885146"/>
</kw>
<kw name="Click Create Report" owner="create_report_resource">
<kw name="Wait Until Element Is Visible" owner="SeleniumLibrary">
<arg>id=sidebar-create-report-link</arg>
<arg>30s</arg>
<doc>Waits until the element ``locator`` is visible.</doc>
<status status="PASS" start="2025-11-29T15:30:02.830050" elapsed="0.026731"/>
</kw>
<kw name="Execute Javascript" owner="SeleniumLibrary">
<msg time="2025-11-29T15:30:02.857491" level="INFO">Executing JavaScript:
document.getElementById('sidebar-create-report-link').click()
Without any arguments.</msg>
<arg>document.getElementById('sidebar-create-report-link').click()</arg>
<doc>Executes the given JavaScript code with possible arguments.</doc>
<status status="PASS" start="2025-11-29T15:30:02.857013" elapsed="0.012012"/>
</kw>
<kw name="Sleep" owner="BuiltIn">
<msg time="2025-11-29T15:30:04.870228" level="INFO">Slept 2 seconds.</msg>
<arg>2s</arg>
<doc>Pauses the test executed for the given time.</doc>
<status status="PASS" start="2025-11-29T15:30:02.869272" elapsed="2.001187"/>
</kw>
<status status="PASS" start="2025-11-29T15:30:02.829674" elapsed="2.041001"/>
</kw>
<kw name="Input Report Details With Data" owner="create_report_resource">
<kw name="Wait Until Page Contains" owner="SeleniumLibrary">
<arg>Patient Details</arg>
<arg>30s</arg>
<doc>Waits until ``text`` appears on the current page.</doc>
<status status="PASS" start="2025-11-29T15:30:04.871627" elapsed="0.014734"/>
</kw>
<kw name="Sleep" owner="BuiltIn">
<msg time="2025-11-29T15:30:07.887335" level="INFO">Slept 3 seconds.</msg>
<arg>3s</arg>
<doc>Pauses the test executed for the given time.</doc>
<status status="PASS" start="2025-11-29T15:30:04.886536" elapsed="3.000908"/>
</kw>
<kw name="Wait Until Element Is Visible" owner="SeleniumLibrary">
<arg>id=react-select-create-edit-report-country-select-input</arg>
<arg>30s</arg>
<doc>Waits until the element ``locator`` is visible.</doc>
<status status="PASS" start="2025-11-29T15:30:07.887588" elapsed="0.015523"/>
</kw>
<kw name="Wait Until Element Is Enabled" owner="SeleniumLibrary">
<arg>id=react-select-create-edit-report-country-select-input</arg>
<arg>10s</arg>
<doc>Waits until the element ``locator`` is enabled.</doc>
<status status="PASS" start="2025-11-29T15:30:07.903354" elapsed="0.019684"/>
</kw>
<kw name="Click Element" owner="SeleniumLibrary">
<msg time="2025-11-29T15:30:07.923370" level="INFO">Clicking element 'id=react-select-create-edit-report-country-select-input'.</msg>
<arg>id=react-select-create-edit-report-country-select-input</arg>
<doc>Click the element identified by ``locator``.</doc>
<status status="PASS" start="2025-11-29T15:30:07.923184" elapsed="0.072076"/>
</kw>
<kw name="Sleep" owner="BuiltIn">
<msg time="2025-11-29T15:30:09.996246" level="INFO">Slept 2 seconds.</msg>
<arg>2s</arg>
<doc>Pauses the test executed for the given time.</doc>
<status status="PASS" start="2025-11-29T15:30:07.995446" elapsed="2.000892"/>
</kw>
<kw name="Press Keys" owner="SeleniumLibrary">
<msg time="2025-11-29T15:30:09.996808" level="INFO">Sending key(s) ('ARROW_DOWN',) to id=react-select-create-edit-report-country-select-input element.</msg>
<msg time="2025-11-29T15:30:10.266565" level="INFO">Pressing special key ARROW_DOWN to element.</msg>
<msg time="2025-11-29T15:30:10.266760" level="INFO">Releasing special key ARROW_DOWN.</msg>
<arg>id=react-select-create-edit-report-country-select-input</arg>
<arg>ARROW_DOWN</arg>
<doc>Simulates the user pressing key(s) to an element or on the active browser.</doc>
<status status="PASS" start="2025-11-29T15:30:09.996492" elapsed="0.279781"/>
</kw>
<kw name="Sleep" owner="BuiltIn">
<msg time="2025-11-29T15:30:11.277104" level="INFO">Slept 1 second.</msg>
<arg>1s</arg>
<doc>Pauses the test executed for the given time.</doc>
<status status="PASS" start="2025-11-29T15:30:10.276420" elapsed="1.000965"/>
</kw>
<kw name="Press Keys" owner="SeleniumLibrary">
<msg time="2025-11-29T15:30:11.278503" level="INFO">Sending key(s) ('RETURN',) to id=react-select-create-edit-report-country-select-input element.</msg>
<msg time="2025-11-29T15:30:11.559593" level="INFO">Pressing special key RETURN to element.</msg>
<msg time="2025-11-29T15:30:11.559657" level="INFO">Releasing special key RETURN.</msg>
<arg>id=react-select-create-edit-report-country-select-input</arg>
<arg>RETURN</arg>
<doc>Simulates the user pressing key(s) to an element or on the active browser.</doc>
<status status="PASS" start="2025-11-29T15:30:11.277886" elapsed="0.293133"/>
</kw>
<kw name="Sleep" owner="BuiltIn">
<msg time="2025-11-29T15:30:12.572039" level="INFO">Slept 1 second.</msg>
<arg>1s</arg>
<doc>Pauses the test executed for the given time.</doc>
<status status="PASS" start="2025-11-29T15:30:11.571204" elapsed="1.000951"/>
</kw>
<kw name="Run Keyword If" owner="BuiltIn">
<kw name="Input Text With Focus" owner="create_report_resource">
<kw name="Wait Until Element Is Visible" owner="SeleniumLibrary">
<arg>${locator}</arg>
<arg>30s</arg>
<doc>Waits until the element ``locator`` is visible.</doc>
<status status="PASS" start="2025-11-29T15:30:12.572826" elapsed="0.016945"/>
</kw>
<kw name="Wait Until Element Is Enabled" owner="SeleniumLibrary">
<arg>${locator}</arg>
<arg>10s</arg>
<doc>Waits until the element ``locator`` is enabled.</doc>
<status status="PASS" start="2025-11-29T15:30:12.589906" elapsed="0.013158"/>
</kw>
<kw name="Click Element" owner="SeleniumLibrary">
<msg time="2025-11-29T15:30:12.603417" level="INFO">Clicking element 'id=create-edit-report-first-name-input'.</msg>
<arg>${locator}</arg>
<doc>Click the element identified by ``locator``.</doc>
<status status="PASS" start="2025-11-29T15:30:12.603196" elapsed="0.040137"/>
</kw>
<kw name="Sleep" owner="BuiltIn">
<msg time="2025-11-29T15:30:13.144280" level="INFO">Slept 500 milliseconds.</msg>
<arg>0.5s</arg>
<doc>Pauses the test executed for the given time.</doc>
<status status="PASS" start="2025-11-29T15:30:12.643478" elapsed="0.500898"/>
</kw>
<kw name="Clear Element Text" owner="SeleniumLibrary">
<arg>${locator}</arg>
<doc>Clears the value of the text-input-element identified by ``locator``.</doc>
<status status="PASS" start="2025-11-29T15:30:13.144513" elapsed="0.023493"/>
</kw>
<kw name="Sleep" owner="BuiltIn">
<msg time="2025-11-29T15:30:13.668634" level="INFO">Slept 500 milliseconds.</msg>
<arg>0.5s</arg>
<doc>Pauses the test executed for the given time.</doc>
<status status="PASS" start="2025-11-29T15:30:13.168137" elapsed="0.500650"/>
</kw>
<kw name="Input Text" owner="SeleniumLibrary">
<msg time="2025-11-29T15:30:13.669263" level="INFO">Typing text 'John' into text field 'id=create-edit-report-first-name-input'.</msg>
<arg>${locator}</arg>
<arg>${text}</arg>
<doc>Types the given ``text`` into the text field identified by ``locator``.</doc>
<status status="PASS" start="2025-11-29T15:30:13.669004" elapsed="0.074534"/>
</kw>
<kw name="Sleep" owner="BuiltIn">
<msg time="2025-11-29T15:30:14.244202" level="INFO">Slept 500 milliseconds.</msg>
<arg>0.5s</arg>
<doc>Pauses the test executed for the given time.</doc>
<status status="PASS" start="2025-11-29T15:30:13.743743" elapsed="0.500595"/>
</kw>
<arg>id=create-edit-report-first-name-input</arg>
<arg>${first_name}</arg>
<doc>Input text with explicit focus and clearing for better reliability in CI</doc>
<status status="PASS" start="2025-11-29T15:30:12.572625" elapsed="1.671844"/>
</kw>
<arg>'${first_name}' != ''</arg>
<arg>Input Text With Focus</arg>
<arg>id=create-edit-report-first-name-input</arg>
<arg>${first_name}</arg>
<doc>Runs the given keyword with the given arguments, if ``condition`` is true.</doc>
<status status="PASS" start="2025-11-29T15:30:12.572331" elapsed="1.672219"/>
</kw>
<kw name="Run Keyword If" owner="BuiltIn">
<kw name="Input Text With Focus" owner="create_report_resource">
<kw name="Wait Until Element Is Visible" owner="SeleniumLibrary">
<arg>${locator}</arg>
<arg>30s</arg>
<doc>Waits until the element ``locator`` is visible.</doc>
<status status="PASS" start="2025-11-29T15:30:14.245566" elapsed="0.020793"/>
</kw>
<kw name="Wait Until Element Is Enabled" owner="SeleniumLibrary">
<arg>${locator}</arg>
<arg>10s</arg>
<doc>Waits until the element ``locator`` is enabled.</doc>
<status status="PASS" start="2025-11-29T15:30:14.266568" elapsed="0.016464"/>
</kw>
<kw name="Click Element" owner="SeleniumLibrary">
<msg time="2025-11-29T15:30:14.283567" level="INFO">Clicking element 'id=create-edit-report-last-name-input'.</msg>
<arg>${locator}</arg>
<doc>Click the element identified by ``locator``.</doc>
<status status="PASS" start="2025-11-29T15:30:14.283289" elapsed="0.069592"/>
</kw>
<kw name="Sleep" owner="BuiltIn">
<msg time="2025-11-29T15:30:14.853472" level="INFO">Slept 500 milliseconds.</msg>
<arg>0.5s</arg>
<doc>Pauses the test executed for the given time.</doc>
<status status="PASS" start="2025-11-29T15:30:14.353051" elapsed="0.500568"/>
</kw>
<kw name="Clear Element Text" owner="SeleniumLibrary">
<arg>${locator}</arg>
<doc>Clears the value of the text-input-element identified by ``locator``.</doc>
<status status="PASS" start="2025-11-29T15:30:14.853820" elapsed="0.037410"/>
</kw>
<kw name="Sleep" owner="BuiltIn">
<msg time="2025-11-29T15:30:15.392178" level="INFO">Slept 500 milliseconds.</msg>
<arg>0.5s</arg>
<doc>Pauses the test executed for the given time.</doc>
<status status="PASS" start="2025-11-29T15:30:14.891449" elapsed="0.500909"/>
</kw>
<kw name="Input Text" owner="SeleniumLibrary">
<msg time="2025-11-29T15:30:15.393006" level="INFO">Typing text 'Doe' into text field 'id=create-edit-report-last-name-input'.</msg>
<arg>${locator}</arg>
<arg>${text}</arg>
<doc>Types the given ``text`` into the text field identified by ``locator``.</doc>
<status status="PASS" start="2025-11-29T15:30:15.392628" elapsed="0.092805"/>
</kw>
<kw name="Sleep" owner="BuiltIn">
<msg time="2025-11-29T15:30:15.985928" level="INFO">Slept 500 milliseconds.</msg>
<arg>0.5s</arg>
<doc>Pauses the test executed for the given time.</doc>
<status status="PASS" start="2025-11-29T15:30:15.485624" elapsed="0.500412"/>
</kw>
<arg>id=create-edit-report-last-name-input</arg>
<arg>${last_name}</arg>
<doc>Input text with explicit focus and clearing for better reliability in CI</doc>
<status status="PASS" start="2025-11-29T15:30:14.245201" elapsed="1.740932"/>
</kw>
<arg>'${last_name}' != ''</arg>
<arg>Input Text With Focus</arg>
<arg>id=create-edit-report-last-name-input</arg>
<arg>${last_name}</arg>
<doc>Runs the given keyword with the given arguments, if ``condition`` is true.</doc>
<status status="PASS" start="2025-11-29T15:30:14.244762" elapsed="1.741423"/>
</kw>
<kw name="Run Keyword If" owner="BuiltIn">
<kw name="Input Text With Focus" owner="create_report_resource">
<kw name="Wait Until Element Is Visible" owner="SeleniumLibrary">
<arg>${locator}</arg>
<arg>30s</arg>
<doc>Waits until the element ``locator`` is visible.</doc>
<status status="PASS" start="2025-11-29T15:30:15.986973" elapsed="0.016103"/>
</kw>
<kw name="Wait Until Element Is Enabled" owner="SeleniumLibrary">
<arg>${locator}</arg>
<arg>10s</arg>
<doc>Waits until the element ``locator`` is enabled.</doc>
<status status="PASS" start="2025-11-29T15:30:16.003517" elapsed="0.012976"/>
</kw>
<kw name="Click Element" owner="SeleniumLibrary">
<msg time="2025-11-29T15:30:16.017029" level="INFO">Clicking element 'id=create-edit-report-birthday-input'.</msg>
<arg>${locator}</arg>
<doc>Click the element identified by ``locator``.</doc>
<status status="PASS" start="2025-11-29T15:30:16.016679" elapsed="0.053137"/>
</kw>
<kw name="Sleep" owner="BuiltIn">
<msg time="2025-11-29T15:30:16.570376" level="INFO">Slept 500 milliseconds.</msg>
<arg>0.5s</arg>
<doc>Pauses the test executed for the given time.</doc>
<status status="PASS" start="2025-11-29T15:30:16.070012" elapsed="0.500455"/>
</kw>
<kw name="Clear Element Text" owner="SeleniumLibrary">
<arg>${locator}</arg>
<doc>Clears the value of the text-input-element identified by ``locator``.</doc>
<status status="PASS" start="2025-11-29T15:30:16.570606" elapsed="0.021554"/>
</kw>
<kw name="Sleep" owner="BuiltIn">
<msg time="2025-11-29T15:30:17.092780" level="INFO">Slept 500 milliseconds.</msg>
<arg>0.5s</arg>
<doc>Pauses the test executed for the given time.</doc>
<status status="PASS" start="2025-11-29T15:30:16.592347" elapsed="0.500662"/>
</kw>
<kw name="Input Text" owner="SeleniumLibrary">
<msg time="2025-11-29T15:30:17.093759" level="INFO">Typing text '01/15/1990' into text field 'id=create-edit-report-birthday-input'.</msg>
<arg>${locator}</arg>
<arg>${text}</arg>
<doc>Types the given ``text`` into the text field identified by ``locator``.</doc>
<status status="PASS" start="2025-11-29T15:30:17.093475" elapsed="0.075491"/>
</kw>
<kw name="Sleep" owner="BuiltIn">
<msg time="2025-11-29T15:30:17.670118" level="INFO">Slept 500 milliseconds.</msg>
<arg>0.5s</arg>
<doc>Pauses the test executed for the given time.</doc>
<status status="PASS" start="2025-11-29T15:30:17.169153" elapsed="0.501140"/>
</kw>
<arg>id=create-edit-report-birthday-input</arg>
<arg>${birthdate}</arg>
<doc>Input text with explicit focus and clearing for better reliability in CI</doc>
<status status="PASS" start="2025-11-29T15:30:15.986703" elapsed="1.683730"/>
</kw>
<arg>'${birthdate}' != ''</arg>
<arg>Input Text With Focus</arg>
<arg>id=create-edit-report-birthday-input</arg>
<arg>${birthdate}</arg>
<doc>Runs the given keyword with the given arguments, if ``condition`` is true.</doc>
<status status="PASS" start="2025-11-29T15:30:15.986374" elapsed="1.684108"/>
</kw>
<kw name="Run Keyword If" owner="BuiltIn">
<kw name="Input Text With Focus" owner="create_report_resource">
<kw name="Wait Until Element Is Visible" owner="SeleniumLibrary">
<arg>${locator}</arg>
<arg>30s</arg>
<doc>Waits until the element ``locator`` is visible.</doc>
<status status="PASS" start="2025-11-29T15:30:17.671666" elapsed="0.016541"/>
</kw>
<kw name="Wait Until Element Is Enabled" owner="SeleniumLibrary">
<arg>${locator}</arg>
<arg>10s</arg>
<doc>Waits until the element ``locator`` is enabled.</doc>
<status status="PASS" start="2025-11-29T15:30:17.688457" elapsed="0.015058"/>
</kw>
<kw name="Click Element" owner="SeleniumLibrary">
<msg time="2025-11-29T15:30:17.703919" level="INFO">Clicking element 'id=create-edit-report-contact-number-input'.</msg>
<arg>${locator}</arg>
<doc>Click the element identified by ``locator``.</doc>
<status status="PASS" start="2025-11-29T15:30:17.703703" elapsed="0.059279"/>
</kw>
<kw name="Sleep" owner="BuiltIn">
<msg time="2025-11-29T15:30:18.263792" level="INFO">Slept 500 milliseconds.</msg>
<arg>0.5s</arg>
<doc>Pauses the test executed for the given time.</doc>
<status status="PASS" start="2025-11-29T15:30:17.763164" elapsed="0.500728"/>
</kw>
<kw name="Clear Element Text" owner="SeleniumLibrary">
<arg>${locator}</arg>
<doc>Clears the value of the text-input-element identified by ``locator``.</doc>
<status status="PASS" start="2025-11-29T15:30:18.264286" elapsed="0.033256"/>
</kw>
<kw name="Sleep" owner="BuiltIn">
<msg time="2025-11-29T15:30:18.798258" level="INFO">Slept 500 milliseconds.</msg>
<arg>0.5s</arg>
<doc>Pauses the test executed for the given time.</doc>
<status status="PASS" start="2025-11-29T15:30:18.297725" elapsed="0.500669"/>
</kw>
<kw name="Input Text" owner="SeleniumLibrary">
<msg time="2025-11-29T15:30:18.799030" level="INFO">Typing text '1234567890' into text field 'id=create-edit-report-contact-number-input'.</msg>
<arg>${locator}</arg>
<arg>${text}</arg>
<doc>Types the given ``text`` into the text field identified by ``locator``.</doc>
<status status="PASS" start="2025-11-29T15:30:18.798616" elapsed="0.136633"/>
</kw>
<kw name="Sleep" owner="BuiltIn">
<msg time="2025-11-29T15:30:19.435833" level="INFO">Slept 500 milliseconds.</msg>
<arg>0.5s</arg>
<doc>Pauses the test executed for the given time.</doc>
<status status="PASS" start="2025-11-29T15:30:18.935468" elapsed="0.500526"/>
</kw>
<arg>id=create-edit-report-contact-number-input</arg>
<arg>${contact_number}</arg>
<doc>Input text with explicit focus and clearing for better reliability in CI</doc>
<status status="PASS" start="2025-11-29T15:30:17.671337" elapsed="1.764846"/>
</kw>
<arg>'${contact_number}' != ''</arg>
<arg>Input Text With Focus</arg>
<arg>id=create-edit-report-contact-number-input</arg>
<arg>${contact_number}</arg>
<doc>Runs the given keyword with the given arguments, if ``condition`` is true.</doc>
<status status="PASS" start="2025-11-29T15:30:17.670735" elapsed="1.765532"/>
</kw>
<kw name="Wait Until Element Is Visible" owner="SeleniumLibrary">
<arg>id=react-select-create-edit-report-sex-select-input</arg>
<arg>30s</arg>
<doc>Waits until the element ``locator`` is visible.</doc>
<status status="PASS" start="2025-11-29T15:30:19.436429" elapsed="0.022053"/>
</kw>
<kw name="Wait Until Element Is Enabled" owner="SeleniumLibrary">
<arg>id=react-select-create-edit-report-sex-select-input</arg>
<arg>10s</arg>
<doc>Waits until the element ``locator`` is enabled.</doc>
<status status="PASS" start="2025-11-29T15:30:19.458991" elapsed="0.022940"/>
</kw>
<kw name="Click Element" owner="SeleniumLibrary">
<msg time="2025-11-29T15:30:19.482483" level="INFO">Clicking element 'id=react-select-create-edit-report-sex-select-input'.</msg>
<arg>id=react-select-create-edit-report-sex-select-input</arg>
<doc>Click the element identified by ``locator``.</doc>
<status status="PASS" start="2025-11-29T15:30:19.482176" elapsed="0.060904"/>
</kw>
<kw name="Sleep" owner="BuiltIn">
<msg time="2025-11-29T15:30:21.544252" level="INFO">Slept 2 seconds.</msg>
<arg>2s</arg>
<doc>Pauses the test executed for the given time.</doc>
<status status="PASS" start="2025-11-29T15:30:19.543257" elapsed="2.001133"/>
</kw>
<kw name="Press Keys" owner="SeleniumLibrary">
<msg time="2025-11-29T15:30:21.545110" level="INFO">Sending key(s) ('ARROW_DOWN',) to id=react-select-create-edit-report-sex-select-input element.</msg>
<msg time="2025-11-29T15:30:21.817941" level="INFO">Pressing special key ARROW_DOWN to element.</msg>
<msg time="2025-11-29T15:30:21.818009" level="INFO">Releasing special key ARROW_DOWN.</msg>
<arg>id=react-select-create-edit-report-sex-select-input</arg>
<arg>ARROW_DOWN</arg>
<doc>Simulates the user pressing key(s) to an element or on the active browser.</doc>
<status status="PASS" start="2025-11-29T15:30:21.544727" elapsed="0.281920"/>
</kw>
<kw name="Sleep" owner="BuiltIn">
<msg time="2025-11-29T15:30:22.827267" level="INFO">Slept 1 second.</msg>
<arg>1s</arg>
<doc>Pauses the test executed for the given time.</doc>
<status status="PASS" start="2025-11-29T15:30:21.826895" elapsed="1.000502"/>
</kw>
<kw name="Press Keys" owner="SeleniumLibrary">
<msg time="2025-11-29T15:30:22.827960" level="INFO">Sending key(s) ('RETURN',) to id=react-select-create-edit-report-sex-select-input element.</msg>
<msg time="2025-11-29T15:30:23.112281" level="INFO">Pressing special key RETURN to element.</msg>
<msg time="2025-11-29T15:30:23.112350" level="INFO">Releasing special key RETURN.</msg>
<arg>id=react-select-create-edit-report-sex-select-input</arg>
<arg>RETURN</arg>
<doc>Simulates the user pressing key(s) to an element or on the active browser.</doc>
<status status="PASS" start="2025-11-29T15:30:22.827599" elapsed="0.300313"/>
</kw>
<kw name="Sleep" owner="BuiltIn">
<msg time="2025-11-29T15:30:24.128686" level="INFO">Slept 1 second.</msg>
<arg>1s</arg>
<doc>Pauses the test executed for the given time.</doc>
<status status="PASS" start="2025-11-29T15:30:23.128090" elapsed="1.000700"/>
</kw>
<kw name="Run Keyword If" owner="BuiltIn">
<kw name="Input Text With Focus" owner="create_report_resource">
<kw name="Wait Until Element Is Visible" owner="SeleniumLibrary">
<arg>${locator}</arg>
<arg>30s</arg>
<doc>Waits until the element ``locator`` is visible.</doc>
<status status="PASS" start="2025-11-29T15:30:24.129621" elapsed="0.019717"/>
</kw>
<kw name="Wait Until Element Is Enabled" owner="SeleniumLibrary">
<arg>${locator}</arg>
<arg>10s</arg>
<doc>Waits until the element ``locator`` is enabled.</doc>
<status status="PASS" start="2025-11-29T15:30:24.149489" elapsed="0.018331"/>
</kw>
<kw name="Click Element" owner="SeleniumLibrary">
<msg time="2025-11-29T15:30:24.168266" level="INFO">Clicking element 'id=create-edit-report-title-input'.</msg>
<arg>${locator}</arg>
<doc>Click the element identified by ``locator``.</doc>
<status status="PASS" start="2025-11-29T15:30:24.168031" elapsed="0.060084"/>
</kw>
<kw name="Sleep" owner="BuiltIn">
<msg time="2025-11-29T15:30:24.729214" level="INFO">Slept 500 milliseconds.</msg>
<arg>0.5s</arg>
<doc>Pauses the test executed for the given time.</doc>
<status status="PASS" start="2025-11-29T15:30:24.228305" elapsed="0.501082"/>
</kw>
<kw name="Clear Element Text" owner="SeleniumLibrary">
<arg>${locator}</arg>
<doc>Clears the value of the text-input-element identified by ``locator``.</doc>
<status status="PASS" start="2025-11-29T15:30:24.729652" elapsed="0.037856"/>
</kw>
<kw name="Sleep" owner="BuiltIn">
<msg time="2025-11-29T15:30:25.268541" level="INFO">Slept 500 milliseconds.</msg>
<arg>0.5s</arg>
<doc>Pauses the test executed for the given time.</doc>
<status status="PASS" start="2025-11-29T15:30:24.767736" elapsed="0.500925"/>
</kw>
<kw name="Input Text" owner="SeleniumLibrary">
<msg time="2025-11-29T15:30:25.269145" level="INFO">Typing text '[E2E_TEST] Report Title' into text field 'id=create-edit-report-title-input'.</msg>
<arg>${locator}</arg>
<arg>${text}</arg>
<doc>Types the given ``text`` into the text field identified by ``locator``.</doc>
<status status="PASS" start="2025-11-29T15:30:25.268829" elapsed="0.203561"/>
</kw>
<kw name="Sleep" owner="BuiltIn">
<msg time="2025-11-29T15:30:25.973019" level="INFO">Slept 500 milliseconds.</msg>
<arg>0.5s</arg>
<doc>Pauses the test executed for the given time.</doc>
<status status="PASS" start="2025-11-29T15:30:25.472569" elapsed="0.500664"/>
</kw>
<arg>id=create-edit-report-title-input</arg>
<arg>${report_title}</arg>
<doc>Input text with explicit focus and clearing for better reliability in CI</doc>
<status status="PASS" start="2025-11-29T15:30:24.129307" elapsed="1.844166"/>
</kw>
<arg>'${report_title}' != ''</arg>
<arg>Input Text With Focus</arg>
<arg>id=create-edit-report-title-input</arg>
<arg>${report_title}</arg>
<doc>Runs the given keyword with the given arguments, if ``condition`` is true.</doc>
<status status="PASS" start="2025-11-29T15:30:24.128979" elapsed="1.844624"/>
</kw>
<kw name="Run Keyword If" owner="BuiltIn">
<kw name="Input Text With Focus" owner="create_report_resource">
<kw name="Wait Until Element Is Visible" owner="SeleniumLibrary">
<arg>${locator}</arg>
<arg>30s</arg>
<doc>Waits until the element ``locator`` is visible.</doc>
<status status="PASS" start="2025-11-29T15:30:25.975162" elapsed="0.014277"/>
</kw>
<kw name="Wait Until Element Is Enabled" owner="SeleniumLibrary">
<arg>${locator}</arg>
<arg>10s</arg>
<doc>Waits until the element ``locator`` is enabled.</doc>
<status status="PASS" start="2025-11-29T15:30:25.989730" elapsed="0.012905"/>
</kw>
<kw name="Click Element" owner="SeleniumLibrary">
<msg time="2025-11-29T15:30:26.002946" level="INFO">Clicking element 'id=create-edit-report-description-textarea'.</msg>
<arg>${locator}</arg>
<doc>Click the element identified by ``locator``.</doc>
<status status="PASS" start="2025-11-29T15:30:26.002777" elapsed="0.039284"/>
</kw>
<kw name="Sleep" owner="BuiltIn">
<msg time="2025-11-29T15:30:26.543119" level="INFO">Slept 500 milliseconds.</msg>
<arg>0.5s</arg>
<doc>Pauses the test executed for the given time.</doc>
<status status="PASS" start="2025-11-29T15:30:26.042190" elapsed="0.501387"/>
</kw>
<kw name="Clear Element Text" owner="SeleniumLibrary">
<arg>${locator}</arg>
<doc>Clears the value of the text-input-element identified by ``locator``.</doc>
<status status="PASS" start="2025-11-29T15:30:26.543833" elapsed="0.025011"/>
</kw>
<kw name="Sleep" owner="BuiltIn">
<msg time="2025-11-29T15:30:27.069549" level="INFO">Slept 500 milliseconds.</msg>
<arg>0.5s</arg>
<doc>Pauses the test executed for the given time.</doc>
<status status="PASS" start="2025-11-29T15:30:26.568977" elapsed="0.500680"/>
</kw>
<kw name="Input Text" owner="SeleniumLibrary">
<msg time="2025-11-29T15:30:27.070065" level="INFO">Typing text 'This is a normal report description.' into text field 'id=create-edit-report-description-textarea'.</msg>
<arg>${locator}</arg>
<arg>${text}</arg>
<doc>Types the given ``text`` into the text field identified by ``locator``.</doc>
<status status="PASS" start="2025-11-29T15:30:27.069833" elapsed="0.304198"/>
</kw>
<kw name="Sleep" owner="BuiltIn">
<msg time="2025-11-29T15:30:27.875005" level="INFO">Slept 500 milliseconds.</msg>
<arg>0.5s</arg>
<doc>Pauses the test executed for the given time.</doc>
<status status="PASS" start="2025-11-29T15:30:27.374182" elapsed="0.500987"/>
</kw>
<arg>id=create-edit-report-description-textarea</arg>
<arg>${report_description}</arg>
<doc>Input text with explicit focus and clearing for better reliability in CI</doc>
<status status="PASS" start="2025-11-29T15:30:25.974743" elapsed="1.900607"/>
</kw>
<arg>'${report_description}' != ''</arg>
<arg>Input Text With Focus</arg>
<arg>id=create-edit-report-description-textarea</arg>
<arg>${report_description}</arg>
<doc>Runs the given keyword with the given arguments, if ``condition`` is true.</doc>
<status status="PASS" start="2025-11-29T15:30:25.973900" elapsed="1.901565"/>
</kw>
<kw name="Wait Until Element Is Visible" owner="SeleniumLibrary">
<arg>id=react-select-create-edit-report-language-select-input</arg>
<arg>30s</arg>
<doc>Waits until the element ``locator`` is visible.</doc>
<status status="PASS" start="2025-11-29T15:30:27.875710" elapsed="0.014084"/>
</kw>
<kw name="Wait Until Element Is Enabled" owner="SeleniumLibrary">
<arg>id=react-select-create-edit-report-language-select-input</arg>
<arg>10s</arg>
<doc>Waits until the element ``locator`` is enabled.</doc>
<status status="PASS" start="2025-11-29T15:30:27.890125" elapsed="0.013461"/>
</kw>
<kw name="Click Element" owner="SeleniumLibrary">
<msg time="2025-11-29T15:30:27.903849" level="INFO">Clicking element 'id=react-select-create-edit-report-language-select-input'.</msg>
<arg>id=react-select-create-edit-report-language-select-input</arg>
<doc>Click the element identified by ``locator``.</doc>
<status status="PASS" start="2025-11-29T15:30:27.903720" elapsed="0.050552"/>
</kw>
<kw name="Sleep" owner="BuiltIn">
<msg time="2025-11-29T15:30:29.954737" level="INFO">Slept 2 seconds.</msg>
<arg>2s</arg>
<doc>Pauses the test executed for the given time.</doc>
<status status="PASS" start="2025-11-29T15:30:27.954406" elapsed="2.000467"/>
</kw>
<kw name="Press Keys" owner="SeleniumLibrary">
<msg time="2025-11-29T15:30:29.955472" level="INFO">Sending key(s) ('English',) to id=react-select-create-edit-report-language-select-input element.</msg>
<msg time="2025-11-29T15:30:30.245967" level="INFO">Sending keys English</msg>
<arg>id=react-select-create-edit-report-language-select-input</arg>
<arg>English</arg>
<doc>Simulates the user pressing key(s) to an element or on the active browser.</doc>
<status status="PASS" start="2025-11-29T15:30:29.955081" elapsed="0.320532"/>
</kw>
<kw name="Sleep" owner="BuiltIn">
<msg time="2025-11-29T15:30:31.276625" level="INFO">Slept 1 second.</msg>
<arg>1s</arg>
<doc>Pauses the test executed for the given time.</doc>
<status status="PASS" start="2025-11-29T15:30:30.275738" elapsed="1.001426"/>
</kw>
<kw name="Press Keys" owner="SeleniumLibrary">
<msg time="2025-11-29T15:30:31.278432" level="INFO">Sending key(s) ('RETURN',) to id=react-select-create-edit-report-language-select-input element.</msg>
<msg time="2025-11-29T15:30:31.569408" level="INFO">Pressing special key RETURN to element.</msg>
<msg time="2025-11-29T15:30:31.569465" level="INFO">Releasing special key RETURN.</msg>
<arg>id=react-select-create-edit-report-language-select-input</arg>
<arg>RETURN</arg>
<doc>Simulates the user pressing key(s) to an element or on the active browser.</doc>
<status status="PASS" start="2025-11-29T15:30:31.277591" elapsed="0.301280"/>
</kw>
<kw name="Sleep" owner="BuiltIn">
<msg time="2025-11-29T15:30:32.579509" level="INFO">Slept 1 second.</msg>
<arg>1s</arg>
<doc>Pauses the test executed for the given time.</doc>
<status status="PASS" start="2025-11-29T15:30:31.578999" elapsed="1.000675"/>
</kw>
<kw name="Wait Until Element Is Visible" owner="SeleniumLibrary">
<arg>id=react-select-create-edit-report-therapy-type-select-input</arg>
<arg>30s</arg>
<doc>Waits until the element ``locator`` is visible.</doc>
<status status="PASS" start="2025-11-29T15:30:32.579904" elapsed="0.022490"/>
</kw>
<kw name="Wait Until Element Is Enabled" owner="SeleniumLibrary">
<arg>id=react-select-create-edit-report-therapy-type-select-input</arg>
<arg>10s</arg>
<doc>Waits until the element ``locator`` is enabled.</doc>
<status status="PASS" start="2025-11-29T15:30:32.602525" elapsed="0.017934"/>
</kw>
<kw name="Click Element" owner="SeleniumLibrary">
<msg time="2025-11-29T15:30:32.620714" level="INFO">Clicking element 'id=react-select-create-edit-report-therapy-type-select-input'.</msg>
<arg>id=react-select-create-edit-report-therapy-type-select-input</arg>
<doc>Click the element identified by ``locator``.</doc>
<status status="PASS" start="2025-11-29T15:30:32.620588" elapsed="0.047791"/>
</kw>
<kw name="Sleep" owner="BuiltIn">
<msg time="2025-11-29T15:30:34.668866" level="INFO">Slept 2 seconds.</msg>
<arg>2s</arg>
<doc>Pauses the test executed for the given time.</doc>
<status status="PASS" start="2025-11-29T15:30:32.668524" elapsed="2.000434"/>
</kw>
<kw name="Press Keys" owner="SeleniumLibrary">
<msg time="2025-11-29T15:30:34.669351" level="INFO">Sending key(s) ('ARROW_DOWN',) to id=react-select-create-edit-report-therapy-type-select-input element.</msg>
<msg time="2025-11-29T15:30:34.940061" level="INFO">Pressing special key ARROW_DOWN to element.</msg>
<msg time="2025-11-29T15:30:34.940116" level="INFO">Releasing special key ARROW_DOWN.</msg>
<arg>id=react-select-create-edit-report-therapy-type-select-input</arg>
<arg>ARROW_DOWN</arg>
<doc>Simulates the user pressing key(s) to an element or on the active browser.</doc>
<status status="PASS" start="2025-11-29T15:30:34.669094" elapsed="0.282105"/>
</kw>
<kw name="Sleep" owner="BuiltIn">
<msg time="2025-11-29T15:30:35.951793" level="INFO">Slept 1 second.</msg>
<arg>1s</arg>
<doc>Pauses the test executed for the given time.</doc>
<status status="PASS" start="2025-11-29T15:30:34.951379" elapsed="1.000649"/>
</kw>
<kw name="Press Keys" owner="SeleniumLibrary">
<msg time="2025-11-29T15:30:35.952895" level="INFO">Sending key(s) ('RETURN',) to id=react-select-create-edit-report-therapy-type-select-input element.</msg>
<msg time="2025-11-29T15:30:36.245661" level="INFO">Pressing special key RETURN to element.</msg>
<msg time="2025-11-29T15:30:36.245750" level="INFO">Releasing special key RETURN.</msg>
<arg>id=react-select-create-edit-report-therapy-type-select-input</arg>
<arg>RETURN</arg>
<doc>Simulates the user pressing key(s) to an element or on the active browser.</doc>
<status status="PASS" start="2025-11-29T15:30:35.952337" elapsed="0.305218"/>
</kw>
<kw name="Sleep" owner="BuiltIn">
<msg time="2025-11-29T15:30:37.258191" level="INFO">Slept 1 second.</msg>
<arg>1s</arg>
<doc>Pauses the test executed for the given time.</doc>
<status status="PASS" start="2025-11-29T15:30:36.257712" elapsed="1.000673"/>
</kw>
<kw name="Run Keyword If" owner="BuiltIn">
<kw name="Wait Until Element Is Visible" owner="SeleniumLibrary">
<arg>css=.bn-inline-content</arg>
<arg>30s</arg>
<doc>Waits until the element ``locator`` is visible.</doc>
<status status="PASS" start="2025-11-29T15:30:37.258810" elapsed="0.014943"/>
</kw>
<arg>'${report_content}' != ''</arg>
<arg>Wait Until Element Is Visible</arg>
<arg>css=.bn-inline-content</arg>
<arg>30s</arg>
<doc>Runs the given keyword with the given arguments, if ``condition`` is true.</doc>
<status status="PASS" start="2025-11-29T15:30:37.258565" elapsed="0.015256"/>
</kw>
<kw name="Run Keyword If" owner="BuiltIn">
<kw name="Wait Until Element Is Enabled" owner="SeleniumLibrary">
<arg>css=.bn-inline-content</arg>
<arg>10s</arg>
<doc>Waits until the element ``locator`` is enabled.</doc>
<status status="PASS" start="2025-11-29T15:30:37.274109" elapsed="0.015770"/>
</kw>
<arg>'${report_content}' != ''</arg>
<arg>Wait Until Element Is Enabled</arg>
<arg>css=.bn-inline-content</arg>
<arg>10s</arg>
<doc>Runs the given keyword with the given arguments, if ``condition`` is true.</doc>
<status status="PASS" start="2025-11-29T15:30:37.273927" elapsed="0.016030"/>
</kw>
<kw name="Run Keyword If" owner="BuiltIn">
<kw name="Click Element" owner="SeleniumLibrary">
<msg time="2025-11-29T15:30:37.290425" level="INFO">Clicking element 'css=.bn-inline-content'.</msg>
<arg>css=.bn-inline-content</arg>
<doc>Click the element identified by ``locator``.</doc>
<status status="PASS" start="2025-11-29T15:30:37.290300" elapsed="0.086326"/>
</kw>
<arg>'${report_content}' != ''</arg>
<arg>Click Element</arg>
<arg>css=.bn-inline-content</arg>
<doc>Runs the given keyword with the given arguments, if ``condition`` is true.</doc>
<status status="PASS" start="2025-11-29T15:30:37.290084" elapsed="0.086617"/>
</kw>
<kw name="Run Keyword If" owner="BuiltIn">
<kw name="Sleep" owner="BuiltIn">
<msg time="2025-11-29T15:30:39.377621" level="INFO">Slept 2 seconds.</msg>
<arg>2s</arg>
<doc>Pauses the test executed for the given time.</doc>
<status status="PASS" start="2025-11-29T15:30:37.377005" elapsed="2.000742"/>
</kw>
<arg>'${report_content}' != ''</arg>
<arg>Sleep</arg>
<arg>2s</arg>
<doc>Runs the given keyword with the given arguments, if ``condition`` is true.</doc>
<status status="PASS" start="2025-11-29T15:30:37.376814" elapsed="2.001008"/>
</kw>
<kw name="Run Keyword If" owner="BuiltIn">
<kw name="Input Text" owner="SeleniumLibrary">
<msg time="2025-11-29T15:30:39.378350" level="INFO">Typing text 'This is normal report content for the therapy session.' into text field 'css=.bn-inline-content'.</msg>
<arg>css=.bn-inline-content</arg>
<arg>${report_content}</arg>
<doc>Types the given ``text`` into the text field identified by ``locator``.</doc>
<status status="PASS" start="2025-11-29T15:30:39.378211" elapsed="0.345935"/>
</kw>
<arg>'${report_content}' != ''</arg>
<arg>Input Text</arg>
<arg>css=.bn-inline-content</arg>
<arg>${report_content}</arg>
<doc>Runs the given keyword with the given arguments, if ``condition`` is true.</doc>
<status status="PASS" start="2025-11-29T15:30:39.377978" elapsed="0.346238"/>
</kw>
<kw name="Run Keyword If" owner="BuiltIn">
<kw name="Sleep" owner="BuiltIn">
<msg time="2025-11-29T15:30:40.724844" level="INFO">Slept 1 second.</msg>
<arg>1s</arg>
<doc>Pauses the test executed for the given time.</doc>
<status status="PASS" start="2025-11-29T15:30:39.724501" elapsed="1.000444"/>
</kw>
<arg>'${report_content}' != ''</arg>
<arg>Sleep</arg>
<arg>1s</arg>
<doc>Runs the given keyword with the given arguments, if ``condition`` is true.</doc>
<status status="PASS" start="2025-11-29T15:30:39.724318" elapsed="1.000706"/>
</kw>
<kw name="Wait Until Element Is Visible" owner="SeleniumLibrary">
<arg>id=create-edit-report-submit-btn</arg>
<arg>30s</arg>
<doc>Waits until the element ``locator`` is visible.</doc>
<status status="PASS" start="2025-11-29T15:30:40.725162" elapsed="0.012267"/>
</kw>
<kw name="Wait Until Element Is Enabled" owner="SeleniumLibrary">
<arg>id=create-edit-report-submit-btn</arg>
<arg>10s</arg>
<doc>Waits until the element ``locator`` is enabled.</doc>
<status status="PASS" start="2025-11-29T15:30:40.737604" elapsed="0.010220"/>
</kw>
<kw name="Scroll Element Into View" owner="SeleniumLibrary">
<arg>id=create-edit-report-submit-btn</arg>
<doc>Scrolls the element identified by ``locator`` into view.</doc>
<status status="PASS" start="2025-11-29T15:30:40.747940" elapsed="0.284601"/>
</kw>
<kw name="Sleep" owner="BuiltIn">
<msg time="2025-11-29T15:30:43.033385" level="INFO">Slept 2 seconds.</msg>
<arg>2s</arg>
<doc>Pauses the test executed for the given time.</doc>
<status status="PASS" start="2025-11-29T15:30:41.032703" elapsed="2.000803"/>
</kw>
<kw name="Execute Javascript" owner="SeleniumLibrary">
<msg time="2025-11-29T15:30:43.033917" level="INFO">Executing JavaScript:
document.getElementById('create-edit-report-submit-btn').scrollIntoView()
Without any arguments.</msg>
<arg>document.getElementById('create-edit-report-submit-btn').scrollIntoView()</arg>
<doc>Executes the given JavaScript code with possible arguments.</doc>
<status status="PASS" start="2025-11-29T15:30:43.033650" elapsed="0.007219"/>
</kw>
<kw name="Sleep" owner="BuiltIn">
<msg time="2025-11-29T15:30:44.041599" level="INFO">Slept 1 second.</msg>
<arg>1s</arg>
<doc>Pauses the test executed for the given time.</doc>
<status status="PASS" start="2025-11-29T15:30:43.041010" elapsed="1.000718"/>
</kw>
<kw name="Execute Javascript" owner="SeleniumLibrary">
<msg time="2025-11-29T15:30:44.042399" level="INFO">Executing JavaScript:
document.getElementById('create-edit-report-submit-btn').click()
Without any arguments.</msg>
<arg>document.getElementById('create-edit-report-submit-btn').click()</arg>
<doc>Executes the given JavaScript code with possible arguments.</doc>
<status status="PASS" start="2025-11-29T15:30:44.041913" elapsed="0.012508"/>
</kw>
<kw name="Sleep" owner="BuiltIn">
<msg time="2025-11-29T15:30:49.055026" level="INFO">Slept 5 seconds.</msg>
<arg>5s</arg>
<doc>Pauses the test executed for the given time.</doc>
<status status="PASS" start="2025-11-29T15:30:44.054553" elapsed="5.000591"/>
</kw>
<kw name="Run Keyword And Ignore Error" owner="BuiltIn">
<kw name="Click Element" owner="SeleniumLibrary">
<msg time="2025-11-29T15:30:49.055565" level="INFO">Clicking element 'id=create-edit-report-submit-btn'.</msg>
<msg time="2025-11-29T15:30:49.150904" level="INFO" html="true">&lt;/td&gt;&lt;/tr&gt;&lt;tr&gt;&lt;td colspan="3"&gt;&lt;a href="selenium-screenshot-82.png"&gt;&lt;img src="selenium-screenshot-82.png" width="800px"&gt;&lt;/a&gt;</msg>
<msg time="2025-11-29T15:30:49.151059" level="FAIL">Element with locator 'id=create-edit-report-submit-btn' not found.</msg>
<arg>id=create-edit-report-submit-btn</arg>
<doc>Click the element identified by ``locator``.</doc>
<status status="FAIL" start="2025-11-29T15:30:49.055422" elapsed="0.100847">Element with locator 'id=create-edit-report-submit-btn' not found.</status>
</kw>
<arg>Click Element</arg>
<arg>id=create-edit-report-submit-btn</arg>
<doc>Runs the given keyword with the given arguments and ignores possible error.</doc>
<status status="PASS" start="2025-11-29T15:30:49.055290" elapsed="0.101080"/>
</kw>
<kw name="Sleep" owner="BuiltIn">
<msg time="2025-11-29T15:30:59.157462" level="INFO">Slept 10 seconds.</msg>
<arg>10s</arg>
<doc>Pauses the test executed for the given time.</doc>
<status status="PASS" start="2025-11-29T15:30:49.156473" elapsed="10.001366"/>
</kw>
<arg>John</arg>
<arg>Doe</arg>
<arg>01/15/1990</arg>
<arg>1234567890</arg>
<arg>[E2E_TEST] Report Title</arg>
<arg>This is a normal report description.</arg>
<arg>This is normal report content for the therapy session.</arg>
<status status="PASS" start="2025-11-29T15:30:04.871395" elapsed="54.286731"/>
</kw>
<kw name="Verify Report Created Successfully" owner="create_report_resource">
<kw name="Sleep" owner="BuiltIn">
<msg time="2025-11-29T15:31:04.160626" level="INFO">Slept 5 seconds.</msg>
<arg>5s</arg>
<doc>Pauses the test executed for the given time.</doc>
<status status="PASS" start="2025-11-29T15:30:59.159655" elapsed="5.001074"/>
</kw>
<kw name="Wait Until Page Does Not Contain" owner="SeleniumLibrary">
<arg>Patient Details</arg>
<arg>60s</arg>
<doc>Waits until ``text`` disappears from the current page.</doc>
<status status="PASS" start="2025-11-29T15:31:04.160874" elapsed="0.007383"/>
</kw>
<kw name="Wait Until Page Does Not Contain" owner="SeleniumLibrary">
<arg>Report Details</arg>
<arg>30s</arg>
<doc>Waits until ``text`` disappears from the current page.</doc>
<status status="PASS" start="2025-11-29T15:31:04.168404" elapsed="0.005582"/>
</kw>
<kw name="Wait Until Page Does Not Contain" owner="SeleniumLibrary">
<arg>Report Content</arg>
<arg>30s</arg>
<doc>Waits until ``text`` disappears from the current page.</doc>
<status status="PASS" start="2025-11-29T15:31:04.174110" elapsed="0.005570"/>
</kw>
<kw name="Wait Until Page Does Not Contain Element" owner="SeleniumLibrary">
<arg>id=create-edit-report-submit-btn</arg>
<arg>30s</arg>
<doc>Waits until the element ``locator`` disappears from the current page.</doc>
<status status="PASS" start="2025-11-29T15:31:04.179805" elapsed="0.003207"/>
</kw>
<status status="PASS" start="2025-11-29T15:30:59.159288" elapsed="5.023804"/>
</kw>
<kw name="Close Browser Safely" owner="create_report_resource">
<kw name="Run Keyword And Ignore Error" owner="BuiltIn">
<kw name="Close Browser" owner="SeleniumLibrary">
<doc>Closes the current browser.</doc>
<status status="PASS" start="2025-11-29T15:31:04.183595" elapsed="2.094725"/>
</kw>
<arg>Close Browser</arg>
<doc>Runs the given keyword with the given arguments and ignores possible error.</doc>
<status status="PASS" start="2025-11-29T15:31:04.183502" elapsed="2.094893"/>
</kw>
<status status="PASS" start="2025-11-29T15:31:04.183321" elapsed="2.095123"/>
</kw>
<kw name="Cleanup All E2E Test Data" owner="create_report_resource">
<kw name="Log" owner="BuiltIn">
<msg time="2025-11-29T15:31:06.279308" level="INFO">Starting E2E test data cleanup...</msg>
<arg>Starting E2E test data cleanup...</arg>
<doc>Logs the given message with the given level.</doc>
<status status="PASS" start="2025-11-29T15:31:06.279235" elapsed="0.000105"/>
</kw>
<kw name="Set Variable" owner="BuiltIn">
<msg time="2025-11-29T15:31:06.279548" level="INFO">${script_path} = C:\Users\marie\OneDrive\Documents\GitHub\sharerapy\tests\robot\e2e\report\..\..\..\scripts\cleanup-e2e-test-data.js</msg>
<var>${script_path}</var>
<arg>C:\\Users\\marie\\OneDrive\\Documents\\GitHub\\sharerapy\\tests\\robot\\e2e\\report${/}..${/}..${/}..${/}scripts${/}cleanup-e2e-test-data.js</arg>
<doc>Returns the given values which can then be assigned to a variables.</doc>
<status status="PASS" start="2025-11-29T15:31:06.279404" elapsed="0.000159"/>
</kw>
<kw name="Set Variable" owner="BuiltIn">
<msg time="2025-11-29T15:31:06.279729" level="INFO">${workspace_path} = C:\Users\marie\OneDrive\Documents\GitHub\sharerapy\tests\robot\e2e\report\..\..\..\..</msg>
<var>${workspace_path}</var>
<arg>C:\\Users\\marie\\OneDrive\\Documents\\GitHub\\sharerapy\\tests\\robot\\e2e\\report${/}..${/}..${/}..${/}..</arg>
<doc>Returns the given values which can then be assigned to a variables.</doc>
<status status="PASS" start="2025-11-29T15:31:06.279624" elapsed="0.000119"/>
</kw>
<kw name="Run Process" owner="Process">
<msg time="2025-11-29T15:31:06.279926" level="INFO">Starting process:
node C:\Users\marie\OneDrive\Documents\GitHub\sharerapy\tests\robot\e2e\report\..\..\..\scripts\cleanup-e2e-test-data.js</msg>
<msg time="2025-11-29T15:31:06.285620" level="INFO">Waiting for process to complete.</msg>
<msg time="2025-11-29T15:31:07.247968" level="INFO">Process completed.</msg>
<msg time="2025-11-29T15:31:07.248090" level="INFO">${result} = &lt;result object with rc 0&gt;</msg>
<var>${result}</var>
<arg>node</arg>
<arg>${script_path}</arg>
<arg>cwd=${workspace_path}</arg>
<arg>shell=True</arg>
<doc>Runs a process and waits for it to complete.</doc>
<status status="PASS" start="2025-11-29T15:31:06.279797" elapsed="0.968312"/>
</kw>
<kw name="Log" owner="BuiltIn">
<msg time="2025-11-29T15:31:07.248915" level="INFO">Cleanup script output: [dotenv@17.2.3] injecting env (4) from .env.local -- tip: ≡ƒöä add secrets lifecycle management: https://dotenvx.com/ops
Environment loaded from: .env.local
Starting E2E test data cleanup...
Cleaning up test reports...
Cleanup completed! Deleted 0 test records total.</msg>
<arg>Cleanup script output: ${result.stdout}</arg>
<doc>Logs the given message with the given level.</doc>
<status status="PASS" start="2025-11-29T15:31:07.248520" elapsed="0.000438"/>
</kw>
<kw name="Run Keyword If" owner="BuiltIn">
<arg>${result.rc} != 0</arg>
<arg>Log</arg>
<arg>Cleanup script failed with exit code ${result.rc}. Error: ${result.stderr}</arg>
<arg>WARN</arg>
<doc>Runs the given keyword with the given arguments, if ``condition`` is true.</doc>
<status status="PASS" start="2025-11-29T15:31:07.249043" elapsed="0.000282"/>
</kw>
<kw name="Run Keyword If" owner="BuiltIn">
<arg>${result.rc} != 0</arg>
<arg>Log</arg>
<arg>Continuing test execution despite cleanup failure...</arg>
<arg>WARN</arg>
<doc>Runs the given keyword with the given arguments, if ``condition`` is true.</doc>
<status status="PASS" start="2025-11-29T15:31:07.249397" elapsed="0.000233"/>
</kw>
<doc>Run the Node.js cleanup script to remove all E2E test data from Supabase</doc>
<status status="PASS" start="2025-11-29T15:31:06.279051" elapsed="0.970626"/>
</kw>
<doc>This test creates a report with normal valid data</doc>
<status status="PASS" start="2025-11-29T15:29:52.084666" elapsed="75.165328"/>
</test>
<test id="s1-t2" name="Create Report - Title Over 100 Characters" line="21">
<kw name="Open Sharerapy Login Page" owner="create_report_resource">
<kw name="Open Browser" owner="SeleniumLibrary">
<msg time="2025-11-29T15:31:07.251065" level="INFO">Opening browser 'Chrome' to base url 'https://sharerapy-staging.vercel.app/'.</msg>
<arg>${URL}</arg>
<arg>${BROWSER}</arg>
<arg>options=add_argument("--headless");add_argument("--no-sandbox");add_argument("--disable-dev-shm-usage");add_argument("--disable-gpu");add_argument("--window-size=1920,1080");add_argument("--disable-web-security");add_argument("--allow-running-insecure-content");add_argument("--disable-password-manager-reauthentication");add_argument("--disable-features=VizDisplayCompositor");add_argument("--disable-notifications");add_argument("--disable-infobars")</arg>
<doc>Opens a new browser instance to the optional ``url``.</doc>
<status status="PASS" start="2025-11-29T15:31:07.250927" elapsed="3.967161"/>
</kw>
<kw name="Set Window Size" owner="SeleniumLibrary">
<arg>1920</arg>
<arg>1080</arg>
<doc>Sets current windows size to given ``width`` and ``height``.</doc>
<status status="PASS" start="2025-11-29T15:31:11.218331" elapsed="0.002106"/>
</kw>
<status status="PASS" start="2025-11-29T15:31:07.250779" elapsed="3.969732"/>
</kw>
<kw name="Login With Valid Credentials" owner="create_report_resource">
<kw name="Input Text" owner="SeleniumLibrary">
<msg time="2025-11-29T15:31:11.221062" level="INFO">Typing text 'e2e@email.com' into text field 'css=input[type="email"]'.</msg>
<arg>css=input[type="email"]</arg>
<arg>${VALID_USERNAME}</arg>
<doc>Types the given ``text`` into the text field identified by ``locator``.</doc>
<status status="PASS" start="2025-11-29T15:31:11.220930" elapsed="0.077950"/>
</kw>
<kw name="Input Text" owner="SeleniumLibrary">
<msg time="2025-11-29T15:31:11.299268" level="INFO">Typing text 'mariel' into text field 'css=input[type="password"]'.</msg>
<arg>css=input[type="password"]</arg>
<arg>${VALID_PASSWORD}</arg>
<doc>Types the given ``text`` into the text field identified by ``locator``.</doc>
<status status="PASS" start="2025-11-29T15:31:11.299062" elapsed="0.047171"/>
</kw>
<kw name="Click Element" owner="SeleniumLibrary">
<msg time="2025-11-29T15:31:11.346536" level="INFO">Clicking element 'css=button[type="submit"]'.</msg>
<arg>css=button[type="submit"]</arg>
<doc>Click the element identified by ``locator``.</doc>
<status status="PASS" start="2025-11-29T15:31:11.346389" elapsed="0.039526"/>
</kw>
<status status="PASS" start="2025-11-29T15:31:11.220758" elapsed="0.165249"/>
</kw>
<kw name="Should See Landing Page" owner="create_report_resource">
<kw name="Wait Until Page Contains" owner="SeleniumLibrary">
<arg>Share Knowledge</arg>
<arg>30s</arg>
<doc>Waits until ``text`` appears on the current page.</doc>
<status status="PASS" start="2025-11-29T15:31:11.386427" elapsed="2.090092"/>
</kw>
<status status="PASS" start="2025-11-29T15:31:11.386229" elapsed="2.090384"/>
</kw>
<kw name="Click Reports From Landing" owner="create_report_resource">
<kw name="Wait Until Page Contains" owner="SeleniumLibrary">
<arg>Reports</arg>
<arg>30s</arg>
<doc>Waits until ``text`` appears on the current page.</doc>
<status status="PASS" start="2025-11-29T15:31:13.477273" elapsed="0.006782"/>
</kw>
<kw name="Sleep" owner="BuiltIn">
<msg time="2025-11-29T15:31:16.485481" level="INFO">Slept 3 seconds.</msg>
<arg>3s</arg>
<doc>Pauses the test executed for the given time.</doc>
<status status="PASS" start="2025-11-29T15:31:13.484187" elapsed="3.001387"/>
</kw>
<kw name="Execute Javascript" owner="SeleniumLibrary">
<msg time="2025-11-29T15:31:16.486012" level="INFO">Executing JavaScript:
document.getElementById('landing-reports-btn').click()
Without any arguments.</msg>
<arg>document.getElementById('landing-reports-btn').click()</arg>
<doc>Executes the given JavaScript code with possible arguments.</doc>
<status status="PASS" start="2025-11-29T15:31:16.485710" elapsed="0.005430"/>
</kw>
<status status="PASS" start="2025-11-29T15:31:13.477005" elapsed="3.014219"/>
</kw>
<kw name="Should See Reports Page" owner="create_report_resource">
<kw name="Wait Until Page Contains" owner="SeleniumLibrary">
<arg>Create Report</arg>
<arg>30s</arg>
<doc>Waits until ``text`` appears on the current page.</doc>
<status status="PASS" start="2025-11-29T15:31:16.491629" elapsed="2.689466"/>
</kw>
<status status="PASS" start="2025-11-29T15:31:16.491455" elapsed="2.689730"/>
</kw>
<kw name="Click Create Report" owner="create_report_resource">
<kw name="Wait Until Element Is Visible" owner="SeleniumLibrary">
<arg>id=sidebar-create-report-link</arg>
<arg>30s</arg>
<doc>Waits until the element ``locator`` is visible.</doc>
<status status="PASS" start="2025-11-29T15:31:19.181778" elapsed="0.011871"/>
</kw>
<kw name="Execute Javascript" owner="SeleniumLibrary">
<msg time="2025-11-29T15:31:19.194037" level="INFO">Executing JavaScript:
document.getElementById('sidebar-create-report-link').click()
Without any arguments.</msg>
<arg>document.getElementById('sidebar-create-report-link').click()</arg>
<doc>Executes the given JavaScript code with possible arguments.</doc>
<status status="PASS" start="2025-11-29T15:31:19.193790" elapsed="0.008461"/>
</kw>
<kw name="Sleep" owner="BuiltIn">
<msg time="2025-11-29T15:31:21.202979" level="INFO">Slept 2 seconds.</msg>
<arg>2s</arg>
<doc>Pauses the test executed for the given time.</doc>
<status status="PASS" start="2025-11-29T15:31:19.202411" elapsed="2.000747"/>
</kw>
<status status="PASS" start="2025-11-29T15:31:19.181583" elapsed="2.021731"/>
</kw>
<kw name="Input Report Details With Data" owner="create_report_resource">
<kw name="Wait Until Page Contains" owner="SeleniumLibrary">
<arg>Patient Details</arg>
<arg>30s</arg>
<doc>Waits until ``text`` appears on the current page.</doc>
<status status="PASS" start="2025-11-29T15:31:21.204593" elapsed="0.009541"/>
</kw>
<kw name="Sleep" owner="BuiltIn">
<msg time="2025-11-29T15:31:24.214697" level="INFO">Slept 3 seconds.</msg>
<arg>3s</arg>
<doc>Pauses the test executed for the given time.</doc>
<status status="PASS" start="2025-11-29T15:31:21.214269" elapsed="3.000512"/>
</kw>
<kw name="Wait Until Element Is Visible" owner="SeleniumLibrary">
<arg>id=react-select-create-edit-report-country-select-input</arg>
<arg>30s</arg>
<doc>Waits until the element ``locator`` is visible.</doc>
<status status="PASS" start="2025-11-29T15:31:24.214976" elapsed="0.011620"/>
</kw>
<kw name="Wait Until Element Is Enabled" owner="SeleniumLibrary">
<arg>id=react-select-create-edit-report-country-select-input</arg>
<arg>10s</arg>
<doc>Waits until the element ``locator`` is enabled.</doc>
<status status="PASS" start="2025-11-29T15:31:24.226735" elapsed="0.011538"/>
</kw>
<kw name="Click Element" owner="SeleniumLibrary">
<msg time="2025-11-29T15:31:24.238576" level="INFO">Clicking element 'id=react-select-create-edit-report-country-select-input'.</msg>
<arg>id=react-select-create-edit-report-country-select-input</arg>
<doc>Click the element identified by ``locator``.</doc>
<status status="PASS" start="2025-11-29T15:31:24.238427" elapsed="0.044560"/>
</kw>
<kw name="Sleep" owner="BuiltIn">
<msg time="2025-11-29T15:31:26.283987" level="INFO">Slept 2 seconds.</msg>
<arg>2s</arg>
<doc>Pauses the test executed for the given time.</doc>
<status status="PASS" start="2025-11-29T15:31:24.283125" elapsed="2.000976"/>
</kw>
<kw name="Press Keys" owner="SeleniumLibrary">
<msg time="2025-11-29T15:31:26.284528" level="INFO">Sending key(s) ('ARROW_DOWN',) to id=react-select-create-edit-report-country-select-input element.</msg>
<msg time="2025-11-29T15:31:26.570811" level="INFO">Pressing special key ARROW_DOWN to element.</msg>
<msg time="2025-11-29T15:31:26.570885" level="INFO">Releasing special key ARROW_DOWN.</msg>
<arg>id=react-select-create-edit-report-country-select-input</arg>
<arg>ARROW_DOWN</arg>
<doc>Simulates the user pressing key(s) to an element or on the active browser.</doc>
<status status="PASS" start="2025-11-29T15:31:26.284250" elapsed="0.297297"/>
</kw>
<kw name="Sleep" owner="BuiltIn">
<msg time="2025-11-29T15:31:27.582505" level="INFO">Slept 1 second.</msg>
<arg>1s</arg>
<doc>Pauses the test executed for the given time.</doc>
<status status="PASS" start="2025-11-29T15:31:26.581681" elapsed="1.000961"/>
</kw>
<kw name="Press Keys" owner="SeleniumLibrary">
<msg time="2025-11-29T15:31:27.583414" level="INFO">Sending key(s) ('RETURN',) to id=react-select-create-edit-report-country-select-input element.</msg>
<msg time="2025-11-29T15:31:27.853337" level="INFO">Pressing special key RETURN to element.</msg>
<msg time="2025-11-29T15:31:27.853396" level="INFO">Releasing special key RETURN.</msg>
<arg>id=react-select-create-edit-report-country-select-input</arg>
<arg>RETURN</arg>
<doc>Simulates the user pressing key(s) to an element or on the active browser.</doc>
<status status="PASS" start="2025-11-29T15:31:27.582898" elapsed="0.284905"/>
</kw>
<kw name="Sleep" owner="BuiltIn">
<msg time="2025-11-29T15:31:28.868704" level="INFO">Slept 1 second.</msg>
<arg>1s</arg>
<doc>Pauses the test executed for the given time.</doc>
<status status="PASS" start="2025-11-29T15:31:27.867942" elapsed="1.000858"/>
</kw>
<kw name="Run Keyword If" owner="BuiltIn">
<kw name="Input Text With Focus" owner="create_report_resource">
<kw name="Wait Until Element Is Visible" owner="SeleniumLibrary">
<arg>${locator}</arg>
<arg>30s</arg>
<doc>Waits until the element ``locator`` is visible.</doc>
<status status="PASS" start="2025-11-29T15:31:28.869643" elapsed="0.016725"/>
</kw>
<kw name="Wait Until Element Is Enabled" owner="SeleniumLibrary">
<arg>${locator}</arg>
<arg>10s</arg>
<doc>Waits until the element ``locator`` is enabled.</doc>
<status status="PASS" start="2025-11-29T15:31:28.886502" elapsed="0.010979"/>
</kw>
<kw name="Click Element" owner="SeleniumLibrary">
<msg time="2025-11-29T15:31:28.897767" level="INFO">Clicking element 'id=create-edit-report-first-name-input'.</msg>
<arg>${locator}</arg>
<doc>Click the element identified by ``locator``.</doc>
<status status="PASS" start="2025-11-29T15:31:28.897615" elapsed="0.039846"/>
</kw>
<kw name="Sleep" owner="BuiltIn">
<msg time="2025-11-29T15:31:29.438275" level="INFO">Slept 500 milliseconds.</msg>
<arg>0.5s</arg>
<doc>Pauses the test executed for the given time.</doc>
<status status="PASS" start="2025-11-29T15:31:28.937756" elapsed="0.500650"/>
</kw>
<kw name="Clear Element Text" owner="SeleniumLibrary">
<arg>${locator}</arg>
<doc>Clears the value of the text-input-element identified by ``locator``.</doc>
<status status="PASS" start="2025-11-29T15:31:29.438596" elapsed="0.022668"/>
</kw>
<kw name="Sleep" owner="BuiltIn">
<msg time="2025-11-29T15:31:29.961832" level="INFO">Slept 500 milliseconds.</msg>
<arg>0.5s</arg>
<doc>Pauses the test executed for the given time.</doc>
<status status="PASS" start="2025-11-29T15:31:29.461412" elapsed="0.500673"/>
</kw>
<kw name="Input Text" owner="SeleniumLibrary">
<msg time="2025-11-29T15:31:29.963131" level="INFO">Typing text 'John' into text field 'id=create-edit-report-first-name-input'.</msg>
<arg>${locator}</arg>
<arg>${text}</arg>
<doc>Types the given ``text`` into the text field identified by ``locator``.</doc>
<status status="PASS" start="2025-11-29T15:31:29.962510" elapsed="0.068234"/>
</kw>
<kw name="Sleep" owner="BuiltIn">
<msg time="2025-11-29T15:31:30.531411" level="INFO">Slept 500 milliseconds.</msg>
<arg>0.5s</arg>
<doc>Pauses the test executed for the given time.</doc>
<status status="PASS" start="2025-11-29T15:31:30.030873" elapsed="0.500653"/>
</kw>
<arg>id=create-edit-report-first-name-input</arg>
<arg>${first_name}</arg>
<doc>Input text with explicit focus and clearing for better reliability in CI</doc>
<status status="PASS" start="2025-11-29T15:31:28.869461" elapsed="1.662164"/>
</kw>
<arg>'${first_name}' != ''</arg>
<arg>Input Text With Focus</arg>
<arg>id=create-edit-report-first-name-input</arg>
<arg>${first_name}</arg>
<doc>Runs the given keyword with the given arguments, if ``condition`` is true.</doc>
<status status="PASS" start="2025-11-29T15:31:28.869172" elapsed="1.662494"/>
</kw>
<kw name="Run Keyword If" owner="BuiltIn">
<kw name="Input Text With Focus" owner="create_report_resource">
<kw name="Wait Until Element Is Visible" owner="SeleniumLibrary">
<arg>${locator}</arg>
<arg>30s</arg>
<doc>Waits until the element ``locator`` is visible.</doc>
<status status="PASS" start="2025-11-29T15:31:30.532194" elapsed="0.011225"/>
</kw>
<kw name="Wait Until Element Is Enabled" owner="SeleniumLibrary">
<arg>${locator}</arg>
<arg>10s</arg>
<doc>Waits until the element ``locator`` is enabled.</doc>
<status status="PASS" start="2025-11-29T15:31:30.543563" elapsed="0.013192"/>
</kw>
<kw name="Click Element" owner="SeleniumLibrary">
<msg time="2025-11-29T15:31:30.557060" level="INFO">Clicking element 'id=create-edit-report-last-name-input'.</msg>
<arg>${locator}</arg>
<doc>Click the element identified by ``locator``.</doc>
<status status="PASS" start="2025-11-29T15:31:30.556891" elapsed="0.040801"/>
</kw>
<kw name="Sleep" owner="BuiltIn">
<msg time="2025-11-29T15:31:31.098246" level="INFO">Slept 500 milliseconds.</msg>
<arg>0.5s</arg>
<doc>Pauses the test executed for the given time.</doc>
<status status="PASS" start="2025-11-29T15:31:30.597854" elapsed="0.500496"/>
</kw>
<kw name="Clear Element Text" owner="SeleniumLibrary">
<arg>${locator}</arg>
<doc>Clears the value of the text-input-element identified by ``locator``.</doc>
<status status="PASS" start="2025-11-29T15:31:31.098497" elapsed="0.025167"/>
</kw>
<kw name="Sleep" owner="BuiltIn">
<msg time="2025-11-29T15:31:31.624857" level="INFO">Slept 500 milliseconds.</msg>
<arg>0.5s</arg>
<doc>Pauses the test executed for the given time.</doc>
<status status="PASS" start="2025-11-29T15:31:31.123847" elapsed="0.501448"/>
</kw>
<kw name="Input Text" owner="SeleniumLibrary">
<msg time="2025-11-29T15:31:31.626164" level="INFO">Typing text 'Doe' into text field 'id=create-edit-report-last-name-input'.</msg>
<arg>${locator}</arg>
<arg>${text}</arg>
<doc>Types the given ``text`` into the text field identified by ``locator``.</doc>
<status status="PASS" start="2025-11-29T15:31:31.625717" elapsed="0.067092"/>
</kw>
<kw name="Sleep" owner="BuiltIn">
<msg time="2025-11-29T15:31:32.193745" level="INFO">Slept 500 milliseconds.</msg>
<arg>0.5s</arg>
<doc>Pauses the test executed for the given time.</doc>
<status status="PASS" start="2025-11-29T15:31:31.693058" elapsed="0.500824"/>
</kw>
<arg>id=create-edit-report-last-name-input</arg>
<arg>${last_name}</arg>
<doc>Input text with explicit focus and clearing for better reliability in CI</doc>
<status status="PASS" start="2025-11-29T15:31:30.532010" elapsed="1.661992"/>
</kw>
<arg>'${last_name}' != ''</arg>
<arg>Input Text With Focus</arg>
<arg>id=create-edit-report-last-name-input</arg>
<arg>${last_name}</arg>
<doc>Runs the given keyword with the given arguments, if ``condition`` is true.</doc>
<status status="PASS" start="2025-11-29T15:31:30.531778" elapsed="1.662558"/>
</kw>
<kw name="Run Keyword If" owner="BuiltIn">
<kw name="Input Text With Focus" owner="create_report_resource">
<kw name="Wait Until Element Is Visible" owner="SeleniumLibrary">
<arg>${locator}</arg>
<arg>30s</arg>
<doc>Waits until the element ``locator`` is visible.</doc>
<status status="PASS" start="2025-11-29T15:31:32.194919" elapsed="0.010691"/>
</kw>
<kw name="Wait Until Element Is Enabled" owner="SeleniumLibrary">
<arg>${locator}</arg>
<arg>10s</arg>
<doc>Waits until the element ``locator`` is enabled.</doc>
<status status="PASS" start="2025-11-29T15:31:32.205746" elapsed="0.011520"/>
</kw>
<kw name="Click Element" owner="SeleniumLibrary">
<msg time="2025-11-29T15:31:32.217555" level="INFO">Clicking element 'id=create-edit-report-birthday-input'.</msg>
<arg>${locator}</arg>
<doc>Click the element identified by ``locator``.</doc>
<status status="PASS" start="2025-11-29T15:31:32.217403" elapsed="0.035820"/>
</kw>
<kw name="Sleep" owner="BuiltIn">
<msg time="2025-11-29T15:31:32.754044" level="INFO">Slept 500 milliseconds.</msg>
<arg>0.5s</arg>
<doc>Pauses the test executed for the given time.</doc>
<status status="PASS" start="2025-11-29T15:31:32.253363" elapsed="0.500780"/>
</kw>
<kw name="Clear Element Text" owner="SeleniumLibrary">
<arg>${locator}</arg>
<doc>Clears the value of the text-input-element identified by ``locator``.</doc>
<status status="PASS" start="2025-11-29T15:31:32.754289" elapsed="0.023570"/>
</kw>
<kw name="Sleep" owner="BuiltIn">
<msg time="2025-11-29T15:31:33.278338" level="INFO">Slept 500 milliseconds.</msg>
<arg>0.5s</arg>
<doc>Pauses the test executed for the given time.</doc>
<status status="PASS" start="2025-11-29T15:31:32.778060" elapsed="0.500449"/>
</kw>
<kw name="Input Text" owner="SeleniumLibrary">
<msg time="2025-11-29T15:31:33.278865" level="INFO">Typing text '01/15/1990' into text field 'id=create-edit-report-birthday-input'.</msg>
<arg>${locator}</arg>
<arg>${text}</arg>
<doc>Types the given ``text`` into the text field identified by ``locator``.</doc>
<status status="PASS" start="2025-11-29T15:31:33.278666" elapsed="0.089406"/>
</kw>
<kw name="Sleep" owner="BuiltIn">
<msg time="2025-11-29T15:31:33.868821" level="INFO">Slept 500 milliseconds.</msg>
<arg>0.5s</arg>
<doc>Pauses the test executed for the given time.</doc>
<status status="PASS" start="2025-11-29T15:31:33.368268" elapsed="0.500705"/>
</kw>
<arg>id=create-edit-report-birthday-input</arg>
<arg>${birthdate}</arg>
<doc>Input text with explicit focus and clearing for better reliability in CI</doc>
<status status="PASS" start="2025-11-29T15:31:32.194724" elapsed="1.674403"/>
</kw>
<arg>'${birthdate}' != ''</arg>
<arg>Input Text With Focus</arg>
<arg>id=create-edit-report-birthday-input</arg>
<arg>${birthdate}</arg>
<doc>Runs the given keyword with the given arguments, if ``condition`` is true.</doc>
<status status="PASS" start="2025-11-29T15:31:32.194489" elapsed="1.674754"/>
</kw>
<kw name="Run Keyword If" owner="BuiltIn">
<kw name="Input Text With Focus" owner="create_report_resource">
<kw name="Wait Until Element Is Visible" owner="SeleniumLibrary">
<arg>${locator}</arg>
<arg>30s</arg>
<doc>Waits until the element ``locator`` is visible.</doc>
<status status="PASS" start="2025-11-29T15:31:33.870445" elapsed="0.018789"/>
</kw>
<kw name="Wait Until Element Is Enabled" owner="SeleniumLibrary">
<arg>${locator}</arg>
<arg>10s</arg>
<doc>Waits until the element ``locator`` is enabled.</doc>
<status status="PASS" start="2025-11-29T15:31:33.889466" elapsed="0.019502"/>
</kw>
<kw name="Click Element" owner="SeleniumLibrary">
<msg time="2025-11-29T15:31:33.909602" level="INFO">Clicking element 'id=create-edit-report-contact-number-input'.</msg>
<arg>${locator}</arg>
<doc>Click the element identified by ``locator``.</doc>
<status status="PASS" start="2025-11-29T15:31:33.909228" elapsed="0.057801"/>
</kw>
<kw name="Sleep" owner="BuiltIn">
<msg time="2025-11-29T15:31:34.467764" level="INFO">Slept 500 milliseconds.</msg>
<arg>0.5s</arg>
<doc>Pauses the test executed for the given time.</doc>
<status status="PASS" start="2025-11-29T15:31:33.967244" elapsed="0.500626"/>
</kw>
<kw name="Clear Element Text" owner="SeleniumLibrary">
<arg>${locator}</arg>
<doc>Clears the value of the text-input-element identified by ``locator``.</doc>
<status status="PASS" start="2025-11-29T15:31:34.468074" elapsed="0.031681"/>
</kw>
<kw name="Sleep" owner="BuiltIn">
<msg time="2025-11-29T15:31:35.000244" level="INFO">Slept 500 milliseconds.</msg>
<arg>0.5s</arg>
<doc>Pauses the test executed for the given time.</doc>
<status status="PASS" start="2025-11-29T15:31:34.499966" elapsed="0.500374"/>
</kw>
<kw name="Input Text" owner="SeleniumLibrary">
<msg time="2025-11-29T15:31:35.000660" level="INFO">Typing text '1234567890' into text field 'id=create-edit-report-contact-number-input'.</msg>
<arg>${locator}</arg>
<arg>${text}</arg>
<doc>Types the given ``text`` into the text field identified by ``locator``.</doc>
<status status="PASS" start="2025-11-29T15:31:35.000480" elapsed="0.120134"/>
</kw>
<kw name="Sleep" owner="BuiltIn">
<msg time="2025-11-29T15:31:35.621546" level="INFO">Slept 500 milliseconds.</msg>
<arg>0.5s</arg>
<doc>Pauses the test executed for the given time.</doc>
<status status="PASS" start="2025-11-29T15:31:35.120800" elapsed="0.500984"/>
</kw>
<arg>id=create-edit-report-contact-number-input</arg>
<arg>${contact_number}</arg>
<doc>Input text with explicit focus and clearing for better reliability in CI</doc>
<status status="PASS" start="2025-11-29T15:31:33.870052" elapsed="1.751994"/>
</kw>
<arg>'${contact_number}' != ''</arg>
<arg>Input Text With Focus</arg>
<arg>id=create-edit-report-contact-number-input</arg>
<arg>${contact_number}</arg>
<doc>Runs the given keyword with the given arguments, if ``condition`` is true.</doc>
<status status="PASS" start="2025-11-29T15:31:33.869487" elapsed="1.752714"/>
</kw>
<kw name="Wait Until Element Is Visible" owner="SeleniumLibrary">
<arg>id=react-select-create-edit-report-sex-select-input</arg>
<arg>30s</arg>
<doc>Waits until the element ``locator`` is visible.</doc>
<status status="PASS" start="2025-11-29T15:31:35.622591" elapsed="0.013143"/>
</kw>
<kw name="Wait Until Element Is Enabled" owner="SeleniumLibrary">
<arg>id=react-select-create-edit-report-sex-select-input</arg>
<arg>10s</arg>
<doc>Waits until the element ``locator`` is enabled.</doc>
<status status="PASS" start="2025-11-29T15:31:35.635921" elapsed="0.009847"/>
</kw>
<kw name="Click Element" owner="SeleniumLibrary">
<msg time="2025-11-29T15:31:35.646100" level="INFO">Clicking element 'id=react-select-create-edit-report-sex-select-input'.</msg>
<arg>id=react-select-create-edit-report-sex-select-input</arg>
<doc>Click the element identified by ``locator``.</doc>
<status status="PASS" start="2025-11-29T15:31:35.645904" elapsed="0.038845"/>
</kw>
<kw name="Sleep" owner="BuiltIn">
<msg time="2025-11-29T15:31:37.685853" level="INFO">Slept 2 seconds.</msg>
<arg>2s</arg>
<doc>Pauses the test executed for the given time.</doc>
<status status="PASS" start="2025-11-29T15:31:35.684891" elapsed="2.001243"/>
</kw>
<kw name="Press Keys" owner="SeleniumLibrary">
<msg time="2025-11-29T15:31:37.687183" level="INFO">Sending key(s) ('ARROW_DOWN',) to id=react-select-create-edit-report-sex-select-input element.</msg>
<msg time="2025-11-29T15:31:37.962648" level="INFO">Pressing special key ARROW_DOWN to element.</msg>
<msg time="2025-11-29T15:31:37.962702" level="INFO">Releasing special key ARROW_DOWN.</msg>
<arg>id=react-select-create-edit-report-sex-select-input</arg>
<arg>ARROW_DOWN</arg>
<doc>Simulates the user pressing key(s) to an element or on the active browser.</doc>
<status status="PASS" start="2025-11-29T15:31:37.686800" elapsed="0.281479"/>
</kw>
<kw name="Sleep" owner="BuiltIn">
<msg time="2025-11-29T15:31:38.968892" level="INFO">Slept 1 second.</msg>
<arg>1s</arg>
<doc>Pauses the test executed for the given time.</doc>
<status status="PASS" start="2025-11-29T15:31:37.968408" elapsed="1.000742"/>
</kw>
<kw name="Press Keys" owner="SeleniumLibrary">
<msg time="2025-11-29T15:31:38.970692" level="INFO">Sending key(s) ('RETURN',) to id=react-select-create-edit-report-sex-select-input element.</msg>
<msg time="2025-11-29T15:31:39.237429" level="INFO">Pressing special key RETURN to element.</msg>
<msg time="2025-11-29T15:31:39.237498" level="INFO">Releasing special key RETURN.</msg>
<arg>id=react-select-create-edit-report-sex-select-input</arg>
<arg>RETURN</arg>
<doc>Simulates the user pressing key(s) to an element or on the active browser.</doc>
<status status="PASS" start="2025-11-29T15:31:38.969602" elapsed="0.277501"/>
</kw>
<kw name="Sleep" owner="BuiltIn">
<msg time="2025-11-29T15:31:40.247938" level="INFO">Slept 1 second.</msg>
<arg>1s</arg>
<doc>Pauses the test executed for the given time.</doc>
<status status="PASS" start="2025-11-29T15:31:39.247235" elapsed="1.000982"/>
</kw>
<kw name="Run Keyword If" owner="BuiltIn">
<kw name="Input Text With Focus" owner="create_report_resource">
<kw name="Wait Until Element Is Visible" owner="SeleniumLibrary">
<arg>${locator}</arg>
<arg>30s</arg>
<doc>Waits until the element ``locator`` is visible.</doc>
<status status="PASS" start="2025-11-29T15:31:40.250547" elapsed="0.015201"/>
</kw>
<kw name="Wait Until Element Is Enabled" owner="SeleniumLibrary">
<arg>${locator}</arg>
<arg>10s</arg>
<doc>Waits until the element ``locator`` is enabled.</doc>
<status status="PASS" start="2025-11-29T15:31:40.265931" elapsed="0.009770"/>
</kw>
<kw name="Click Element" owner="SeleniumLibrary">
<msg time="2025-11-29T15:31:40.276804" level="INFO">Clicking element 'id=create-edit-report-title-input'.</msg>
<arg>${locator}</arg>
<doc>Click the element identified by ``locator``.</doc>
<status status="PASS" start="2025-11-29T15:31:40.276408" elapsed="0.037793"/>
</kw>
<kw name="Sleep" owner="BuiltIn">
<msg time="2025-11-29T15:31:40.814767" level="INFO">Slept 500 milliseconds.</msg>
<arg>0.5s</arg>
<doc>Pauses the test executed for the given time.</doc>
<status status="PASS" start="2025-11-29T15:31:40.314333" elapsed="0.500525"/>
</kw>
<kw name="Clear Element Text" owner="SeleniumLibrary">
<arg>${locator}</arg>
<doc>Clears the value of the text-input-element identified by ``locator``.</doc>
<status status="PASS" start="2025-11-29T15:31:40.815018" elapsed="0.020736"/>
</kw>
<kw name="Sleep" owner="BuiltIn">
<msg time="2025-11-29T15:31:41.336813" level="INFO">Slept 500 milliseconds.</msg>
<arg>0.5s</arg>
<doc>Pauses the test executed for the given time.</doc>
<status status="PASS" start="2025-11-29T15:31:40.836036" elapsed="0.500885"/>
</kw>
<kw name="Input Text" owner="SeleniumLibrary">
<msg time="2025-11-29T15:31:41.337296" level="INFO">Typing text '[E2E_TEST] This is a very long title that definitely exceeds one hundred characters and should test the maximum length validation for the title field in the form' into text field 'id=create-edit-report-title-input'.</msg>
<arg>${locator}</arg>
<arg>${text}</arg>
<doc>Types the given ``text`` into the text field identified by ``locator``.</doc>
<status status="PASS" start="2025-11-29T15:31:41.337084" elapsed="0.712895"/>
</kw>
<kw name="Sleep" owner="BuiltIn">
<msg time="2025-11-29T15:31:42.550846" level="INFO">Slept 500 milliseconds.</msg>
<arg>0.5s</arg>
<doc>Pauses the test executed for the given time.</doc>
<status status="PASS" start="2025-11-29T15:31:42.050141" elapsed="0.500833"/>
</kw>
<arg>id=create-edit-report-title-input</arg>
<arg>${report_title}</arg>
<doc>Input text with explicit focus and clearing for better reliability in CI</doc>
<status status="PASS" start="2025-11-29T15:31:40.249867" elapsed="2.301200"/>
</kw>
<arg>'${report_title}' != ''</arg>
<arg>Input Text With Focus</arg>
<arg>id=create-edit-report-title-input</arg>
<arg>${report_title}</arg>
<doc>Runs the given keyword with the given arguments, if ``condition`` is true.</doc>
<status status="PASS" start="2025-11-29T15:31:40.248970" elapsed="2.302136"/>
</kw>
<kw name="Run Keyword If" owner="BuiltIn">
<kw name="Input Text With Focus" owner="create_report_resource">
<kw name="Wait Until Element Is Visible" owner="SeleniumLibrary">
<arg>${locator}</arg>
<arg>30s</arg>
<doc>Waits until the element ``locator`` is visible.</doc>
<status status="PASS" start="2025-11-29T15:31:42.551792" elapsed="0.022836"/>
</kw>
<kw name="Wait Until Element Is Enabled" owner="SeleniumLibrary">
<arg>${locator}</arg>
<arg>10s</arg>
<doc>Waits until the element ``locator`` is enabled.</doc>
<status status="PASS" start="2025-11-29T15:31:42.574894" elapsed="0.024316"/>
</kw>
<kw name="Click Element" owner="SeleniumLibrary">
<msg time="2025-11-29T15:31:42.599638" level="INFO">Clicking element 'id=create-edit-report-description-textarea'.</msg>
<arg>${locator}</arg>
<doc>Click the element identified by ``locator``.</doc>
<status status="PASS" start="2025-11-29T15:31:42.599445" elapsed="0.069696"/>
</kw>
<kw name="Sleep" owner="BuiltIn">
<msg time="2025-11-29T15:31:43.170064" level="INFO">Slept 500 milliseconds.</msg>
<arg>0.5s</arg>
<doc>Pauses the test executed for the given time.</doc>
<status status="PASS" start="2025-11-29T15:31:42.669319" elapsed="0.501041"/>
</kw>
<kw name="Clear Element Text" owner="SeleniumLibrary">
<arg>${locator}</arg>
<doc>Clears the value of the text-input-element identified by ``locator``.</doc>
<status status="PASS" start="2025-11-29T15:31:43.170837" elapsed="0.031203"/>
</kw>
<kw name="Sleep" owner="BuiltIn">
<msg time="2025-11-29T15:31:43.703096" level="INFO">Slept 500 milliseconds.</msg>
<arg>0.5s</arg>
<doc>Pauses the test executed for the given time.</doc>
<status status="PASS" start="2025-11-29T15:31:43.202300" elapsed="0.500972"/>
</kw>
<kw name="Input Text" owner="SeleniumLibrary">
<msg time="2025-11-29T15:31:43.703661" level="INFO">Typing text 'Short description.' into text field 'id=create-edit-report-description-textarea'.</msg>
<arg>${locator}</arg>
<arg>${text}</arg>
<doc>Types the given ``text`` into the text field identified by ``locator``.</doc>
<status status="PASS" start="2025-11-29T15:31:43.703464" elapsed="0.128279"/>
</kw>
<kw name="Sleep" owner="BuiltIn">
<msg time="2025-11-29T15:31:44.332354" level="INFO">Slept 500 milliseconds.</msg>
<arg>0.5s</arg>
<doc>Pauses the test executed for the given time.</doc>
<status status="PASS" start="2025-11-29T15:31:43.831989" elapsed="0.500457"/>
</kw>
<arg>id=create-edit-report-description-textarea</arg>
<arg>${report_description}</arg>
<doc>Input text with explicit focus and clearing for better reliability in CI</doc>
<status status="PASS" start="2025-11-29T15:31:42.551563" elapsed="1.780969"/>
</kw>
<arg>'${report_description}' != ''</arg>
<arg>Input Text With Focus</arg>
<arg>id=create-edit-report-description-textarea</arg>
[...]
<msg time="2025-11-29T15:31:51.350638" level="INFO">Releasing special key ARROW_DOWN.</msg>
<arg>id=react-select-create-edit-report-therapy-type-select-input</arg>
<arg>ARROW_DOWN</arg>
<doc>Simulates the user pressing key(s) to an element or on the active browser.</doc>
<status status="PASS" start="2025-11-29T15:31:51.080344" elapsed="0.276735"/>
</kw>
<kw name="Sleep" owner="BuiltIn">
<msg time="2025-11-29T15:31:52.357652" level="INFO">Slept 1 second.</msg>
<arg>1s</arg>
<doc>Pauses the test executed for the given time.</doc>
<status status="PASS" start="2025-11-29T15:31:51.357209" elapsed="1.000557"/>
</kw>
<kw name="Press Keys" owner="SeleniumLibrary">
<msg time="2025-11-29T15:31:52.358442" level="INFO">Sending key(s) ('RETURN',) to id=react-select-create-edit-report-therapy-type-select-input element.</msg>
<msg time="2025-11-29T15:31:52.643751" level="INFO">Pressing special key RETURN to element.</msg>
<msg time="2025-11-29T15:31:52.643850" level="INFO">Releasing special key RETURN.</msg>
<arg>id=react-select-create-edit-report-therapy-type-select-input</arg>
<arg>RETURN</arg>
<doc>Simulates the user pressing key(s) to an element or on the active browser.</doc>
<status status="PASS" start="2025-11-29T15:31:52.357956" elapsed="0.310265"/>
</kw>
<kw name="Sleep" owner="BuiltIn">
<msg time="2025-11-29T15:31:53.669182" level="INFO">Slept 1 second.</msg>
<arg>1s</arg>
<doc>Pauses the test executed for the given time.</doc>
<status status="PASS" start="2025-11-29T15:31:52.668393" elapsed="1.000965"/>
</kw>
<kw name="Run Keyword If" owner="BuiltIn">
<kw name="Wait Until Element Is Visible" owner="SeleniumLibrary">
<arg>css=.bn-inline-content</arg>
<arg>30s</arg>
<doc>Waits until the element ``locator`` is visible.</doc>
<status status="PASS" start="2025-11-29T15:31:53.670135" elapsed="0.023431"/>
</kw>
<arg>'${report_content}' != ''</arg>
<arg>Wait Until Element Is Visible</arg>
<arg>css=.bn-inline-content</arg>
<arg>30s</arg>
<doc>Runs the given keyword with the given arguments, if ``condition`` is true.</doc>
<status status="PASS" start="2025-11-29T15:31:53.669672" elapsed="0.023972"/>
</kw>
<kw name="Run Keyword If" owner="BuiltIn">
<kw name="Wait Until Element Is Enabled" owner="SeleniumLibrary">
<arg>css=.bn-inline-content</arg>
<arg>10s</arg>
<doc>Waits until the element ``locator`` is enabled.</doc>
<status status="PASS" start="2025-11-29T15:31:53.693938" elapsed="0.010900"/>
</kw>
<arg>'${report_content}' != ''</arg>
<arg>Wait Until Element Is Enabled</arg>
<arg>css=.bn-inline-content</arg>
<arg>10s</arg>
<doc>Runs the given keyword with the given arguments, if ``condition`` is true.</doc>
<status status="PASS" start="2025-11-29T15:31:53.693756" elapsed="0.011145"/>
</kw>
<kw name="Run Keyword If" owner="BuiltIn">
<kw name="Click Element" owner="SeleniumLibrary">
<msg time="2025-11-29T15:31:53.705467" level="INFO">Clicking element 'css=.bn-inline-content'.</msg>
<arg>css=.bn-inline-content</arg>
<doc>Click the element identified by ``locator``.</doc>
<status status="PASS" start="2025-11-29T15:31:53.705321" elapsed="0.064070"/>
</kw>
<arg>'${report_content}' != ''</arg>
<arg>Click Element</arg>
<arg>css=.bn-inline-content</arg>
<doc>Runs the given keyword with the given arguments, if ``condition`` is true.</doc>
<status status="PASS" start="2025-11-29T15:31:53.705006" elapsed="0.064454"/>
</kw>
<kw name="Run Keyword If" owner="BuiltIn">
<kw name="Sleep" owner="BuiltIn">
<msg time="2025-11-29T15:31:55.770430" level="INFO">Slept 2 seconds.</msg>
<arg>2s</arg>
<doc>Pauses the test executed for the given time.</doc>
<status status="PASS" start="2025-11-29T15:31:53.769860" elapsed="2.000727"/>
</kw>
<arg>'${report_content}' != ''</arg>
<arg>Sleep</arg>
<arg>2s</arg>
<doc>Runs the given keyword with the given arguments, if ``condition`` is true.</doc>
<status status="PASS" start="2025-11-29T15:31:53.769566" elapsed="2.001210"/>
</kw>
<kw name="Run Keyword If" owner="BuiltIn">
<kw name="Input Text" owner="SeleniumLibrary">
<msg time="2025-11-29T15:31:55.772561" level="INFO">Typing text 'Normal content.' into text field 'css=.bn-inline-content'.</msg>
<arg>css=.bn-inline-content</arg>
<arg>${report_content}</arg>
<doc>Types the given ``text`` into the text field identified by ``locator``.</doc>
<status status="PASS" start="2025-11-29T15:31:55.772020" elapsed="0.208065"/>
</kw>
<arg>'${report_content}' != ''</arg>
<arg>Input Text</arg>
<arg>css=.bn-inline-content</arg>
<arg>${report_content}</arg>
<doc>Runs the given keyword with the given arguments, if ``condition`` is true.</doc>
<status status="PASS" start="2025-11-29T15:31:55.771348" elapsed="0.208812"/>
</kw>
<kw name="Run Keyword If" owner="BuiltIn">
<kw name="Sleep" owner="BuiltIn">
<msg time="2025-11-29T15:31:56.980964" level="INFO">Slept 1 second.</msg>
<arg>1s</arg>
<doc>Pauses the test executed for the given time.</doc>
<status status="PASS" start="2025-11-29T15:31:55.980472" elapsed="1.000654"/>
</kw>
<arg>'${report_content}' != ''</arg>
<arg>Sleep</arg>
<arg>1s</arg>
<doc>Runs the given keyword with the given arguments, if ``condition`` is true.</doc>
<status status="PASS" start="2025-11-29T15:31:55.980276" elapsed="1.000993"/>
</kw>
<kw name="Wait Until Element Is Visible" owner="SeleniumLibrary">
<arg>id=create-edit-report-submit-btn</arg>
<arg>30s</arg>
<doc>Waits until the element ``locator`` is visible.</doc>
<status status="PASS" start="2025-11-29T15:31:56.981509" elapsed="0.020885"/>
</kw>
<kw name="Wait Until Element Is Enabled" owner="SeleniumLibrary">
<arg>id=create-edit-report-submit-btn</arg>
<arg>10s</arg>
<doc>Waits until the element ``locator`` is enabled.</doc>
<status status="PASS" start="2025-11-29T15:31:57.002589" elapsed="0.016213"/>
</kw>
<kw name="Scroll Element Into View" owner="SeleniumLibrary">
<arg>id=create-edit-report-submit-btn</arg>
<doc>Scrolls the element identified by ``locator`` into view.</doc>
<status status="PASS" start="2025-11-29T15:31:57.018988" elapsed="0.293058"/>
</kw>
<kw name="Sleep" owner="BuiltIn">
<msg time="2025-11-29T15:31:59.312621" level="INFO">Slept 2 seconds.</msg>
<arg>2s</arg>
<doc>Pauses the test executed for the given time.</doc>
<status status="PASS" start="2025-11-29T15:31:57.312185" elapsed="2.000585"/>
</kw>
<kw name="Execute Javascript" owner="SeleniumLibrary">
<msg time="2025-11-29T15:31:59.313535" level="INFO">Executing JavaScript:
document.getElementById('create-edit-report-submit-btn').scrollIntoView()
Without any arguments.</msg>
<arg>document.getElementById('create-edit-report-submit-btn').scrollIntoView()</arg>
<doc>Executes the given JavaScript code with possible arguments.</doc>
<status status="PASS" start="2025-11-29T15:31:59.313001" elapsed="0.009205"/>
</kw>
<kw name="Sleep" owner="BuiltIn">
<msg time="2025-11-29T15:32:00.323240" level="INFO">Slept 1 second.</msg>
<arg>1s</arg>
<doc>Pauses the test executed for the given time.</doc>
<status status="PASS" start="2025-11-29T15:31:59.322596" elapsed="1.000742"/>
</kw>
<kw name="Execute Javascript" owner="SeleniumLibrary">
<msg time="2025-11-29T15:32:00.323743" level="INFO">Executing JavaScript:
document.getElementById('create-edit-report-submit-btn').click()
Without any arguments.</msg>
<arg>document.getElementById('create-edit-report-submit-btn').click()</arg>
<doc>Executes the given JavaScript code with possible arguments.</doc>
<status status="PASS" start="2025-11-29T15:32:00.323479" elapsed="0.011506"/>
</kw>
<kw name="Sleep" owner="BuiltIn">
<msg time="2025-11-29T15:32:05.335572" level="INFO">Slept 5 seconds.</msg>
<arg>5s</arg>
<doc>Pauses the test executed for the given time.</doc>
<status status="PASS" start="2025-11-29T15:32:00.335118" elapsed="5.000546"/>
</kw>
<kw name="Run Keyword And Ignore Error" owner="BuiltIn">
<kw name="Click Element" owner="SeleniumLibrary">
<msg time="2025-11-29T15:32:05.336056" level="INFO">Clicking element 'id=create-edit-report-submit-btn'.</msg>
<msg time="2025-11-29T15:32:05.463079" level="INFO" html="true">&lt;/td&gt;&lt;/tr&gt;&lt;tr&gt;&lt;td colspan="3"&gt;&lt;a href="selenium-screenshot-83.png"&gt;&lt;img src="selenium-screenshot-83.png" width="800px"&gt;&lt;/a&gt;</msg>
<msg time="2025-11-29T15:32:05.463265" level="FAIL">Element with locator 'id=create-edit-report-submit-btn' not found.</msg>
<arg>id=create-edit-report-submit-btn</arg>
<doc>Click the element identified by ``locator``.</doc>
<status status="FAIL" start="2025-11-29T15:32:05.335941" elapsed="0.128833">Element with locator 'id=create-edit-report-submit-btn' not found.</status>
</kw>
<arg>Click Element</arg>
<arg>id=create-edit-report-submit-btn</arg>
<doc>Runs the given keyword with the given arguments and ignores possible error.</doc>
<status status="PASS" start="2025-11-29T15:32:05.335809" elapsed="0.129085"/>
</kw>
<kw name="Sleep" owner="BuiltIn">
<msg time="2025-11-29T15:32:15.465366" level="INFO">Slept 10 seconds.</msg>
<arg>10s</arg>
<doc>Pauses the test executed for the given time.</doc>
<status status="PASS" start="2025-11-29T15:32:05.465059" elapsed="10.000400"/>
</kw>
<arg>John</arg>
<arg>Doe</arg>
<arg>01/15/1990</arg>
<arg>1234567890</arg>
<arg>[E2E_TEST] This is a very long title that definitely exceeds one hundred characters and should test the maximum length validation for the title field in the form</arg>
<arg>Short description.</arg>
<arg>Normal content.</arg>
<status status="PASS" start="2025-11-29T15:31:21.204114" elapsed="54.261421"/>
</kw>
<kw name="Verify Report Created Successfully" owner="create_report_resource">
<kw name="Sleep" owner="BuiltIn">
<msg time="2025-11-29T15:32:20.466811" level="INFO">Slept 5 seconds.</msg>
<arg>5s</arg>
<doc>Pauses the test executed for the given time.</doc>
<status status="PASS" start="2025-11-29T15:32:15.466406" elapsed="5.000614"/>
</kw>
<kw name="Wait Until Page Does Not Contain" owner="SeleniumLibrary">
<arg>Patient Details</arg>
<arg>60s</arg>
<doc>Waits until ``text`` disappears from the current page.</doc>
<status status="PASS" start="2025-11-29T15:32:20.467345" elapsed="0.010821"/>
</kw>
<kw name="Wait Until Page Does Not Contain" owner="SeleniumLibrary">
<arg>Report Details</arg>
<arg>30s</arg>
<doc>Waits until ``text`` disappears from the current page.</doc>
<status status="PASS" start="2025-11-29T15:32:20.478376" elapsed="0.013671"/>
</kw>
<kw name="Wait Until Page Does Not Contain" owner="SeleniumLibrary">
<arg>Report Content</arg>
<arg>30s</arg>
<doc>Waits until ``text`` disappears from the current page.</doc>
<status status="PASS" start="2025-11-29T15:32:20.492248" elapsed="0.010392"/>
</kw>
<kw name="Wait Until Page Does Not Contain Element" owner="SeleniumLibrary">
<arg>id=create-edit-report-submit-btn</arg>
<arg>30s</arg>
<doc>Waits until the element ``locator`` disappears from the current page.</doc>
<status status="PASS" start="2025-11-29T15:32:20.502788" elapsed="0.008256"/>
</kw>
<status status="PASS" start="2025-11-29T15:32:15.466123" elapsed="5.045079"/>
</kw>
<kw name="Close Browser Safely" owner="create_report_resource">
<kw name="Run Keyword And Ignore Error" owner="BuiltIn">
<kw name="Close Browser" owner="SeleniumLibrary">
<doc>Closes the current browser.</doc>
<status status="PASS" start="2025-11-29T15:32:20.512020" elapsed="2.125638"/>
</kw>
<arg>Close Browser</arg>
<doc>Runs the given keyword with the given arguments and ignores possible error.</doc>
<status status="PASS" start="2025-11-29T15:32:20.511897" elapsed="2.125835"/>
</kw>
<status status="PASS" start="2025-11-29T15:32:20.511660" elapsed="2.126119"/>
</kw>
<kw name="Cleanup All E2E Test Data" owner="create_report_resource">
<kw name="Log" owner="BuiltIn">
<msg time="2025-11-29T15:32:22.638465" level="INFO">Starting E2E test data cleanup...</msg>
<arg>Starting E2E test data cleanup...</arg>
<doc>Logs the given message with the given level.</doc>
<status status="PASS" start="2025-11-29T15:32:22.638392" elapsed="0.000105"/>
</kw>
<kw name="Set Variable" owner="BuiltIn">
<msg time="2025-11-29T15:32:22.638836" level="INFO">${script_path} = C:\Users\marie\OneDrive\Documents\GitHub\sharerapy\tests\robot\e2e\report\..\..\..\scripts\cleanup-e2e-test-data.js</msg>
<var>${script_path}</var>
<arg>C:\\Users\\marie\\OneDrive\\Documents\\GitHub\\sharerapy\\tests\\robot\\e2e\\report${/}..${/}..${/}..${/}scripts${/}cleanup-e2e-test-data.js</arg>
<doc>Returns the given values which can then be assigned to a variables.</doc>
<status status="PASS" start="2025-11-29T15:32:22.638681" elapsed="0.000172"/>
</kw>
<kw name="Set Variable" owner="BuiltIn">
<msg time="2025-11-29T15:32:22.639022" level="INFO">${workspace_path} = C:\Users\marie\OneDrive\Documents\GitHub\sharerapy\tests\robot\e2e\report\..\..\..\..</msg>
<var>${workspace_path}</var>
<arg>C:\\Users\\marie\\OneDrive\\Documents\\GitHub\\sharerapy\\tests\\robot\\e2e\\report${/}..${/}..${/}..${/}..</arg>
<doc>Returns the given values which can then be assigned to a variables.</doc>
<status status="PASS" start="2025-11-29T15:32:22.638915" elapsed="0.000120"/>
</kw>
<kw name="Run Process" owner="Process">
<msg time="2025-11-29T15:32:22.639221" level="INFO">Starting process:
node C:\Users\marie\OneDrive\Documents\GitHub\sharerapy\tests\robot\e2e\report\..\..\..\scripts\cleanup-e2e-test-data.js</msg>
<msg time="2025-11-29T15:32:22.642317" level="INFO">Waiting for process to complete.</msg>
<msg time="2025-11-29T15:32:24.069095" level="INFO">Process completed.</msg>
<msg time="2025-11-29T15:32:24.069361" level="INFO">${result} = &lt;result object with rc 0&gt;</msg>
<var>${result}</var>
<arg>node</arg>
<arg>${script_path}</arg>
<arg>cwd=${workspace_path}</arg>
<arg>shell=True</arg>
<doc>Runs a process and waits for it to complete.</doc>
<status status="PASS" start="2025-11-29T15:32:22.639094" elapsed="1.430334"/>
</kw>
<kw name="Log" owner="BuiltIn">
<msg time="2025-11-29T15:32:24.070602" level="INFO">Cleanup script output: [dotenv@17.2.3] injecting env (4) from .env.local -- tip: ΓÜÖ∩╕Å  suppress all logs with { quiet: true }
Environment loaded from: .env.local
Starting E2E test data cleanup...
Cleaning up test reports...
Cleanup completed! Deleted 0 test records total.</msg>
<arg>Cleanup script output: ${result.stdout}</arg>
<doc>Logs the given message with the given level.</doc>
<status status="PASS" start="2025-11-29T15:32:24.069741" elapsed="0.001021"/>
</kw>
<kw name="Run Keyword If" owner="BuiltIn">
<arg>${result.rc} != 0</arg>
<arg>Log</arg>
<arg>Cleanup script failed with exit code ${result.rc}. Error: ${result.stderr}</arg>
<arg>WARN</arg>
<doc>Runs the given keyword with the given arguments, if ``condition`` is true.</doc>
<status status="PASS" start="2025-11-29T15:32:24.070994" elapsed="0.000947"/>
</kw>
<kw name="Run Keyword If" owner="BuiltIn">
<arg>${result.rc} != 0</arg>
<arg>Log</arg>
<arg>Continuing test execution despite cleanup failure...</arg>
<arg>WARN</arg>
<doc>Runs the given keyword with the given arguments, if ``condition`` is true.</doc>
<status status="PASS" start="2025-11-29T15:32:24.072220" elapsed="0.000844"/>
</kw>
<doc>Run the Node.js cleanup script to remove all E2E test data from Supabase</doc>
<status status="PASS" start="2025-11-29T15:32:22.638202" elapsed="1.435032"/>
</kw>
<doc>This test creates a report with a title exceeding the 100 character limit</doc>
<status status="PASS" start="2025-11-29T15:31:07.250433" elapsed="76.823250"/>
</test>
<test id="s1-t3" name="Create Report - Description Over 500 Characters" line="36">
<kw name="Open Sharerapy Login Page" owner="create_report_resource">
<kw name="Open Browser" owner="SeleniumLibrary">
<msg time="2025-11-29T15:32:24.074758" level="INFO">Opening browser 'Chrome' to base url 'https://sharerapy-staging.vercel.app/'.</msg>
<arg>${URL}</arg>
<arg>${BROWSER}</arg>
<arg>options=add_argument("--headless");add_argument("--no-sandbox");add_argument("--disable-dev-shm-usage");add_argument("--disable-gpu");add_argument("--window-size=1920,1080");add_argument("--disable-web-security");add_argument("--allow-running-insecure-content");add_argument("--disable-password-manager-reauthentication");add_argument("--disable-features=VizDisplayCompositor");add_argument("--disable-notifications");add_argument("--disable-infobars")</arg>
<doc>Opens a new browser instance to the optional ``url``.</doc>
<status status="PASS" start="2025-11-29T15:32:24.074623" elapsed="3.024866"/>
</kw>
<kw name="Set Window Size" owner="SeleniumLibrary">
<arg>1920</arg>
<arg>1080</arg>
<doc>Sets current windows size to given ``width`` and ``height``.</doc>
<status status="PASS" start="2025-11-29T15:32:27.099697" elapsed="0.003293"/>
</kw>
<status status="PASS" start="2025-11-29T15:32:24.074465" elapsed="3.028597"/>
</kw>
<kw name="Login With Valid Credentials" owner="create_report_resource">
<kw name="Input Text" owner="SeleniumLibrary">
<msg time="2025-11-29T15:32:27.103718" level="INFO">Typing text 'e2e@email.com' into text field 'css=input[type="email"]'.</msg>
<arg>css=input[type="email"]</arg>
<arg>${VALID_USERNAME}</arg>
<doc>Types the given ``text`` into the text field identified by ``locator``.</doc>
<status status="PASS" start="2025-11-29T15:32:27.103581" elapsed="0.107912"/>
</kw>
<kw name="Input Text" owner="SeleniumLibrary">
<msg time="2025-11-29T15:32:27.211950" level="INFO">Typing text 'mariel' into text field 'css=input[type="password"]'.</msg>
<arg>css=input[type="password"]</arg>
<arg>${VALID_PASSWORD}</arg>
<doc>Types the given ``text`` into the text field identified by ``locator``.</doc>
<status status="PASS" start="2025-11-29T15:32:27.211717" elapsed="0.086525"/>
</kw>
<kw name="Click Element" owner="SeleniumLibrary">
<msg time="2025-11-29T15:32:27.298799" level="INFO">Clicking element 'css=button[type="submit"]'.</msg>
<arg>css=button[type="submit"]</arg>
<doc>Click the element identified by ``locator``.</doc>
<status status="PASS" start="2025-11-29T15:32:27.298544" elapsed="0.058881"/>
</kw>
<status status="PASS" start="2025-11-29T15:32:27.103380" elapsed="0.254185"/>
</kw>
<kw name="Should See Landing Page" owner="create_report_resource">
<kw name="Wait Until Page Contains" owner="SeleniumLibrary">
<arg>Share Knowledge</arg>
<arg>30s</arg>
<doc>Waits until ``text`` appears on the current page.</doc>
<status status="PASS" start="2025-11-29T15:32:27.358072" elapsed="2.309360"/>
</kw>
<status status="PASS" start="2025-11-29T15:32:27.357887" elapsed="2.309629"/>
</kw>
<kw name="Click Reports From Landing" owner="create_report_resource">
<kw name="Wait Until Page Contains" owner="SeleniumLibrary">
<arg>Reports</arg>
<arg>30s</arg>
<doc>Waits until ``text`` appears on the current page.</doc>
<status status="PASS" start="2025-11-29T15:32:29.668023" elapsed="0.008025"/>
</kw>
<kw name="Sleep" owner="BuiltIn">
<msg time="2025-11-29T15:32:32.677196" level="INFO">Slept 3 seconds.</msg>
<arg>3s</arg>
<doc>Pauses the test executed for the given time.</doc>
<status status="PASS" start="2025-11-29T15:32:29.676236" elapsed="3.001075"/>
</kw>
<kw name="Execute Javascript" owner="SeleniumLibrary">
<msg time="2025-11-29T15:32:32.677742" level="INFO">Executing JavaScript:
document.getElementById('landing-reports-btn').click()
Without any arguments.</msg>
<arg>document.getElementById('landing-reports-btn').click()</arg>
<doc>Executes the given JavaScript code with possible arguments.</doc>
<status status="PASS" start="2025-11-29T15:32:32.677471" elapsed="0.009650"/>
</kw>
<status status="PASS" start="2025-11-29T15:32:29.667817" elapsed="3.019417"/>
</kw>
<kw name="Should See Reports Page" owner="create_report_resource">
<kw name="Wait Until Page Contains" owner="SeleniumLibrary">
<arg>Create Report</arg>
<arg>30s</arg>
<doc>Waits until ``text`` appears on the current page.</doc>
<status status="PASS" start="2025-11-29T15:32:32.688186" elapsed="1.930029"/>
</kw>
<status status="PASS" start="2025-11-29T15:32:32.687883" elapsed="1.930537"/>
</kw>
<kw name="Click Create Report" owner="create_report_resource">
<kw name="Wait Until Element Is Visible" owner="SeleniumLibrary">